Charm++> No provisioning arguments specified. Running with a single PE.
         Use +auto-provision to fully subscribe resources or +p1 to silence this message.
Charm++: standalone mode (not using charmrun)
Charm++> Running in Multicore mode: 1 threads (PEs)
Charm++> Using recursive bisection (scheme 3) for topology aware partitions
Converse/Charm++ Commit ID: 
CharmLB> Load balancer assumes all CPUs are same.
Charm++> Running on 1 hosts (1 sockets x 8 cores x 2 PUs = 16-way SMP)
Charm++> cpu topology info is gathered in 0.000 seconds.
CharmLB> Load balancing instrumentation for communication is off.
Info: NAMD 3.0.2 for Linux-x86_64-multicore
Info: 
Info: Please visit http://www.ks.uiuc.edu/Research/namd/
Info: for updates, documentation, and support information.
Info: 
Info: Please cite Phillips et al., J. Chem. Phys. 153:044130 (2020) doi:10.1063/5.0014475
Info: in all publications reporting results obtained with NAMD.
Info: 
Info: Based on Charm++/Converse 80000 for multicore-linux-x86_64-gcc
Info: Built Wed Aug 27 15:39:24 CDT 2025 by dhardy on athine.ks.uiuc.edu
Info: 1 NAMD  3.0.2  Linux-x86_64-multicore  1    macaco-Victus-by-HP-Laptop-16-e0xxx  macaco
Info: Running on 1 processors, 1 nodes, 1 physical nodes.
Info: CPU topology information available.
Info: Charm++/Converse parallel runtime startup completed at 0.00196117 s
CkLoopLib is used in SMP with simple dynamic scheduling (converse-level notification)
Info: 24.2461 MB of memory in use based on /proc/self/stat
Info: Configuration file is eq2.namd
Info: Working in the current directory /home/macaco/Documents/UAB/4rt any/simulacions/treball final/arxius/bionano-tutorial-files robant a exemple output/4_current
TCL: Suspending until startup complete.
Warning: Option "1-4scaling" has been deprecated. Instead use "oneFourScaling".
Info: EXTENDED SYSTEM FILE   eq1.xsc
Warning: The Langevin gamma parameters differ over the particles,
Warning: requiring extra work per step to constrain rigid bonds.
Info: SIMULATION PARAMETERS:
Info: TIMESTEP               1
Info: NUMBER OF STEPS        10000
Info: STEPS PER CYCLE        20
Info: PERIODIC CELL BASIS 1  34.1775 19.7324 0
Info: PERIODIC CELL BASIS 2  0 39.4648 0
Info: PERIODIC CELL BASIS 3  0 0 51
Info: PERIODIC CELL CENTER   0 0 0
Info: WRAPPING ALL CLUSTERS AROUND PERIODIC BOUNDARIES ON OUTPUT.
Info: WRAPPING TO IMAGE NEAREST TO PERIODIC CELL CENTER.
Info: LOAD BALANCER  Centralized
Info: LOAD BALANCING STRATEGY  New Load Balancers -- DEFAULT
Info: LDB PERIOD             4000 steps
Info: FIRST LDB TIMESTEP     100
Info: LAST LDB TIMESTEP     -1
Info: LDB BACKGROUND SCALING 1
Info: HOM BACKGROUND SCALING 1
Info: PME BACKGROUND SCALING 1
Info: MIN ATOMS PER PATCH    40
Info: EMPTY PATCH LOAD       40 ATOMS
Info: VELOCITY FILE          eq1.vel
Info: CENTER OF MASS MOVING INITIALLY? NO
Info: DIELECTRIC             1
Info: EXCLUDE                SCALED ONE-FOUR
Info: 1-4 ELECTROSTATICS SCALED BY 1
Info: MODIFIED 1-4 VDW PARAMETERS WILL BE USED
Info: DCD FILENAME           eq2.dcd
Info: DCD FREQUENCY          100
Info: DCD FIRST STEP         100
Info: DCD FILE WILL CONTAIN UNIT CELL DATA
Info: XST FILENAME           eq2.xst
Info: XST FREQUENCY          100
Info: NO VELOCITY DCD OUTPUT
Info: NO FORCE DCD OUTPUT
Info: OUTPUT FILENAME        eq2
Info: BINARY OUTPUT FILES WILL BE USED
Info: RESTART FILENAME       eq2.restart
Info: RESTART FREQUENCY      100
Info: BINARY RESTART FILES WILL BE USED
Info: SWITCHING ACTIVE
Info: SWITCHING ON           10
Info: SWITCHING OFF          12
Info: PAIRLIST DISTANCE      14
Info: PAIRLIST SHRINK RATE   0.01
Info: PAIRLIST GROW RATE     0.01
Info: PAIRLIST TRIGGER       0.3
Info: PAIRLISTS PER CYCLE    2
Info: PAIRLISTS ENABLED
Info: MARGIN                 3
Info: HYDROGEN GROUP CUTOFF  2.5
Info: PATCH DIMENSION        19.5
Info: ENERGY OUTPUT STEPS    100
Info: ENERGY EVALUATION STEPS    100
Info: OUTPUT ENERGY PRECISION 4
Info: CROSSTERM ENERGY INCLUDED IN DIHEDRAL
Info: TIMING OUTPUT STEPS    100
Info: HARMONIC CONSTRAINTS ACTIVE
Info: HARMONIC CONS EXP      2
Info: LANGEVIN DYNAMICS ACTIVE
Info: LANGEVIN TEMPERATURE   295
Info: LANGEVIN USING BBK INTEGRATOR
Info: LANGEVIN DAMPING COEFFICIENT IS 5 INVERSE PS
Info: LANGEVIN DYNAMICS NOT APPLIED TO HYDROGENS
Info: LANGEVIN PISTON PRESSURE CONTROL ACTIVE
Info:        TARGET PRESSURE IS 1.01325 BAR
Info:     OSCILLATION PERIOD IS 200 FS
Info:             DECAY TIME IS 200 FS
Info:     PISTON TEMPERATURE IS 295 K
Info:       PRESSURE CONTROL IS ATOM-BASED
Info:    INITIAL STRAIN RATE IS 0 0 0
Info:       CELL FLUCTUATION IS ANISOTROPIC
Info: PARTICLE MESH EWALD (PME) ACTIVE
Info: PME TOLERANCE               1e-06
Info: PME EWALD COEFFICIENT       0.257952
Info: PME INTERPOLATION ORDER     4
Info: PME GRID DIMENSIONS         48 48 64
Info: PME MAXIMUM GRID SPACING    1.5
Info: Attempting to read FFTW data from FFTW_NAMD_3.0.2_Linux-x86_64-multicore.txt
Info: Optimizing 6 FFT steps.  1... 2... 3... 4... 5... 6...   Done.
Info: Writing FFTW data to FFTW_NAMD_3.0.2_Linux-x86_64-multicore.txt
Info: FULL ELECTROSTATIC EVALUATION FREQUENCY      4
Info: USING VERLET I (r-RESPA) MTS SCHEME.
Info: C1 SPLITTING OF LONG RANGE ELECTROSTATICS
Info: PLACING ATOMS IN PATCHES BY HYDROGEN GROUPS
Info: NONBONDED FORCES EVALUATED EVERY 2 STEPS
Info: RANDOM NUMBER SEED     1782410232
Info: USE HYDROGEN BONDS?    NO
Info: COORDINATE PDB         pore_all.pdb
Info: STRUCTURE FILE         pore_all.psf
Info: PARAMETER file: CHARMM format! 
Info: PARAMETERS             cornell.prm
Info: PARAMETERS             par_silicon_ions_NEW5.inp
Info: USING ARITHMETIC MEAN TO COMBINE L-J SIGMA PARAMETERS
Info: BINARY COORDINATES     eq1.coor
Info: SUMMARY OF PARAMETERS:
Info: 96 BONDS
Info: 229 ANGLES
Info: 81 DIHEDRAL
Info: 31 IMPROPER
Info: 0 CROSSTERM
Info: 62 VDW
Info: 0 VDW_PAIRS
Info: 0 NBTHOLE_PAIRS
Info: TIME FOR READING PSF FILE: 0.00810111
Info: Reading pdb file pore_all.pdb
Info: TIME FOR READING PDB FILE: 0.00398704
Info: 
Info: ****************************
Info: STRUCTURE SUMMARY:
Info: 5349 ATOMS
Info: 5078 BONDS
Info: 7735 ANGLES
Info: 0 DIHEDRALS
Info: 0 IMPROPERS
Info: 0 CROSSTERMS
Info: 0 EXCLUSIONS
Info: 1758 CONSTRAINTS
Info: 16047 DEGREES OF FREEDOM
Info: 3087 HYDROGEN GROUPS
Info: 3 ATOMS IN LARGEST HYDROGEN GROUP
Info: 3087 MIGRATION GROUPS
Info: 3 ATOMS IN LARGEST MIGRATION GROUP
Info: TOTAL MASS = 62882.6 amu
Info: TOTAL CHARGE = -0.00015521 e
Info: MASS DENSITY = 1.51799 g/cm^3
Info: ATOM DENSITY = 0.0777593 atoms/A^3
Info: *****************************
Info: Reading from binary file eq1.coor
Info: 
Info: Entering startup at 0.0229947 s, 2.80826 MB of memory in use
Info: Startup phase 0 took 3.0479e-05 s, 2.80826 MB of memory in use
Info: ADDED 25959 IMPLICIT EXCLUSIONS
Info: Startup phase 1 took 0.00291407 s, 2.80826 MB of memory in use
Info: NONBONDED TABLE R-SQUARED SPACING: 0.0625
Info: NONBONDED TABLE SIZE: 769 POINTS
Info: INCONSISTENCY IN FAST TABLE ENERGY VS FORCE: 0.000325096 AT 11.9556
Info: INCONSISTENCY IN SCOR TABLE ENERGY VS FORCE: 0.000324844 AT 11.9556
Info: INCONSISTENCY IN VDWA TABLE ENERGY VS FORCE: 0.0040507 AT 0.251946
Info: INCONSISTENCY IN VDWB TABLE ENERGY VS FORCE: 0.00150189 AT 0.251946
Info: Startup phase 2 took 0.000364898 s, 2.80826 MB of memory in use
Info: Startup phase 3 took 2.3615e-05 s, 2.80826 MB of memory in use
Info: Startup phase 4 took 3.2161e-05 s, 2.80826 MB of memory in use
Info: Startup phase 5 took 2.081e-05 s, 2.80826 MB of memory in use
Info: PATCH GRID IS 1 (PERIODIC) BY 1 (PERIODIC) BY 2 (PERIODIC)
Info: PATCH GRID IS 1-AWAY BY 1-AWAY BY 1-AWAY
Info: Reading from binary file eq1.vel
Info: REMOVING COM VELOCITY -0.0733935 0.0323836 -0.0274218
Info: LARGEST PATCH (1) HAS 2676 ATOMS
Info: TORUS A SIZE 1 USING 0
Info: TORUS B SIZE 1 USING 0
Info: TORUS C SIZE 1 USING 0
Info: TORUS MINIMAL MESH SIZE IS 1 BY 1 BY 1
Info: Placed 100% of base nodes on same physical node as patch
Info: Startup phase 6 took 0.000880102 s, 2.80826 MB of memory in use
Info: PME using 1 and 1 processors for FFT and reciprocal sum.
Info: PME GRID LOCATIONS: 0
Info: PME TRANS LOCATIONS: 0
Info: PME USING 1 GRID NODES AND 1 TRANS NODES
Info: Optimizing 4 FFT steps.  1... 2... 3... 4...   Done.
Info: Startup phase 7 took 0.00034 s, 2.80826 MB of memory in use
Info: Startup phase 8 took 2.4537e-05 s, 2.80826 MB of memory in use
Info: Startup phase 9 took 1.9367e-05 s, 2.80826 MB of memory in use
Info: Startup phase 10 took 1.8796e-05 s, 2.80826 MB of memory in use
Info: Startup phase 11 took 1.9367e-05 s, 2.80826 MB of memory in use
LDB: Central LB being created...
Info: Startup phase 12 took 2.7352e-05 s, 2.80826 MB of memory in use
Info: CREATING 47 COMPUTE OBJECTS
Info: Startup phase 13 took 9.425e-05 s, 2.80826 MB of memory in use
Info: Startup phase 14 took 2.3976e-05 s, 2.80826 MB of memory in use
Info: Startup phase 15 took 2.8655e-05 s, 2.80826 MB of memory in use
Info: Finished startup at 0.0278571 s, 2.80826 MB of memory in use

ETITLE:      TS           BOND          ANGLE          DIHED          IMPRP               ELECT            VDW       BOUNDARY           MISC        KINETIC               TOTAL           TEMP      POTENTIAL         TOTAL3        TEMPAVG            PRESSURE      GPRESSURE         VOLUME       PRESSAVG      GPRESSAVG

ENERGY:       0      1815.1058       534.1243         0.0000         0.0000        -238301.7179      4166.3401       965.8508         0.0000      4670.4108        -226149.8860       292.9217   -230820.2969   -226085.8529       292.9217         -18077.7916    -20014.6101     68789.1793    -18077.7916    -20014.6101

OPENING EXTENDED SYSTEM TRAJECTORY FILE
LDB: ============= START OF LOAD BALANCING ============== 0.320862
LDB: ============== END OF LOAD BALANCING =============== 0.320898
LDB: =============== DONE WITH MIGRATION ================ 0.320913
LDB: ============= START OF LOAD BALANCING ============== 1.39522
LDB: ============== END OF LOAD BALANCING =============== 1.39526
LDB: =============== DONE WITH MIGRATION ================ 1.39529
Info: Initial time: 1 CPUs 0.0137031 s/step 0.158601 days/ns 2.80826 MB memory
TIMING: 100  CPU: 1.43068, 0.0137107/step  Wall: 1.43072, 0.0137051/step, 0.0376891 hours remaining, 2.808264 MB of memory in use.
PERFORMANCE: 100  averaging 6.30421 ns/day, 0.0137051 sec/step with standard deviation 0
ENERGY:     100      1958.7377       535.8294         0.0000         0.0000        -238487.9217      3823.0636       895.0101         0.0000      4667.0979        -226608.1830       292.7140   -231275.2809   -226544.2357       309.8357          -8697.4204    -10664.1776     67498.2164      -944.3029      -951.3325

WRITING EXTENDED SYSTEM TO RESTART FILE AT STEP 100
OPENING COORDINATE DCD FILE
WRITING COORDINATES TO DCD FILE eq2.dcd AT STEP 100
WRITING COORDINATES TO RESTART FILE AT STEP 100
FINISHED WRITING RESTART COORDINATES
The last position output (seq=100) takes 0.001 seconds, 2.808 MB of memory in use
WRITING VELOCITIES TO RESTART FILE AT STEP 100
FINISHED WRITING RESTART VELOCITIES
The last velocity output (seq=100) takes 0.000 seconds, 2.808 MB of memory in use
LDB: ============= START OF LOAD BALANCING ============== 1.67353
LDB: ============== END OF LOAD BALANCING =============== 1.67356
LDB: =============== DONE WITH MIGRATION ================ 1.67358
LDB: ============= START OF LOAD BALANCING ============== 2.74209
LDB: ============== END OF LOAD BALANCING =============== 2.74213
LDB: =============== DONE WITH MIGRATION ================ 2.74216
Info: Initial time: 1 CPUs 0.0134438 s/step 0.1556 days/ns 2.80826 MB memory
TIMING: 200  CPU: 2.77513, 0.0134444/step  Wall: 2.77529, 0.0134457/step, 0.0366023 hours remaining, 2.808264 MB of memory in use.
PERFORMANCE: 200  averaging 6.36444 ns/day, 0.0135754 sec/step with standard deviation 0.000183419
ENERGY:     200      1930.0211       525.7871         0.0000         0.0000        -240360.7375      5266.2976      1176.7356         0.0000      4781.1135        -226680.7826       299.8649   -231461.8961   -226618.9290       303.9125           9821.1289      6698.1619     66089.5341       365.8828       358.7742

WRITING EXTENDED SYSTEM TO RESTART FILE AT STEP 200
WRITING COORDINATES TO DCD FILE eq2.dcd AT STEP 200
WRITING COORDINATES TO RESTART FILE AT STEP 200
FINISHED WRITING RESTART COORDINATES
The last position output (seq=200) takes 0.001 seconds, 2.808 MB of memory in use
WRITING VELOCITIES TO RESTART FILE AT STEP 200
FINISHED WRITING RESTART VELOCITIES
The last velocity output (seq=200) takes 0.000 seconds, 2.808 MB of memory in use
LDB: ============= START OF LOAD BALANCING ============== 4.0364
LDB: ============== END OF LOAD BALANCING =============== 4.03644
LDB: =============== DONE WITH MIGRATION ================ 4.03647
Info: Initial time: 1 CPUs 0.0129291 s/step 0.149642 days/ns 2.80826 MB memory
TIMING: 300  CPU: 4.06803, 0.0129291/step  Wall: 4.06835, 0.0129305/step, 0.0348406 hours remaining, 2.808264 MB of memory in use.
PERFORMANCE: 300  averaging 6.46684 ns/day, 0.0133605 sec/step with standard deviation 0.000394271
ENERGY:     300      1871.2932       523.7745         0.0000         0.0000        -241339.0898      6254.3220      1283.2291         0.0000      4758.5267        -226647.9443       298.4483   -231406.4710   -226580.1297       298.5263          17003.0129     15573.2985     65368.5242      1079.0995      1105.3427

WRITING EXTENDED SYSTEM TO RESTART FILE AT STEP 300
WRITING COORDINATES TO DCD FILE eq2.dcd AT STEP 300
WRITING COORDINATES TO RESTART FILE AT STEP 300
FINISHED WRITING RESTART COORDINATES
The last position output (seq=300) takes 0.001 seconds, 2.808 MB of memory in use
WRITING VELOCITIES TO RESTART FILE AT STEP 300
FINISHED WRITING RESTART VELOCITIES
The last velocity output (seq=300) takes 0.000 seconds, 2.808 MB of memory in use
LDB: ============= START OF LOAD BALANCING ============== 5.32145
LDB: ============== END OF LOAD BALANCING =============== 5.32149
LDB: =============== DONE WITH MIGRATION ================ 5.32151
Info: Benchmark time: 1 CPUs 0.0128379 s/step 0.148586 days/ns 2.80826 MB memory
TIMING: 400  CPU: 5.3518, 0.0128377/step  Wall: 5.35228, 0.0128393/step, 0.0342382 hours remaining, 2.808264 MB of memory in use.
PERFORMANCE: 400  averaging 6.53052 ns/day, 0.0132302 sec/step with standard deviation 0.000414158
ENERGY:     400      1794.2061       518.5249         0.0000         0.0000        -240945.8559      5816.3729      1139.5922         0.0000      5007.4633        -226669.6966       314.0612   -231677.1598   -226590.7206       299.8023          11793.1358     10384.4421     65453.7169       961.2571       987.6673

WRITING EXTENDED SYSTEM TO RESTART FILE AT STEP 400
WRITING COORDINATES TO DCD FILE eq2.dcd AT STEP 400
WRITING COORDINATES TO RESTART FILE AT STEP 400
FINISHED WRITING RESTART COORDINATES
The last position output (seq=400) takes 0.001 seconds, 2.808 MB of memory in use
WRITING VELOCITIES TO RESTART FILE AT STEP 400
FINISHED WRITING RESTART VELOCITIES
The last velocity output (seq=400) takes 0.000 seconds, 2.808 MB of memory in use
Info: Benchmark time: 1 CPUs 0.0125565 s/step 0.14533 days/ns 2.80826 MB memory
TIMING: 500  CPU: 6.60725, 0.0125545/step  Wall: 6.608, 0.0125572/step, 0.033137 hours remaining, 2.808264 MB of memory in use.
PERFORMANCE: 500  averaging 6.59765 ns/day, 0.0130956 sec/step with standard deviation 0.000468226
ENERGY:     500      1817.4172       491.7216         0.0000         0.0000        -239399.0024      4416.2189       977.6534         0.0000      4901.9870        -226794.0043       307.4459   -231695.9913   -226729.6356       301.9300            810.9226     -1348.3891     66108.8573       246.0967       240.7899

WRITING EXTENDED SYSTEM TO RESTART FILE AT STEP 500
WRITING COORDINATES TO DCD FILE eq2.dcd AT STEP 500
WRITING COORDINATES TO RESTART FILE AT STEP 500
FINISHED WRITING RESTART COORDINATES
The last position output (seq=500) takes 0.001 seconds, 2.808 MB of memory in use
WRITING VELOCITIES TO RESTART FILE AT STEP 500
FINISHED WRITING RESTART VELOCITIES
The last velocity output (seq=500) takes 0.000 seconds, 2.808 MB of memory in use
Info: Benchmark time: 1 CPUs 0.0123982 s/step 0.143498 days/ns 2.80826 MB memory
TIMING: 600  CPU: 7.84703, 0.0123978/step  Wall: 7.84788, 0.0123989/step, 0.0323748 hours remaining, 2.808264 MB of memory in use.
PERFORMANCE: 600  averaging 6.65667 ns/day, 0.0129795 sec/step with standard deviation 0.000506253
ENERGY:     600      1838.8511       497.9475         0.0000         0.0000        -238429.1243      3612.6695       913.6387         0.0000      4755.2453        -226810.7721       298.2425   -231566.0175   -226757.1152       299.9940          -6262.4661     -8955.3162     66616.1910      -320.0495      -347.0511

WRITING EXTENDED SYSTEM TO RESTART FILE AT STEP 600
WRITING COORDINATES TO DCD FILE eq2.dcd AT STEP 600
WRITING COORDINATES TO RESTART FILE AT STEP 600
FINISHED WRITING RESTART COORDINATES
The last position output (seq=600) takes 0.001 seconds, 2.808 MB of memory in use
WRITING VELOCITIES TO RESTART FILE AT STEP 600
FINISHED WRITING RESTART VELOCITIES
Info: Benchmark time: 1 CPUs 0.0123628 s/step 0.143088 days/ns 2.80826 MB memory
TIMING: 700  CPU: 9.0833, 0.0123627/step  Wall: 9.08424, 0.0123635/step, 0.0319391 hours remaining, 2.808264 MB of memory in use.
PERFORMANCE: 700  averaging 6.70211 ns/day, 0.0128915 sec/step with standard deviation 0.000517469
ENERGY:     700      1920.4257       518.6191         0.0000         0.0000        -238546.9767      3598.7224       916.6810         0.0000      4633.0905        -226959.4379       290.5811   -231592.5285   -226900.5027       297.4423          -7695.8347     -9207.2976     66103.6569      -466.5927      -477.7886

WRITING EXTENDED SYSTEM TO RESTART FILE AT STEP 700
WRITING COORDINATES TO DCD FILE eq2.dcd AT STEP 700
WRITING COORDINATES TO RESTART FILE AT STEP 700
FINISHED WRITING RESTART COORDINATES
The last position output (seq=700) takes 0.001 seconds, 2.808 MB of memory in use
WRITING VELOCITIES TO RESTART FILE AT STEP 700
FINISHED WRITING RESTART VELOCITIES
Info: Benchmark time: 1 CPUs 0.0122275 s/step 0.141522 days/ns 2.80826 MB memory
TIMING: 800  CPU: 10.306, 0.0122272/step  Wall: 10.3071, 0.0122283/step, 0.03125 hours remaining, 2.808264 MB of memory in use.
PERFORMANCE: 800  averaging 6.74549 ns/day, 0.0128086 sec/step with standard deviation 0.000533386
ENERGY:     800      1886.2588       483.8678         0.0000         0.0000        -239042.0648      4107.1844       951.0459         0.0000      4618.3783        -226995.3295       289.6583   -231613.7078   -226931.5998       296.8806          -2397.1856     -3732.7907     65306.7901      -399.6663      -389.2177

WRITING EXTENDED SYSTEM TO RESTART FILE AT STEP 800
WRITING COORDINATES TO DCD FILE eq2.dcd AT STEP 800
WRITING COORDINATES TO RESTART FILE AT STEP 800
FINISHED WRITING RESTART COORDINATES
The last position output (seq=800) takes 0.001 seconds, 2.808 MB of memory in use
WRITING VELOCITIES TO RESTART FILE AT STEP 800
FINISHED WRITING RESTART VELOCITIES
Info: Benchmark time: 1 CPUs 0.0121816 s/step 0.140991 days/ns 2.80826 MB memory
TIMING: 900  CPU: 11.5241, 0.0121803/step  Wall: 11.5253, 0.0121824/step, 0.0307944 hours remaining, 2.808264 MB of memory in use.
PERFORMANCE: 900  averaging 6.78233 ns/day, 0.012739 sec/step with standard deviation 0.000540836
ENERGY:     900      1840.8370       507.0042         0.0000         0.0000        -239989.1742      4854.9013      1062.2770         0.0000      4727.9525        -226996.2022       296.5307   -231724.1547   -226934.9632       296.7780           5000.0074      2999.3035     64535.5268        60.1434        67.7368

WRITING EXTENDED SYSTEM TO RESTART FILE AT STEP 900
WRITING COORDINATES TO DCD FILE eq2.dcd AT STEP 900
WRITING COORDINATES TO RESTART FILE AT STEP 900
FINISHED WRITING RESTART COORDINATES
The last position output (seq=900) takes 0.001 seconds, 2.808 MB of memory in use
WRITING VELOCITIES TO RESTART FILE AT STEP 900
FINISHED WRITING RESTART VELOCITIES
TIMING: 1000  CPU: 12.7392, 0.0121512/step  Wall: 12.7409, 0.0121559/step, 0.0303897 hours remaining, 2.808264 MB of memory in use.
PERFORMANCE: 1000  averaging 6.81351 ns/day, 0.0126807 sec/step with standard deviation 0.000542223
ETITLE:      TS           BOND          ANGLE          DIHED          IMPRP               ELECT            VDW       BOUNDARY           MISC        KINETIC               TOTAL           TEMP      POTENTIAL         TOTAL3        TEMPAVG            PRESSURE      GPRESSURE         VOLUME       PRESSAVG      GPRESSAVG

ENERGY:    1000      1818.1496       500.3886         0.0000         0.0000        -240370.4579      5215.7304      1094.8704         0.0000      4780.3290        -226960.9899       299.8157   -231741.3189   -226903.7999       298.4933           9118.2711      6417.5309     64036.5061       425.9793       422.4400

WRITING EXTENDED SYSTEM TO RESTART FILE AT STEP 1000
WRITING COORDINATES TO DCD FILE eq2.dcd AT STEP 1000
WRITING COORDINATES TO RESTART FILE AT STEP 1000
FINISHED WRITING RESTART COORDINATES
The last position output (seq=1000) takes 0.001 seconds, 2.808 MB of memory in use
WRITING VELOCITIES TO RESTART FILE AT STEP 1000
FINISHED WRITING RESTART VELOCITIES
TIMING: 1100  CPU: 13.9521, 0.0121291/step  Wall: 13.9546, 0.0121367/step, 0.0300046 hours remaining, 2.808264 MB of memory in use.
PERFORMANCE: 1100  averaging 6.84019 ns/day, 0.0126312 sec/step with standard deviation 0.000539914
ENERGY:    1100      1892.8194       500.2464         0.0000         0.0000        -240240.3991      4963.4835      1080.5615         0.0000      4765.7895        -227037.4988       298.9038   -231803.2882   -226969.9581       299.9129           5212.6192      3748.8159     63949.6650       346.4674       352.1960

WRITING EXTENDED SYSTEM TO RESTART FILE AT STEP 1100
WRITING COORDINATES TO DCD FILE eq2.dcd AT STEP 1100
WRITING COORDINATES TO RESTART FILE AT STEP 1100
FINISHED WRITING RESTART COORDINATES
WRITING VELOCITIES TO RESTART FILE AT STEP 1100
FINISHED WRITING RESTART VELOCITIES
TIMING: 1200  CPU: 15.1659, 0.0121379/step  Wall: 15.1676, 0.0121308/step, 0.0296532 hours remaining, 2.808264 MB of memory in use.
PERFORMANCE: 1200  averaging 6.86285 ns/day, 0.0125895 sec/step with standard deviation 0.00053467
ENERGY:    1200      1854.6144       492.4539         0.0000         0.0000        -239561.8017      4270.5221      1028.9590         0.0000      4800.3719        -227114.8804       301.0727   -231915.2522   -227046.3650       298.8240            331.0259     -1060.6642     64112.0879        80.1178        86.2317

WRITING EXTENDED SYSTEM TO RESTART FILE AT STEP 1200
WRITING COORDINATES TO DCD FILE eq2.dcd AT STEP 1200
WRITING COORDINATES TO RESTART FILE AT STEP 1200
FINISHED WRITING RESTART COORDINATES
WRITING VELOCITIES TO RESTART FILE AT STEP 1200
FINISHED WRITING RESTART VELOCITIES
TIMING: 1300  CPU: 16.3748, 0.012089/step  Wall: 16.3774, 0.0120981/step, 0.029237 hours remaining, 2.808264 MB of memory in use.
PERFORMANCE: 1300  averaging 6.88352 ns/day, 0.0125517 sec/step with standard deviation 0.000529745
ENERGY:    1300      1815.5865       515.1952         0.0000         0.0000        -239575.6165      4287.0772      1004.0967         0.0000      4786.0616        -227167.5993       300.1752   -231953.6609   -227110.6813       298.5662            300.8304     -1869.1420     63889.4508      -169.6767      -179.1469

WRITING EXTENDED SYSTEM TO RESTART FILE AT STEP 1300
WRITING COORDINATES TO DCD FILE eq2.dcd AT STEP 1300
WRITING COORDINATES TO RESTART FILE AT STEP 1300
FINISHED WRITING RESTART COORDINATES
WRITING VELOCITIES TO RESTART FILE AT STEP 1300
FINISHED WRITING RESTART VELOCITIES
TIMING: 1400  CPU: 17.5866, 0.012118/step  Wall: 17.5887, 0.0121123/step, 0.0289349 hours remaining, 2.808264 MB of memory in use.
PERFORMANCE: 1400  averaging 6.90078 ns/day, 0.0125203 sec/step with standard deviation 0.000522338
ENERGY:    1400      1820.4208       528.2205         0.0000         0.0000        -239452.0366      4142.4919       975.1585         0.0000      4721.2876        -227264.4573       296.1127   -231985.7450   -227201.0735       299.7835           -782.4499     -2804.8833     63751.7762      -138.2156      -144.3888

WRITING EXTENDED SYSTEM TO RESTART FILE AT STEP 1400
WRITING COORDINATES TO DCD FILE eq2.dcd AT STEP 1400
WRITING COORDINATES TO RESTART FILE AT STEP 1400
FINISHED WRITING RESTART COORDINATES
WRITING VELOCITIES TO RESTART FILE AT STEP 1400
FINISHED WRITING RESTART VELOCITIES
TIMING: 1500  CPU: 18.7975, 0.0121091/step  Wall: 18.8044, 0.0121568/step, 0.0287034 hours remaining, 2.808264 MB of memory in use.
PERFORMANCE: 1500  averaging 6.91416 ns/day, 0.0124961 sec/step with standard deviation 0.000512017
ENERGY:    1500      1883.3789       500.4959         0.0000         0.0000        -239814.2749      4386.4130      1002.5264         0.0000      4793.4252        -227248.0354       300.6370   -232041.4607   -227190.4961       298.6121            391.5350     -1206.4351     63539.9034      -123.1600      -119.1591

WRITING EXTENDED SYSTEM TO RESTART FILE AT STEP 1500
WRITING COORDINATES TO DCD FILE eq2.dcd AT STEP 1500
WRITING COORDINATES TO RESTART FILE AT STEP 1500
FINISHED WRITING RESTART COORDINATES
WRITING VELOCITIES TO RESTART FILE AT STEP 1500
FINISHED WRITING RESTART VELOCITIES
TIMING: 1600  CPU: 20.0103, 0.012128/step  Wall: 20.0167, 0.0121235/step, 0.0282882 hours remaining, 2.808264 MB of memory in use.
PERFORMANCE: 1600  averaging 6.92707 ns/day, 0.0124728 sec/step with standard deviation 0.00050335
ENERGY:    1600      1890.8586       499.4433         0.0000         0.0000        -240101.1718      4643.9314      1047.4765         0.0000      4731.8399        -227287.6222       296.7745   -232019.4621   -227224.7502       298.4531           2886.2256      1220.8399     63239.5889       -30.4588       -21.3334

WRITING EXTENDED SYSTEM TO RESTART FILE AT STEP 1600
WRITING COORDINATES TO DCD FILE eq2.dcd AT STEP 1600
WRITING COORDINATES TO RESTART FILE AT STEP 1600
FINISHED WRITING RESTART COORDINATES
WRITING VELOCITIES TO RESTART FILE AT STEP 1600
FINISHED WRITING RESTART VELOCITIES
TIMING: 1700  CPU: 21.2211, 0.0121082/step  Wall: 21.2279, 0.0121119/step, 0.0279247 hours remaining, 2.808264 MB of memory in use.
PERFORMANCE: 1700  averaging 6.93888 ns/day, 0.0124516 sec/step with standard deviation 0.000495163
ENERGY:    1700      1869.2014       542.3375         0.0000         0.0000        -240069.8709      4599.0356      1048.6971         0.0000      4706.2236        -227304.3757       295.1679   -232010.5993   -227244.8987       297.4427           4006.9156      1834.1055     63337.8209       188.9691       190.3323

WRITING EXTENDED SYSTEM TO RESTART FILE AT STEP 1700
WRITING COORDINATES TO DCD FILE eq2.dcd AT STEP 1700
WRITING COORDINATES TO RESTART FILE AT STEP 1700
FINISHED WRITING RESTART COORDINATES
WRITING VELOCITIES TO RESTART FILE AT STEP 1700
FINISHED WRITING RESTART VELOCITIES
TIMING: 1800  CPU: 22.433, 0.0121189/step  Wall: 22.4398, 0.0121186/step, 0.0276036 hours remaining, 2.808264 MB of memory in use.
PERFORMANCE: 1800  averaging 6.9492 ns/day, 0.0124331 sec/step with standard deviation 0.000486747
ENERGY:    1800      1863.4622       528.2730         0.0000         0.0000        -239960.4474      4470.9389      1046.9081         0.0000      4746.9423        -227303.9229       297.7217   -232050.8652   -227238.2508       297.5233           2720.8136       724.0567     63316.0125       129.2425       126.7373

WRITING EXTENDED SYSTEM TO RESTART FILE AT STEP 1800
WRITING COORDINATES TO DCD FILE eq2.dcd AT STEP 1800
WRITING COORDINATES TO RESTART FILE AT STEP 1800
FINISHED WRITING RESTART COORDINATES
WRITING VELOCITIES TO RESTART FILE AT STEP 1800
FINISHED WRITING RESTART VELOCITIES
TIMING: 1900  CPU: 23.6688, 0.0123577/step  Wall: 23.676, 0.0123629/step, 0.0278165 hours remaining, 2.808264 MB of memory in use.
PERFORMANCE: 1900  averaging 6.95127 ns/day, 0.0124294 sec/step with standard deviation 0.000473307
ENERGY:    1900      1896.6553       483.8985         0.0000         0.0000        -239965.3511      4506.8005      1005.1178         0.0000      4808.9592        -227263.9197       301.6113   -232072.8789   -227197.4951       298.8611           1309.1755      -621.3938     63269.3063        -8.9586        -5.4875

WRITING EXTENDED SYSTEM TO RESTART FILE AT STEP 1900
WRITING COORDINATES TO DCD FILE eq2.dcd AT STEP 1900
WRITING COORDINATES TO RESTART FILE AT STEP 1900
FINISHED WRITING RESTART COORDINATES
WRITING VELOCITIES TO RESTART FILE AT STEP 1900
FINISHED WRITING RESTART VELOCITIES
TIMING: 2000  CPU: 24.9036, 0.012349/step  Wall: 24.9116, 0.0123551/step, 0.0274557 hours remaining, 2.808264 MB of memory in use.
PERFORMANCE: 2000  averaging 6.95335 ns/day, 0.0124257 sec/step with standard deviation 0.000460983
ETITLE:      TS           BOND          ANGLE          DIHED          IMPRP               ELECT            VDW       BOUNDARY           MISC        KINETIC               TOTAL           TEMP      POTENTIAL         TOTAL3        TEMPAVG            PRESSURE      GPRESSURE         VOLUME       PRESSAVG      GPRESSAVG

ENERGY:    2000      1834.9780       516.6282         0.0000         0.0000        -239790.8443      4320.6963       995.5015         0.0000      4751.4894        -227371.5509       298.0069   -232123.0403   -227309.5240       297.3925           -140.9271     -2341.3028     63125.2525      -275.6006      -279.4945

WRITING EXTENDED SYSTEM TO RESTART FILE AT STEP 2000
WRITING COORDINATES TO DCD FILE eq2.dcd AT STEP 2000
WRITING COORDINATES TO RESTART FILE AT STEP 2000
FINISHED WRITING RESTART COORDINATES
WRITING VELOCITIES TO RESTART FILE AT STEP 2000
FINISHED WRITING RESTART VELOCITIES
TIMING: 2100  CPU: 26.1384, 0.0123473/step  Wall: 26.146, 0.0123449/step, 0.0270902 hours remaining, 2.808264 MB of memory in use.
PERFORMANCE: 2100  averaging 6.9555 ns/day, 0.0124218 sec/step with standard deviation 0.000449656
ENERGY:    2100      1862.6833       500.2879         0.0000         0.0000        -239803.6892      4356.9847      1012.5473         0.0000      4747.3438        -227323.8422       297.7469   -232071.1860   -227266.6610       298.7216           1324.2611      -783.6674     62871.9571       -95.3928      -101.7191

WRITING EXTENDED SYSTEM TO RESTART FILE AT STEP 2100
WRITING COORDINATES TO DCD FILE eq2.dcd AT STEP 2100
WRITING COORDINATES TO RESTART FILE AT STEP 2100
FINISHED WRITING RESTART COORDINATES
WRITING VELOCITIES TO RESTART FILE AT STEP 2100
FINISHED WRITING RESTART VELOCITIES
TIMING: 2200  CPU: 27.3791, 0.0124072/step  Wall: 27.387, 0.0124093/step, 0.0268869 hours remaining, 2.808264 MB of memory in use.
PERFORMANCE: 2200  averaging 6.95582 ns/day, 0.0124213 sec/step with standard deviation 0.000438828
ENERGY:    2200      1877.6118       472.8043         0.0000         0.0000        -239999.4281      4495.0453      1033.6922         0.0000      4730.7115        -227389.5630       296.7037   -232120.2744   -227326.7901       296.7195           1954.0715       520.3295     62645.5664      -103.3089       -93.1824

WRITING EXTENDED SYSTEM TO RESTART FILE AT STEP 2200
WRITING COORDINATES TO DCD FILE eq2.dcd AT STEP 2200
WRITING COORDINATES TO RESTART FILE AT STEP 2200
FINISHED WRITING RESTART COORDINATES
WRITING VELOCITIES TO RESTART FILE AT STEP 2200
FINISHED WRITING RESTART VELOCITIES
TIMING: 2300  CPU: 28.613, 0.0123389/step  Wall: 28.6207, 0.0123368/step, 0.026387 hours remaining, 2.808264 MB of memory in use.
PERFORMANCE: 2300  averaging 6.95788 ns/day, 0.0124176 sec/step with standard deviation 0.0004291
ENERGY:    2300      1889.5130       489.6121         0.0000         0.0000        -240233.7607      4642.4277      1037.1951         0.0000      4793.8509        -227381.1619       300.6637   -232175.0128   -227321.9794       298.9067           3118.8630      1224.0640     62313.1233       105.8636       112.0374

WRITING EXTENDED SYSTEM TO RESTART FILE AT STEP 2300
WRITING COORDINATES TO DCD FILE eq2.dcd AT STEP 2300
WRITING COORDINATES TO RESTART FILE AT STEP 2300
FINISHED WRITING RESTART COORDINATES
WRITING VELOCITIES TO RESTART FILE AT STEP 2300
FINISHED WRITING RESTART VELOCITIES
TIMING: 2400  CPU: 29.8439, 0.0123092/step  Wall: 29.8517, 0.0123107/step, 0.0259893 hours remaining, 2.808264 MB of memory in use.
PERFORMANCE: 2400  averaging 6.96037 ns/day, 0.0124131 sec/step with standard deviation 0.000420234
ENERGY:    2400      1862.1633       508.1609         0.0000         0.0000        -240189.7344      4599.1480      1001.3692         0.0000      4770.1110        -227448.7820       299.1748   -232218.8929   -227385.9370       299.2412           2394.5753       705.0029     62078.7210        74.3692        76.5645

WRITING EXTENDED SYSTEM TO RESTART FILE AT STEP 2400
WRITING COORDINATES TO DCD FILE eq2.dcd AT STEP 2400
WRITING COORDINATES TO RESTART FILE AT STEP 2400
FINISHED WRITING RESTART COORDINATES
WRITING VELOCITIES TO RESTART FILE AT STEP 2400
FINISHED WRITING RESTART VELOCITIES
TIMING: 2500  CPU: 31.0748, 0.0123093/step  Wall: 31.0867, 0.0123502/step, 0.0257295 hours remaining, 2.808264 MB of memory in use.
PERFORMANCE: 2500  averaging 6.96178 ns/day, 0.0124106 sec/step with standard deviation 0.000411579
ENERGY:    2500      1878.2732       535.5277         0.0000         0.0000        -240141.1753      4440.0204      1009.9104         0.0000      4747.0356        -227530.4079       297.7276   -232277.4435   -227468.7208       298.8312           1720.4285      -468.7866     61883.3699       -86.0757       -83.8152

WRITING EXTENDED SYSTEM TO RESTART FILE AT STEP 2500
WRITING COORDINATES TO DCD FILE eq2.dcd AT STEP 2500
WRITING COORDINATES TO RESTART FILE AT STEP 2500
FINISHED WRITING RESTART COORDINATES
WRITING VELOCITIES TO RESTART FILE AT STEP 2500
FINISHED WRITING RESTART VELOCITIES
TIMING: 2600  CPU: 32.3037, 0.0122886/step  Wall: 32.3161, 0.0122936/step, 0.0252701 hours remaining, 2.808264 MB of memory in use.
PERFORMANCE: 2600  averaging 6.96431 ns/day, 0.0124061 sec/step with standard deviation 0.000403916
ENERGY:    2600      1788.0542       545.1431         0.0000         0.0000        -239964.7159      4350.9819      1018.2555         0.0000      4744.3028        -227517.9783       297.5562   -232262.2812   -227460.8418       298.2239           2400.9597      -618.9761     61875.4190      -154.9836      -167.1772

WRITING EXTENDED SYSTEM TO RESTART FILE AT STEP 2600
WRITING COORDINATES TO DCD FILE eq2.dcd AT STEP 2600
WRITING COORDINATES TO RESTART FILE AT STEP 2600
FINISHED WRITING RESTART COORDINATES
WRITING VELOCITIES TO RESTART FILE AT STEP 2600
FINISHED WRITING RESTART VELOCITIES
TIMING: 2700  CPU: 33.5356, 0.0123186/step  Wall: 33.5478, 0.0123171/step, 0.0249763 hours remaining, 2.808264 MB of memory in use.
PERFORMANCE: 2700  averaging 6.96616 ns/day, 0.0124028 sec/step with standard deviation 0.000396443
ENERGY:    2700      1842.9420       517.0325         0.0000         0.0000        -240294.0390      4530.0452      1016.7820         0.0000      4833.4111        -227553.8262       303.1449   -232387.2373   -227490.9243       298.4994           2808.7749       265.2162     61669.4897         6.4058        -5.3863

WRITING EXTENDED SYSTEM TO RESTART FILE AT STEP 2700
WRITING COORDINATES TO DCD FILE eq2.dcd AT STEP 2700
WRITING COORDINATES TO RESTART FILE AT STEP 2700
FINISHED WRITING RESTART COORDINATES
WRITING VELOCITIES TO RESTART FILE AT STEP 2700
FINISHED WRITING RESTART VELOCITIES
TIMING: 2800  CPU: 34.7504, 0.0121484/step  Wall: 34.7626, 0.0121479/step, 0.0242957 hours remaining, 2.808264 MB of memory in use.
PERFORMANCE: 2800  averaging 6.97128 ns/day, 0.0123937 sec/step with standard deviation 0.000392004
ENERGY:    2800      1898.9961       487.7811         0.0000         0.0000        -240391.6467      4589.1268      1063.5344         0.0000      4763.4946        -227588.7137       298.7598   -232352.2083   -227520.3780       298.3144           1456.2607       655.3537     61365.6338         3.6695        19.2197

WRITING EXTENDED SYSTEM TO RESTART FILE AT STEP 2800
WRITING COORDINATES TO DCD FILE eq2.dcd AT STEP 2800
WRITING COORDINATES TO RESTART FILE AT STEP 2800
FINISHED WRITING RESTART COORDINATES
WRITING VELOCITIES TO RESTART FILE AT STEP 2800
FINISHED WRITING RESTART VELOCITIES
TIMING: 2900  CPU: 35.9673, 0.0121687/step  Wall: 35.9804, 0.0121784/step, 0.0240185 hours remaining, 2.808264 MB of memory in use.
PERFORMANCE: 2900  averaging 6.97546 ns/day, 0.0123863 sec/step with standard deviation 0.000387011
ENERGY:    2900      1877.0374       508.8250         0.0000         0.0000        -240223.0948      4501.9103      1011.9949         0.0000      4725.2577        -227598.0696       296.3617   -232323.3272   -227534.9419       297.4614           1699.3590       -96.6301     61241.7349       -26.7169        -6.1893

WRITING EXTENDED SYSTEM TO RESTART FILE AT STEP 2900
WRITING COORDINATES TO DCD FILE eq2.dcd AT STEP 2900
WRITING COORDINATES TO RESTART FILE AT STEP 2900
FINISHED WRITING RESTART COORDINATES
WRITING VELOCITIES TO RESTART FILE AT STEP 2900
FINISHED WRITING RESTART VELOCITIES
TIMING: 3000  CPU: 37.1901, 0.0122285/step  Wall: 37.2027, 0.0122224/step, 0.0237657 hours remaining, 2.808264 MB of memory in use.
PERFORMANCE: 3000  averaging 6.97854 ns/day, 0.0123808 sec/step with standard deviation 0.000381456
ETITLE:      TS           BOND          ANGLE          DIHED          IMPRP               ELECT            VDW       BOUNDARY           MISC        KINETIC               TOTAL           TEMP      POTENTIAL         TOTAL3        TEMPAVG            PRESSURE      GPRESSURE         VOLUME       PRESSAVG      GPRESSAVG

ENERGY:    3000      1819.1444       518.2577         0.0000         0.0000        -240392.6791      4643.0734      1041.4360         0.0000      4751.8745        -227618.8931       298.0310   -232370.7676   -227559.7660       295.9796           4240.8143      1091.7535     60909.0500       -48.9988       -71.6860

WRITING EXTENDED SYSTEM TO RESTART FILE AT STEP 3000
WRITING COORDINATES TO DCD FILE eq2.dcd AT STEP 3000
WRITING COORDINATES TO RESTART FILE AT STEP 3000
FINISHED WRITING RESTART COORDINATES
WRITING VELOCITIES TO RESTART FILE AT STEP 3000
FINISHED WRITING RESTART VELOCITIES
TIMING: 3100  CPU: 38.418, 0.0122783/step  Wall: 38.4307, 0.0122798/step, 0.0235363 hours remaining, 2.808264 MB of memory in use.
PERFORMANCE: 3100  averaging 6.98037 ns/day, 0.0123776 sec/step with standard deviation 0.000375483
ENERGY:    3100      1857.2803       524.4115         0.0000         0.0000        -240304.5186      4512.8167      1016.6869         0.0000      4718.6197        -227674.7035       295.9453   -232393.3231   -227608.2236       298.0375           1872.1918       651.1056     60828.6857        68.0622        70.9101

WRITING EXTENDED SYSTEM TO RESTART FILE AT STEP 3100
WRITING COORDINATES TO DCD FILE eq2.dcd AT STEP 3100
WRITING COORDINATES TO RESTART FILE AT STEP 3100
FINISHED WRITING RESTART COORDINATES
WRITING VELOCITIES TO RESTART FILE AT STEP 3100
FINISHED WRITING RESTART VELOCITIES
TIMING: 3200  CPU: 39.6567, 0.0123875/step  Wall: 39.674, 0.0124332/step, 0.0234849 hours remaining, 2.808264 MB of memory in use.
PERFORMANCE: 3200  averaging 6.97939 ns/day, 0.0123793 sec/step with standard deviation 0.000369508
ENERGY:    3200      1898.5489       530.1284         0.0000         0.0000        -240250.8483      4385.6594      1008.0272         0.0000      4767.5860        -227660.8983       299.0164   -232428.4843   -227595.6649       296.1727           1185.6053      -354.1768     60802.6299         5.8174        20.6606

WRITING EXTENDED SYSTEM TO RESTART FILE AT STEP 3200
WRITING COORDINATES TO DCD FILE eq2.dcd AT STEP 3200
WRITING COORDINATES TO RESTART FILE AT STEP 3200
FINISHED WRITING RESTART COORDINATES
WRITING VELOCITIES TO RESTART FILE AT STEP 3200
FINISHED WRITING RESTART VELOCITIES
TIMING: 3300  CPU: 40.8855, 0.012288/step  Wall: 40.9028, 0.0122887/step, 0.0228706 hours remaining, 2.808264 MB of memory in use.
PERFORMANCE: 3300  averaging 6.98094 ns/day, 0.0123766 sec/step with standard deviation 0.000364031
ENERGY:    3300      1843.8251       502.1989         0.0000         0.0000        -240213.3486      4348.5820      1049.7335         0.0000      4883.5574        -227585.4517       306.2900   -232469.0091   -227523.2814       299.8729           2446.0670      -246.3487     60821.5608       -62.7171       -69.1024

WRITING EXTENDED SYSTEM TO RESTART FILE AT STEP 3300
WRITING COORDINATES TO DCD FILE eq2.dcd AT STEP 3300
WRITING COORDINATES TO RESTART FILE AT STEP 3300
FINISHED WRITING RESTART COORDINATES
WRITING VELOCITIES TO RESTART FILE AT STEP 3300
FINISHED WRITING RESTART VELOCITIES
TIMING: 3400  CPU: 42.1382, 0.0125274/step  Wall: 42.1558, 0.0125298/step, 0.0229713 hours remaining, 2.808264 MB of memory in use.
PERFORMANCE: 3400  averaging 6.9784 ns/day, 0.0123811 sec/step with standard deviation 0.000359434
ENERGY:    3400      1825.6384       509.7136         0.0000         0.0000        -240129.1083      4445.8043      1007.2772         0.0000      4727.3149        -227613.3599       296.4907   -232340.6748   -227557.9617       298.9547           2591.2584       -70.6835     60809.0666       -15.7244       -23.7284

WRITING EXTENDED SYSTEM TO RESTART FILE AT STEP 3400
WRITING COORDINATES TO DCD FILE eq2.dcd AT STEP 3400
WRITING COORDINATES TO RESTART FILE AT STEP 3400
FINISHED WRITING RESTART COORDINATES
WRITING VELOCITIES TO RESTART FILE AT STEP 3400
FINISHED WRITING RESTART VELOCITIES
TIMING: 3500  CPU: 43.3841, 0.0124584/step  Wall: 43.4023, 0.0124645/step, 0.0225054 hours remaining, 2.808264 MB of memory in use.
PERFORMANCE: 3500  averaging 6.97706 ns/day, 0.0123834 sec/step with standard deviation 0.00035439
ENERGY:    3500      1851.5760       509.3315         0.0000         0.0000        -240278.5715      4500.4993      1042.6732         0.0000      4760.6531        -227613.8384       298.5816   -232374.4916   -227549.7134       298.7439           2704.2837       321.3503     60607.5457         8.9043         7.7016

WRITING EXTENDED SYSTEM TO RESTART FILE AT STEP 3500
WRITING COORDINATES TO DCD FILE eq2.dcd AT STEP 3500
WRITING COORDINATES TO RESTART FILE AT STEP 3500
FINISHED WRITING RESTART COORDINATES
WRITING VELOCITIES TO RESTART FILE AT STEP 3500
FINISHED WRITING RESTART VELOCITIES
TIMING: 3600  CPU: 44.6258, 0.0124172/step  Wall: 44.6444, 0.0124213/step, 0.0220823 hours remaining, 2.808264 MB of memory in use.
PERFORMANCE: 3600  averaging 6.97646 ns/day, 0.0123845 sec/step with standard deviation 0.000349347
ENERGY:    3600      1878.8443       523.7431         0.0000         0.0000        -240219.9283      4328.5064       999.2204         0.0000      4771.3850        -227718.2291       299.2547   -232489.6141   -227654.3867       297.8322            568.8969     -1182.0536     60476.6996        94.2581       102.6538

WRITING EXTENDED SYSTEM TO RESTART FILE AT STEP 3600
WRITING COORDINATES TO DCD FILE eq2.dcd AT STEP 3600
WRITING COORDINATES TO RESTART FILE AT STEP 3600
FINISHED WRITING RESTART COORDINATES
WRITING VELOCITIES TO RESTART FILE AT STEP 3600
FINISHED WRITING RESTART VELOCITIES
TIMING: 3700  CPU: 45.8605, 0.012347/step  Wall: 45.8791, 0.0123471/step, 0.0216074 hours remaining, 2.808264 MB of memory in use.
PERFORMANCE: 3700  averaging 6.97703 ns/day, 0.0123835 sec/step with standard deviation 0.000344516
ENERGY:    3700      1854.5456       548.6842         0.0000         0.0000        -240183.3547      4417.4097       992.8603         0.0000      4724.8168        -227645.0381       296.3340   -232369.8549   -227576.6102       299.9900            950.6753     -1127.4949     60427.0993      -149.9654      -150.0605

WRITING EXTENDED SYSTEM TO RESTART FILE AT STEP 3700
WRITING COORDINATES TO DCD FILE eq2.dcd AT STEP 3700
WRITING COORDINATES TO RESTART FILE AT STEP 3700
FINISHED WRITING RESTART COORDINATES
WRITING VELOCITIES TO RESTART FILE AT STEP 3700
FINISHED WRITING RESTART VELOCITIES
TIMING: 3800  CPU: 47.0962, 0.0123572/step  Wall: 47.1147, 0.0123561/step, 0.02128 hours remaining, 2.808264 MB of memory in use.
PERFORMANCE: 3800  averaging 6.97744 ns/day, 0.0123828 sec/step with standard deviation 0.000339858
ENERGY:    3800      1844.4268       531.0854         0.0000         0.0000        -240093.1933      4252.7135      1008.9865         0.0000      4786.0505        -227669.9305       300.1745   -232455.9810   -227604.0854       298.8865            426.1873     -1684.2207     60553.5890       -46.5078       -46.0329

WRITING EXTENDED SYSTEM TO RESTART FILE AT STEP 3800
WRITING COORDINATES TO DCD FILE eq2.dcd AT STEP 3800
WRITING COORDINATES TO RESTART FILE AT STEP 3800
FINISHED WRITING RESTART COORDINATES
WRITING VELOCITIES TO RESTART FILE AT STEP 3800
FINISHED WRITING RESTART VELOCITIES
TIMING: 3900  CPU: 48.3309, 0.0123468/step  Wall: 48.3498, 0.0123504/step, 0.0209271 hours remaining, 2.808264 MB of memory in use.
PERFORMANCE: 3900  averaging 6.97791 ns/day, 0.0123819 sec/step with standard deviation 0.000335396
ENERGY:    3900      1910.8442       485.6639         0.0000         0.0000        -240146.0680      4279.8583      1053.5319         0.0000      4761.8804        -227654.2894       298.6586   -232416.1697   -227595.2864       299.3705           1414.2178      -646.9968     60520.5764      -159.7094      -163.6085

WRITING EXTENDED SYSTEM TO RESTART FILE AT STEP 3900
WRITING COORDINATES TO DCD FILE eq2.dcd AT STEP 3900
WRITING COORDINATES TO RESTART FILE AT STEP 3900
FINISHED WRITING RESTART COORDINATES
WRITING VELOCITIES TO RESTART FILE AT STEP 3900
FINISHED WRITING RESTART VELOCITIES
TIMING: 4000  CPU: 49.5947, 0.0126376/step  Wall: 49.6138, 0.0126408/step, 0.021068 hours remaining, 2.808264 MB of memory in use.
PERFORMANCE: 4000  averaging 6.97426 ns/day, 0.0123884 sec/step with standard deviation 0.000333589
ETITLE:      TS           BOND          ANGLE          DIHED          IMPRP               ELECT            VDW       BOUNDARY           MISC        KINETIC               TOTAL           TEMP      POTENTIAL         TOTAL3        TEMPAVG            PRESSURE      GPRESSURE         VOLUME       PRESSAVG      GPRESSAVG

ENERGY:    4000      1866.8417       485.6474         0.0000         0.0000        -240314.6337      4519.6265      1013.3438         0.0000      4692.6966        -227736.4778       294.3195   -232429.1743   -227679.9621       298.6761           2839.2590       581.7569     60317.3498         2.1399         8.5306

WRITING EXTENDED SYSTEM TO RESTART FILE AT STEP 4000
WRITING COORDINATES TO DCD FILE eq2.dcd AT STEP 4000
WRITING COORDINATES TO RESTART FILE AT STEP 4000
FINISHED WRITING RESTART COORDINATES
WRITING VELOCITIES TO RESTART FILE AT STEP 4000
FINISHED WRITING RESTART VELOCITIES
TIMING: 4100  CPU: 50.8615, 0.0126686/step  Wall: 50.8848, 0.0127094/step, 0.0208293 hours remaining, 2.808264 MB of memory in use.
PERFORMANCE: 4100  averaging 6.96986 ns/day, 0.0123962 sec/step with standard deviation 0.000333186
ENERGY:    4100      1846.9445       494.7707         0.0000         0.0000        -240638.1067      4643.3695      1051.3883         0.0000      4854.3634        -227747.2703       304.4590   -232601.6337   -227687.0078       298.6571           5030.8240      2772.1833     60030.7325        23.9578        17.0380

WRITING EXTENDED SYSTEM TO RESTART FILE AT STEP 4100
WRITING COORDINATES TO DCD FILE eq2.dcd AT STEP 4100
WRITING COORDINATES TO RESTART FILE AT STEP 4100
FINISHED WRITING RESTART COORDINATES
WRITING VELOCITIES TO RESTART FILE AT STEP 4100
FINISHED WRITING RESTART VELOCITIES
TIMING: 4200  CPU: 52.1373, 0.0127578/step  Wall: 52.1609, 0.0127608/step, 0.0205591 hours remaining, 2.808264 MB of memory in use.
PERFORMANCE: 4200  averaging 6.96498 ns/day, 0.0124049 sec/step with standard deviation 0.000333872
ENERGY:    4200      1876.3443       485.0439         0.0000         0.0000        -240554.7269      4652.7997      1043.7792         0.0000      4780.0766        -227716.6831       299.7998   -232496.7597   -227657.2382       299.5198           3671.0694      2085.4740     59958.2542       272.8603       285.7643

WRITING EXTENDED SYSTEM TO RESTART FILE AT STEP 4200
WRITING COORDINATES TO DCD FILE eq2.dcd AT STEP 4200
WRITING COORDINATES TO RESTART FILE AT STEP 4200
FINISHED WRITING RESTART COORDINATES
WRITING VELOCITIES TO RESTART FILE AT STEP 4200
FINISHED WRITING RESTART VELOCITIES
LDB: ============= START OF LOAD BALANCING ============== 53.3986
LDB: ============== END OF LOAD BALANCING =============== 53.3986
LDB: =============== DONE WITH MIGRATION ================ 53.3986
TIMING: 4300  CPU: 53.4052, 0.0126788/step  Wall: 53.4292, 0.012683/step, 0.0200813 hours remaining, 2.808264 MB of memory in use.
PERFORMANCE: 4300  averaging 6.96135 ns/day, 0.0124114 sec/step with standard deviation 0.000332587
ENERGY:    4300      1897.8164       539.1873         0.0000         0.0000        -240311.8013      4377.1631      1001.0380         0.0000      4826.3132        -227670.2834       302.6997   -232496.5966   -227603.5802       301.3172            763.9556     -1263.1790     60040.8256        30.8502        37.3256

WRITING EXTENDED SYSTEM TO RESTART FILE AT STEP 4300
WRITING COORDINATES TO DCD FILE eq2.dcd AT STEP 4300
WRITING COORDINATES TO RESTART FILE AT STEP 4300
FINISHED WRITING RESTART COORDINATES
WRITING VELOCITIES TO RESTART FILE AT STEP 4300
FINISHED WRITING RESTART VELOCITIES
LDB: ============= START OF LOAD BALANCING ============== 54.668
LDB: ============== END OF LOAD BALANCING =============== 54.668
LDB: =============== DONE WITH MIGRATION ================ 54.668
TIMING: 4400  CPU: 54.6739, 0.0126873/step  Wall: 54.6981, 0.0126895/step, 0.0197392 hours remaining, 2.808264 MB of memory in use.
PERFORMANCE: 4400  averaging 6.95781 ns/day, 0.0124177 sec/step with standard deviation 0.00033136
ENERGY:    4400      1860.3476       528.4824         0.0000         0.0000        -239957.1416      4123.6055      1000.4644         0.0000      4740.0200        -227704.2218       297.2875   -232444.2417   -227643.4305       299.9797            295.8254     -2749.3528     59923.3066      -224.6764      -241.3126

WRITING EXTENDED SYSTEM TO RESTART FILE AT STEP 4400
WRITING COORDINATES TO DCD FILE eq2.dcd AT STEP 4400
WRITING COORDINATES TO RESTART FILE AT STEP 4400
FINISHED WRITING RESTART COORDINATES
WRITING VELOCITIES TO RESTART FILE AT STEP 4400
FINISHED WRITING RESTART VELOCITIES
TIMING: 4500  CPU: 55.9386, 0.0126468/step  Wall: 55.9629, 0.0126481/step, 0.0193235 hours remaining, 2.808264 MB of memory in use.
PERFORMANCE: 4500  averaging 6.95494 ns/day, 0.0124228 sec/step with standard deviation 0.000329369
ENERGY:    4500      1880.9033       496.0775         0.0000         0.0000        -240059.6065      4129.1314       985.8305         0.0000      4764.4367        -227803.2271       298.8189   -232567.6638   -227742.1249       298.6490           -275.6536     -2407.4128     59790.0793      -116.7552      -134.8416

WRITING EXTENDED SYSTEM TO RESTART FILE AT STEP 4500
WRITING COORDINATES TO DCD FILE eq2.dcd AT STEP 4500
WRITING COORDINATES TO RESTART FILE AT STEP 4500
FINISHED WRITING RESTART COORDINATES
WRITING VELOCITIES TO RESTART FILE AT STEP 4500
FINISHED WRITING RESTART VELOCITIES
TIMING: 4600  CPU: 57.2054, 0.0126684/step  Wall: 57.2298, 0.0126688/step, 0.0190032 hours remaining, 2.808264 MB of memory in use.
PERFORMANCE: 4600  averaging 6.95195 ns/day, 0.0124282 sec/step with standard deviation 0.000327701
ENERGY:    4600      1930.1360       499.5796         0.0000         0.0000        -240538.3857      4578.8781      1028.0336         0.0000      4733.6457        -227768.1126       296.8878   -232501.7584   -227703.0123       297.9788           2374.0359      1177.2891     59466.8535       -90.8696       -63.8812

WRITING EXTENDED SYSTEM TO RESTART FILE AT STEP 4600
WRITING COORDINATES TO DCD FILE eq2.dcd AT STEP 4600
WRITING COORDINATES TO RESTART FILE AT STEP 4600
FINISHED WRITING RESTART COORDINATES
WRITING VELOCITIES TO RESTART FILE AT STEP 4600
FINISHED WRITING RESTART VELOCITIES
TIMING: 4700  CPU: 58.4803, 0.0127484/step  Wall: 58.5092, 0.0127942/step, 0.0188359 hours remaining, 2.808264 MB of memory in use.
PERFORMANCE: 4700  averaging 6.94759 ns/day, 0.012436 sec/step with standard deviation 0.000328487
ENERGY:    4700      1875.3065       503.2567         0.0000         0.0000        -240737.5970      4729.9530      1068.4695         0.0000      4744.7354        -227815.8759       297.5833   -232560.6113   -227756.4563       298.5578           6526.1165      3575.7847     59247.7528        83.3390        72.8257

WRITING EXTENDED SYSTEM TO RESTART FILE AT STEP 4700
WRITING COORDINATES TO DCD FILE eq2.dcd AT STEP 4700
WRITING COORDINATES TO RESTART FILE AT STEP 4700
FINISHED WRITING RESTART COORDINATES
WRITING VELOCITIES TO RESTART FILE AT STEP 4700
FINISHED WRITING RESTART VELOCITIES
TIMING: 4800  CPU: 59.7562, 0.012759/step  Wall: 59.7847, 0.0127547/step, 0.0184235 hours remaining, 2.808264 MB of memory in use.
PERFORMANCE: 4800  averaging 6.94389 ns/day, 0.0124426 sec/step with standard deviation 0.000328215
ENERGY:    4800      1854.3693       519.2279         0.0000         0.0000        -240720.0899      4662.2226      1030.8717         0.0000      4792.2849        -227861.1136       300.5655   -232653.3984   -227785.9246       295.6390           4455.1177      2906.2460     59115.7103       174.7139       174.8267

WRITING EXTENDED SYSTEM TO RESTART FILE AT STEP 4800
WRITING COORDINATES TO DCD FILE eq2.dcd AT STEP 4800
WRITING COORDINATES TO RESTART FILE AT STEP 4800
FINISHED WRITING RESTART COORDINATES
WRITING VELOCITIES TO RESTART FILE AT STEP 4800
FINISHED WRITING RESTART VELOCITIES
TIMING: 4900  CPU: 61.0361, 0.0127988/step  Wall: 61.0651, 0.0128039/step, 0.0181388 hours remaining, 2.808264 MB of memory in use.
PERFORMANCE: 4900  averaging 6.93977 ns/day, 0.01245 sec/step with standard deviation 0.000328853
ENERGY:    4900      1879.3565       515.1564         0.0000         0.0000        -240596.9941      4508.0887      1068.5469         0.0000      4821.2658        -227804.5797       302.3832   -232625.8455   -227741.8212       300.4188           2686.7994       659.1376     59014.0017       268.5600       286.7495

WRITING EXTENDED SYSTEM TO RESTART FILE AT STEP 4900
WRITING COORDINATES TO DCD FILE eq2.dcd AT STEP 4900
WRITING COORDINATES TO RESTART FILE AT STEP 4900
FINISHED WRITING RESTART COORDINATES
WRITING VELOCITIES TO RESTART FILE AT STEP 4900
FINISHED WRITING RESTART VELOCITIES
TIMING: 5000  CPU: 62.3188, 0.0128276/step  Wall: 62.3477, 0.0128258/step, 0.0178136 hours remaining, 2.808264 MB of memory in use.
PERFORMANCE: 5000  averaging 6.93559 ns/day, 0.0124575 sec/step with standard deviation 0.000329791
ETITLE:      TS           BOND          ANGLE          DIHED          IMPRP               ELECT            VDW       BOUNDARY           MISC        KINETIC               TOTAL           TEMP      POTENTIAL         TOTAL3        TEMPAVG            PRESSURE      GPRESSURE         VOLUME       PRESSAVG      GPRESSAVG

ENERGY:    5000      1824.1773       511.7087         0.0000         0.0000        -240421.5625      4444.7388      1014.7491         0.0000      4790.5297        -227835.6589       300.4554   -232626.1886   -227775.3827       298.3280           3259.6232       191.5619     58987.2054       -17.4835       -35.4438

WRITING EXTENDED SYSTEM TO RESTART FILE AT STEP 5000
WRITING COORDINATES TO DCD FILE eq2.dcd AT STEP 5000
WRITING COORDINATES TO RESTART FILE AT STEP 5000
FINISHED WRITING RESTART COORDINATES
WRITING VELOCITIES TO RESTART FILE AT STEP 5000
FINISHED WRITING RESTART VELOCITIES
TIMING: 5100  CPU: 63.5986, 0.0127983/step  Wall: 63.6317, 0.0128406/step, 0.0174774 hours remaining, 2.808264 MB of memory in use.
PERFORMANCE: 5100  averaging 6.93141 ns/day, 0.012465 sec/step with standard deviation 0.000330853
ENERGY:    5100      1863.6324       516.1706         0.0000         0.0000        -240213.8835      4261.7418      1032.2334         0.0000      4743.4225        -227796.6827       297.5009   -232540.1052   -227733.2954       299.2085            648.4156     -1223.7611     59122.3087         6.0523        -8.9622

WRITING EXTENDED SYSTEM TO RESTART FILE AT STEP 5100
WRITING COORDINATES TO DCD FILE eq2.dcd AT STEP 5100
WRITING COORDINATES TO RESTART FILE AT STEP 5100
FINISHED WRITING RESTART COORDINATES
WRITING VELOCITIES TO RESTART FILE AT STEP 5100
FINISHED WRITING RESTART VELOCITIES
TIMING: 5200  CPU: 64.8744, 0.0127579/step  Wall: 64.9077, 0.0127599/step, 0.0170132 hours remaining, 2.808264 MB of memory in use.
PERFORMANCE: 5200  averaging 6.92826 ns/day, 0.0124707 sec/step with standard deviation 0.000330137
ENERGY:    5200      1999.0132       498.4604         0.0000         0.0000        -240495.5784      4412.0632      1018.7767         0.0000      4750.8211        -227816.4438       297.9650   -232567.2649   -227750.9502       300.4623           -712.7347      -940.8876     59092.9361      -142.7002      -100.6856

WRITING EXTENDED SYSTEM TO RESTART FILE AT STEP 5200
WRITING COORDINATES TO DCD FILE eq2.dcd AT STEP 5200
WRITING COORDINATES TO RESTART FILE AT STEP 5200
FINISHED WRITING RESTART COORDINATES
WRITING VELOCITIES TO RESTART FILE AT STEP 5200
FINISHED WRITING RESTART VELOCITIES
TIMING: 5300  CPU: 66.1494, 0.0127494/step  Wall: 66.1827, 0.0127503/step, 0.0166463 hours remaining, 2.808264 MB of memory in use.
PERFORMANCE: 5300  averaging 6.92532 ns/day, 0.0124759 sec/step with standard deviation 0.000329196
ENERGY:    5300      1823.2431       498.0075         0.0000         0.0000        -240286.9261      4314.5645       984.4196         0.0000      4796.3934        -227870.2980       300.8232   -232666.6914   -227809.3102       300.6803           2340.0010     -1236.4220     59100.3824        41.3358        29.7279

WRITING EXTENDED SYSTEM TO RESTART FILE AT STEP 5300
WRITING COORDINATES TO DCD FILE eq2.dcd AT STEP 5300
WRITING COORDINATES TO RESTART FILE AT STEP 5300
FINISHED WRITING RESTART COORDINATES
WRITING VELOCITIES TO RESTART FILE AT STEP 5300
FINISHED WRITING RESTART VELOCITIES
TIMING: 5400  CPU: 67.4233, 0.0127389/step  Wall: 67.4566, 0.0127384/step, 0.0162769 hours remaining, 2.808264 MB of memory in use.
PERFORMANCE: 5400  averaging 6.92263 ns/day, 0.0124808 sec/step with standard deviation 0.000328026
ENERGY:    5400      1864.0151       521.0595         0.0000         0.0000        -240586.5390      4509.3662      1035.6899         0.0000      4750.6024        -227905.8060       297.9513   -232656.4084   -227844.9049       298.8273           2829.3603       189.7573     58943.6636       -83.0205      -108.3501

WRITING EXTENDED SYSTEM TO RESTART FILE AT STEP 5400
WRITING COORDINATES TO DCD FILE eq2.dcd AT STEP 5400
WRITING COORDINATES TO RESTART FILE AT STEP 5400
FINISHED WRITING RESTART COORDINATES
WRITING VELOCITIES TO RESTART FILE AT STEP 5400
FINISHED WRITING RESTART VELOCITIES
TIMING: 5500  CPU: 68.6992, 0.0127593/step  Wall: 68.7333, 0.0127668/step, 0.0159585 hours remaining, 2.808264 MB of memory in use.
PERFORMANCE: 5500  averaging 6.91975 ns/day, 0.012486 sec/step with standard deviation 0.000327254
ENERGY:    5500      1883.2426       493.0211         0.0000         0.0000        -240793.4961      4643.1779      1050.9588         0.0000      4734.6974        -227988.3982       296.9537   -232723.0956   -227915.9410       296.5877           3501.9619      1830.7949     58674.6499      -230.8777      -217.9943

WRITING EXTENDED SYSTEM TO RESTART FILE AT STEP 5500
WRITING COORDINATES TO DCD FILE eq2.dcd AT STEP 5500
WRITING COORDINATES TO RESTART FILE AT STEP 5500
FINISHED WRITING RESTART COORDINATES
WRITING VELOCITIES TO RESTART FILE AT STEP 5500
FINISHED WRITING RESTART VELOCITIES
TIMING: 5600  CPU: 69.9812, 0.01282/step  Wall: 70.0188, 0.0128556/step, 0.0157124 hours remaining, 2.808264 MB of memory in use.
PERFORMANCE: 5600  averaging 6.91609 ns/day, 0.0124926 sec/step with standard deviation 0.000328006
ENERGY:    5600      1856.6801       499.6980         0.0000         0.0000        -240601.0024      4442.9597      1037.1698         0.0000      4749.4090        -228015.0859       297.8764   -232764.4948   -227950.1221       295.3108           2749.7741       876.3827     58791.6304       265.6931       277.1523

WRITING EXTENDED SYSTEM TO RESTART FILE AT STEP 5600
WRITING COORDINATES TO DCD FILE eq2.dcd AT STEP 5600
WRITING COORDINATES TO RESTART FILE AT STEP 5600
FINISHED WRITING RESTART COORDINATES
WRITING VELOCITIES TO RESTART FILE AT STEP 5600
FINISHED WRITING RESTART VELOCITIES
TIMING: 5700  CPU: 71.268, 0.0128683/step  Wall: 71.3057, 0.0128686/step, 0.0153708 hours remaining, 2.808264 MB of memory in use.
PERFORMANCE: 5700  averaging 6.91244 ns/day, 0.0124992 sec/step with standard deviation 0.000328856
ENERGY:    5700      1851.9143       495.1592         0.0000         0.0000        -240512.6989      4445.8644       994.3748         0.0000      4730.8224        -227994.5638       296.7107   -232725.3862   -227936.5296       295.1283           2735.8540       477.6197     58804.7893        50.5464        47.5080

WRITING EXTENDED SYSTEM TO RESTART FILE AT STEP 5700
WRITING COORDINATES TO DCD FILE eq2.dcd AT STEP 5700
WRITING COORDINATES TO RESTART FILE AT STEP 5700
FINISHED WRITING RESTART COORDINATES
WRITING VELOCITIES TO RESTART FILE AT STEP 5700
FINISHED WRITING RESTART VELOCITIES
TIMING: 5800  CPU: 72.5448, 0.0127676/step  Wall: 72.5835, 0.0127785/step, 0.0149082 hours remaining, 2.808264 MB of memory in use.
PERFORMANCE: 5800  averaging 6.90978 ns/day, 0.012504 sec/step with standard deviation 0.000328015
ENERGY:    5800      1853.4936       494.6913         0.0000         0.0000        -240514.7178      4495.8251      1026.7308         0.0000      4656.2619        -227987.7150       292.0343   -232643.9769   -227921.7433       294.2769           2760.5670       771.5757     58676.6679      -136.2094      -139.3703

WRITING EXTENDED SYSTEM TO RESTART FILE AT STEP 5800
WRITING COORDINATES TO DCD FILE eq2.dcd AT STEP 5800
WRITING COORDINATES TO RESTART FILE AT STEP 5800
FINISHED WRITING RESTART COORDINATES
WRITING VELOCITIES TO RESTART FILE AT STEP 5800
FINISHED WRITING RESTART VELOCITIES
TIMING: 5900  CPU: 73.8256, 0.0128082/step  Wall: 73.864, 0.012805/step, 0.0145835 hours remaining, 2.808264 MB of memory in use.
PERFORMANCE: 5900  averaging 6.90696 ns/day, 0.0125091 sec/step with standard deviation 0.000327528
ENERGY:    5900      1888.3374       479.5264         0.0000         0.0000        -240495.6823      4349.8320      1038.9658         0.0000      4772.0283        -227966.9925       299.2951   -232739.0208   -227914.3262       295.1064           1686.6942      -751.4147     58652.6670      -137.8055      -134.9407

WRITING EXTENDED SYSTEM TO RESTART FILE AT STEP 5900
WRITING COORDINATES TO DCD FILE eq2.dcd AT STEP 5900
WRITING COORDINATES TO RESTART FILE AT STEP 5900
FINISHED WRITING RESTART COORDINATES
WRITING VELOCITIES TO RESTART FILE AT STEP 5900
FINISHED WRITING RESTART VELOCITIES
TIMING: 6000  CPU: 75.1074, 0.0128178/step  Wall: 75.1464, 0.0128232/step, 0.014248 hours remaining, 2.808264 MB of memory in use.
PERFORMANCE: 6000  averaging 6.90407 ns/day, 0.0125144 sec/step with standard deviation 0.000327263
ETITLE:      TS           BOND          ANGLE          DIHED          IMPRP               ELECT            VDW       BOUNDARY           MISC        KINETIC               TOTAL           TEMP      POTENTIAL         TOTAL3        TEMPAVG            PRESSURE      GPRESSURE         VOLUME       PRESSAVG      GPRESSAVG

ENERGY:    6000      1846.1967       485.1559         0.0000         0.0000        -240373.3883      4353.1785       978.7096         0.0000      4741.1936        -227968.9542       297.3611   -232710.1477   -227910.3126       298.1482           1695.4537      -763.8649     58597.0831        23.8970        10.2640

WRITING EXTENDED SYSTEM TO RESTART FILE AT STEP 6000
WRITING COORDINATES TO DCD FILE eq2.dcd AT STEP 6000
WRITING COORDINATES TO RESTART FILE AT STEP 6000
FINISHED WRITING RESTART COORDINATES
WRITING VELOCITIES TO RESTART FILE AT STEP 6000
FINISHED WRITING RESTART VELOCITIES
TIMING: 6100  CPU: 76.3912, 0.0128379/step  Wall: 76.4305, 0.0128413/step, 0.0139114 hours remaining, 2.808264 MB of memory in use.
PERFORMANCE: 6100  averaging 6.90111 ns/day, 0.0125197 sec/step with standard deviation 0.000327212
ENERGY:    6100      1883.7936       514.5013         0.0000         0.0000        -240485.1957      4360.5516      1013.9292         0.0000      4665.8845        -228046.5353       292.6379   -232712.4198   -227983.0787       294.3402            629.0716      -751.6957     58486.0933      -129.2147      -115.6432

WRITING EXTENDED SYSTEM TO RESTART FILE AT STEP 6100
WRITING COORDINATES TO DCD FILE eq2.dcd AT STEP 6100
WRITING COORDINATES TO RESTART FILE AT STEP 6100
FINISHED WRITING RESTART COORDINATES
WRITING VELOCITIES TO RESTART FILE AT STEP 6100
FINISHED WRITING RESTART VELOCITIES
TIMING: 6200  CPU: 77.678, 0.0128686/step  Wall: 77.717, 0.0128648/step, 0.0135796 hours remaining, 2.808264 MB of memory in use.
PERFORMANCE: 6200  averaging 6.89805 ns/day, 0.0125253 sec/step with standard deviation 0.000327465
ENERGY:    6200      1882.5329       504.3076         0.0000         0.0000        -240734.8537      4573.1141      1003.3958         0.0000      4756.0519        -228015.4515       298.2930   -232771.5034   -227950.6971       295.7756           3259.6011      1114.8279     58298.5902        26.4986        30.7945

WRITING EXTENDED SYSTEM TO RESTART FILE AT STEP 6200
WRITING COORDINATES TO DCD FILE eq2.dcd AT STEP 6200
WRITING COORDINATES TO RESTART FILE AT STEP 6200
FINISHED WRITING RESTART COORDINATES
WRITING VELOCITIES TO RESTART FILE AT STEP 6200
FINISHED WRITING RESTART VELOCITIES
TIMING: 6300  CPU: 78.9659, 0.0128786/step  Wall: 79.0086, 0.0129164/step, 0.0132752 hours remaining, 2.808264 MB of memory in use.
PERFORMANCE: 6300  averaging 6.89463 ns/day, 0.0125315 sec/step with standard deviation 0.000328531
ENERGY:    6300      1861.6225       474.3079         0.0000         0.0000        -240660.2026      4548.4210      1069.6714         0.0000      4695.6004        -228010.5794       294.5016   -232706.1798   -227945.2873       297.7054           4229.4681      1613.9819     58272.9354       112.6711       106.5532

WRITING EXTENDED SYSTEM TO RESTART FILE AT STEP 6300
WRITING COORDINATES TO DCD FILE eq2.dcd AT STEP 6300
WRITING COORDINATES TO RESTART FILE AT STEP 6300
FINISHED WRITING RESTART COORDINATES
WRITING VELOCITIES TO RESTART FILE AT STEP 6300
FINISHED WRITING RESTART VELOCITIES
TIMING: 6400  CPU: 80.2558, 0.0128994/step  Wall: 80.2989, 0.0129031/step, 0.0129031 hours remaining, 2.808264 MB of memory in use.
PERFORMANCE: 6400  averaging 6.89144 ns/day, 0.0125373 sec/step with standard deviation 0.000329207
ENERGY:    6400      1871.3762       479.4836         0.0000         0.0000        -240558.1463      4481.5671      1006.0688         0.0000      4730.9942        -227988.6564       296.7215   -232719.6506   -227929.1502       297.7093           2321.2651       438.0808     58393.5386       119.8097       125.7282

WRITING EXTENDED SYSTEM TO RESTART FILE AT STEP 6400
WRITING COORDINATES TO DCD FILE eq2.dcd AT STEP 6400
WRITING COORDINATES TO RESTART FILE AT STEP 6400
FINISHED WRITING RESTART COORDINATES
WRITING VELOCITIES TO RESTART FILE AT STEP 6400
FINISHED WRITING RESTART VELOCITIES
TIMING: 6500  CPU: 81.5448, 0.012889/step  Wall: 81.5877, 0.0128875/step, 0.0125295 hours remaining, 2.808264 MB of memory in use.
PERFORMANCE: 6500  averaging 6.88848 ns/day, 0.0125427 sec/step with standard deviation 0.000329501
ENERGY:    6500      1852.5201       477.6039         0.0000         0.0000        -240392.2019      4279.7924       986.9978         0.0000      4769.2759        -228026.0118       299.1224   -232795.2877   -227960.2711       295.3102            409.6075     -1827.3321     58514.0538       -18.1345       -11.9059

WRITING EXTENDED SYSTEM TO RESTART FILE AT STEP 6500
WRITING COORDINATES TO DCD FILE eq2.dcd AT STEP 6500
WRITING COORDINATES TO RESTART FILE AT STEP 6500
FINISHED WRITING RESTART COORDINATES
WRITING VELOCITIES TO RESTART FILE AT STEP 6500
FINISHED WRITING RESTART VELOCITIES
TIMING: 6600  CPU: 82.8307, 0.0128592/step  Wall: 82.8741, 0.0128643/step, 0.0121496 hours remaining, 2.808264 MB of memory in use.
PERFORMANCE: 6600  averaging 6.8858 ns/day, 0.0125476 sec/step with standard deviation 0.000329344
ENERGY:    6600      1901.9444       507.9500         0.0000         0.0000        -240394.3464      4251.7625      1011.0758         0.0000      4728.9314        -227992.6823       296.5921   -232721.6137   -227932.4931       296.9619           1438.5120     -1166.1833     58406.2379        -4.4995       -16.0410

WRITING EXTENDED SYSTEM TO RESTART FILE AT STEP 6600
WRITING COORDINATES TO DCD FILE eq2.dcd AT STEP 6600
WRITING COORDINATES TO RESTART FILE AT STEP 6600
FINISHED WRITING RESTART COORDINATES
WRITING VELOCITIES TO RESTART FILE AT STEP 6600
FINISHED WRITING RESTART VELOCITIES
TIMING: 6700  CPU: 84.1196, 0.0128894/step  Wall: 84.1676, 0.0129345/step, 0.0118567 hours remaining, 2.808264 MB of memory in use.
PERFORMANCE: 6700  averaging 6.88263 ns/day, 0.0125533 sec/step with standard deviation 0.000330241
ENERGY:    6700      1878.0204       512.2953         0.0000         0.0000        -240481.3221      4346.7321       984.3735         0.0000      4706.4828        -228053.4180       295.1841   -232759.9008   -227984.7621       296.8050            493.7235     -1365.8724     58402.0838        33.9707        30.4304

WRITING EXTENDED SYSTEM TO RESTART FILE AT STEP 6700
WRITING COORDINATES TO DCD FILE eq2.dcd AT STEP 6700
WRITING COORDINATES TO RESTART FILE AT STEP 6700
FINISHED WRITING RESTART COORDINATES
WRITING VELOCITIES TO RESTART FILE AT STEP 6700
FINISHED WRITING RESTART VELOCITIES
TIMING: 6800  CPU: 85.4065, 0.0128694/step  Wall: 85.4545, 0.0128692/step, 0.0114393 hours remaining, 2.808264 MB of memory in use.
PERFORMANCE: 6800  averaging 6.88009 ns/day, 0.012558 sec/step with standard deviation 0.000329998
ENERGY:    6800      1892.8772       504.0980         0.0000         0.0000        -240819.3857      4589.0647      1047.2831         0.0000      4718.5647        -228067.4981       295.9419   -232786.0628   -228000.3431       294.7550           2550.0377       659.9008     58114.0866      -260.0506      -256.6615

WRITING EXTENDED SYSTEM TO RESTART FILE AT STEP 6800
WRITING COORDINATES TO DCD FILE eq2.dcd AT STEP 6800
WRITING COORDINATES TO RESTART FILE AT STEP 6800
FINISHED WRITING RESTART COORDINATES
WRITING VELOCITIES TO RESTART FILE AT STEP 6800
FINISHED WRITING RESTART VELOCITIES
TIMING: 6900  CPU: 86.6965, 0.0128992/step  Wall: 86.7443, 0.0128985/step, 0.0111071 hours remaining, 2.808264 MB of memory in use.
PERFORMANCE: 6900  averaging 6.87738 ns/day, 0.0125629 sec/step with standard deviation 0.000330118
ENERGY:    6900      1908.6203       479.0994         0.0000         0.0000        -240660.5963      4556.7550      1038.2456         0.0000      4704.4378        -227973.4382       295.0559   -232677.8760   -227908.9305       296.6995           3411.4352      1365.1098     57976.7199       154.9671       156.4288

WRITING EXTENDED SYSTEM TO RESTART FILE AT STEP 6900
WRITING COORDINATES TO DCD FILE eq2.dcd AT STEP 6900
WRITING COORDINATES TO RESTART FILE AT STEP 6900
FINISHED WRITING RESTART COORDINATES
WRITING VELOCITIES TO RESTART FILE AT STEP 6900
FINISHED WRITING RESTART VELOCITIES
TIMING: 7000  CPU: 87.9883, 0.0129188/step  Wall: 88.0357, 0.0129139/step, 0.0107615 hours remaining, 2.808264 MB of memory in use.
PERFORMANCE: 7000  averaging 6.87464 ns/day, 0.0125679 sec/step with standard deviation 0.00033039
ETITLE:      TS           BOND          ANGLE          DIHED          IMPRP               ELECT            VDW       BOUNDARY           MISC        KINETIC               TOTAL           TEMP      POTENTIAL         TOTAL3        TEMPAVG            PRESSURE      GPRESSURE         VOLUME       PRESSAVG      GPRESSAVG

ENERGY:    7000      1828.1345       455.6614         0.0000         0.0000        -240600.8812      4516.9798      1034.1414         0.0000      4883.2145        -227882.7496       306.2685   -232765.9640   -227825.3288       298.7998           3430.6252       936.1565     58024.3945       100.0956       102.0590

WRITING EXTENDED SYSTEM TO RESTART FILE AT STEP 7000
WRITING COORDINATES TO DCD FILE eq2.dcd AT STEP 7000
WRITING COORDINATES TO RESTART FILE AT STEP 7000
FINISHED WRITING RESTART COORDINATES
WRITING VELOCITIES TO RESTART FILE AT STEP 7000
FINISHED WRITING RESTART VELOCITIES
TIMING: 7100  CPU: 89.2832, 0.0129484/step  Wall: 89.3311, 0.0129537/step, 0.0104349 hours remaining, 2.808264 MB of memory in use.
PERFORMANCE: 7100  averaging 6.87167 ns/day, 0.0125734 sec/step with standard deviation 0.000331202
ENERGY:    7100      1912.6828       477.6700         0.0000         0.0000        -240778.2489      4676.5846      1044.8985         0.0000      4748.3318        -227918.0814       297.8088   -232666.4131   -227860.0033       302.4414           4257.5084      1663.7516     57992.8791       252.8907       249.0131

WRITING EXTENDED SYSTEM TO RESTART FILE AT STEP 7100
WRITING COORDINATES TO DCD FILE eq2.dcd AT STEP 7100
WRITING COORDINATES TO RESTART FILE AT STEP 7100
FINISHED WRITING RESTART COORDINATES
WRITING VELOCITIES TO RESTART FILE AT STEP 7100
FINISHED WRITING RESTART VELOCITIES
TIMING: 7200  CPU: 90.5891, 0.0130588/step  Wall: 90.6366, 0.0130553/step, 0.0101541 hours remaining, 2.808264 MB of memory in use.
PERFORMANCE: 7200  averaging 6.86801 ns/day, 0.0125801 sec/step with standard deviation 0.00033373
ENERGY:    7200      1905.2970       497.3178         0.0000         0.0000        -240625.3943      4508.0234      1019.8021         0.0000      4771.5117        -227923.4424       299.2627   -232694.9541   -227864.6726       301.1364           2586.4449       663.7395     58071.6241       108.7266       102.3243

WRITING EXTENDED SYSTEM TO RESTART FILE AT STEP 7200
WRITING COORDINATES TO DCD FILE eq2.dcd AT STEP 7200
WRITING COORDINATES TO RESTART FILE AT STEP 7200
FINISHED WRITING RESTART COORDINATES
WRITING VELOCITIES TO RESTART FILE AT STEP 7200
FINISHED WRITING RESTART VELOCITIES
TIMING: 7300  CPU: 91.8959, 0.0130687/step  Wall: 91.9445, 0.0130784/step, 0.0098088 hours remaining, 2.808264 MB of memory in use.
PERFORMANCE: 7300  averaging 6.86429 ns/day, 0.0125869 sec/step with standard deviation 0.000336497
ENERGY:    7300      1925.1194       507.5942         0.0000         0.0000        -240466.4262      4309.5629       980.5627         0.0000      4836.7412        -227906.8458       303.3538   -232743.5870   -227838.2085       301.8837             49.7875     -1130.3965     58102.9868      -297.6411      -277.3012

WRITING EXTENDED SYSTEM TO RESTART FILE AT STEP 7300
WRITING COORDINATES TO DCD FILE eq2.dcd AT STEP 7300
WRITING COORDINATES TO RESTART FILE AT STEP 7300
FINISHED WRITING RESTART COORDINATES
WRITING VELOCITIES TO RESTART FILE AT STEP 7300
FINISHED WRITING RESTART VELOCITIES
TIMING: 7400  CPU: 93.1928, 0.0129686/step  Wall: 93.2407, 0.0129625/step, 0.00936181 hours remaining, 2.808264 MB of memory in use.
PERFORMANCE: 7400  averaging 6.86152 ns/day, 0.012592 sec/step with standard deviation 0.000337025
ENERGY:    7400      1887.6371       518.7872         0.0000         0.0000        -240550.9784      4331.0818      1026.4032         0.0000      4804.1312        -227982.9380       301.3085   -232787.0692   -227928.3889       299.7086           2057.7480     -1096.6514     57995.2246       -20.8397       -33.9864

WRITING EXTENDED SYSTEM TO RESTART FILE AT STEP 7400
WRITING COORDINATES TO DCD FILE eq2.dcd AT STEP 7400
WRITING COORDINATES TO RESTART FILE AT STEP 7400
FINISHED WRITING RESTART COORDINATES
WRITING VELOCITIES TO RESTART FILE AT STEP 7400
FINISHED WRITING RESTART VELOCITIES
TIMING: 7500  CPU: 94.5336, 0.0134079/step  Wall: 94.5822, 0.0134149/step, 0.00931588 hours remaining, 2.808264 MB of memory in use.
PERFORMANCE: 7500  averaging 6.85555 ns/day, 0.0126029 sec/step with standard deviation 0.000347966
ENERGY:    7500      1873.1506       523.4650         0.0000         0.0000        -240754.2938      4508.0711      1008.6646         0.0000      4773.3202        -228067.6223       299.3761   -232840.9424   -228003.8439       299.6132           3159.9629       607.4561     57756.9671        69.2815        58.1474

WRITING EXTENDED SYSTEM TO RESTART FILE AT STEP 7500
WRITING COORDINATES TO DCD FILE eq2.dcd AT STEP 7500
WRITING COORDINATES TO RESTART FILE AT STEP 7500
FINISHED WRITING RESTART COORDINATES
WRITING VELOCITIES TO RESTART FILE AT STEP 7500
FINISHED WRITING RESTART VELOCITIES
TIMING: 7600  CPU: 95.8433, 0.0130977/step  Wall: 95.8923, 0.0131007/step, 0.00873379 hours remaining, 2.808264 MB of memory in use.
PERFORMANCE: 7600  averaging 6.85199 ns/day, 0.0126095 sec/step with standard deviation 0.000350322
ENERGY:    7600      1916.7205       528.2527         0.0000         0.0000        -240922.3490      4593.0779      1033.0807         0.0000      4780.8853        -228070.3319       299.8506   -232851.2172   -228005.3494       296.6615           4137.1605      2202.0903     57595.1654        -8.8574        -2.8226

WRITING EXTENDED SYSTEM TO RESTART FILE AT STEP 7600
WRITING COORDINATES TO DCD FILE eq2.dcd AT STEP 7600
WRITING COORDINATES TO RESTART FILE AT STEP 7600
FINISHED WRITING RESTART COORDINATES
WRITING VELOCITIES TO RESTART FILE AT STEP 7600
FINISHED WRITING RESTART VELOCITIES
TIMING: 7700  CPU: 97.1511, 0.0130777/step  Wall: 97.2005, 0.0130829/step, 0.00835851 hours remaining, 2.808264 MB of memory in use.
PERFORMANCE: 7700  averaging 6.84865 ns/day, 0.0126156 sec/step with standard deviation 0.000352167
ENERGY:    7700      1862.6705       499.9243         0.0000         0.0000        -240813.4258      4572.7097      1060.3528         0.0000      4795.9872        -228021.7813       300.7977   -232817.7685   -227957.0418       298.8498           4649.4396      2545.1500     57720.7230        65.6607        74.1719

WRITING EXTENDED SYSTEM TO RESTART FILE AT STEP 7700
WRITING COORDINATES TO DCD FILE eq2.dcd AT STEP 7700
WRITING COORDINATES TO RESTART FILE AT STEP 7700
FINISHED WRITING RESTART COORDINATES
WRITING VELOCITIES TO RESTART FILE AT STEP 7700
FINISHED WRITING RESTART VELOCITIES
TIMING: 7800  CPU: 98.4669, 0.0131577/step  Wall: 98.5161, 0.0131555/step, 0.00803949 hours remaining, 2.808264 MB of memory in use.
PERFORMANCE: 7800  averaging 6.84489 ns/day, 0.0126225 sec/step with standard deviation 0.000355173
ENERGY:    7800      1887.9554       479.8664         0.0000         0.0000        -240616.4331      4361.2555      1052.4325         0.0000      4828.7787        -228006.1446       302.8544   -232834.9233   -227946.4120       298.3606           2199.0278      -529.9814     57961.4928       190.1406       182.5150

WRITING EXTENDED SYSTEM TO RESTART FILE AT STEP 7800
WRITING COORDINATES TO DCD FILE eq2.dcd AT STEP 7800
WRITING COORDINATES TO RESTART FILE AT STEP 7800
FINISHED WRITING RESTART COORDINATES
WRITING VELOCITIES TO RESTART FILE AT STEP 7800
FINISHED WRITING RESTART VELOCITIES
TIMING: 7900  CPU: 99.7796, 0.0131272/step  Wall: 99.8289, 0.0131284/step, 0.00765825 hours remaining, 2.808264 MB of memory in use.
PERFORMANCE: 7900  averaging 6.84142 ns/day, 0.012629 sec/step with standard deviation 0.000357449
ENERGY:    7900      1913.5558       484.4861         0.0000         0.0000        -240368.7147      4243.2709       998.4235         0.0000      4727.2159        -228001.7626       296.4845   -232728.9784   -227939.9809       298.3785            468.1302     -1611.4780     58177.5581        78.1889        73.8102

WRITING EXTENDED SYSTEM TO RESTART FILE AT STEP 7900
WRITING COORDINATES TO DCD FILE eq2.dcd AT STEP 7900
WRITING COORDINATES TO RESTART FILE AT STEP 7900
FINISHED WRITING RESTART COORDINATES
WRITING VELOCITIES TO RESTART FILE AT STEP 7900
FINISHED WRITING RESTART VELOCITIES
TIMING: 8000  CPU: 101.091, 0.0131178/step  Wall: 101.141, 0.0131188/step, 0.00728824 hours remaining, 2.808264 MB of memory in use.
PERFORMANCE: 8000  averaging 6.83811 ns/day, 0.0126351 sec/step with standard deviation 0.000359378
ETITLE:      TS           BOND          ANGLE          DIHED          IMPRP               ELECT            VDW       BOUNDARY           MISC        KINETIC               TOTAL           TEMP      POTENTIAL         TOTAL3        TEMPAVG            PRESSURE      GPRESSURE         VOLUME       PRESSAVG      GPRESSAVG

ENERGY:    8000      1913.5430       468.3105         0.0000         0.0000        -240334.5699      4201.9107      1010.5907         0.0000      4609.8409        -228130.3741       289.1229   -232740.2151   -228068.8191       297.2715            -10.1037     -1543.2804     58094.4142      -164.5665      -157.7825

WRITING EXTENDED SYSTEM TO RESTART FILE AT STEP 8000
WRITING COORDINATES TO DCD FILE eq2.dcd AT STEP 8000
WRITING COORDINATES TO RESTART FILE AT STEP 8000
FINISHED WRITING RESTART COORDINATES
WRITING VELOCITIES TO RESTART FILE AT STEP 8000
FINISHED WRITING RESTART VELOCITIES
TIMING: 8100  CPU: 102.39, 0.0129888/step  Wall: 102.444, 0.013035/step, 0.00687957 hours remaining, 2.808264 MB of memory in use.
PERFORMANCE: 8100  averaging 6.83544 ns/day, 0.01264 sec/step with standard deviation 0.000359878
ENERGY:    8100      1881.4072       468.5482         0.0000         0.0000        -240690.5623      4437.6484      1036.8836         0.0000      4673.1835        -228192.8912       293.0956   -232866.0748   -228121.7956       293.6768           2357.1879       503.8310     57866.7566       -27.3420       -19.2731

WRITING EXTENDED SYSTEM TO RESTART FILE AT STEP 8100
WRITING COORDINATES TO DCD FILE eq2.dcd AT STEP 8100
WRITING COORDINATES TO RESTART FILE AT STEP 8100
FINISHED WRITING RESTART COORDINATES
WRITING VELOCITIES TO RESTART FILE AT STEP 8100
FINISHED WRITING RESTART VELOCITIES
TIMING: 8200  CPU: 103.692, 0.0130187/step  Wall: 103.746, 0.0130139/step, 0.00650694 hours remaining, 2.808264 MB of memory in use.
PERFORMANCE: 8200  averaging 6.83297 ns/day, 0.0126446 sec/step with standard deviation 0.000360025
ENERGY:    8200      1842.0241       486.9170         0.0000         0.0000        -240749.5590      4544.9128      1016.1486         0.0000      4742.9099        -228116.6465       297.4688   -232859.5564   -228056.0521       294.8896           3956.4901       978.8514     57693.2450       150.7549       145.2350

WRITING EXTENDED SYSTEM TO RESTART FILE AT STEP 8200
WRITING COORDINATES TO DCD FILE eq2.dcd AT STEP 8200
WRITING COORDINATES TO RESTART FILE AT STEP 8200
FINISHED WRITING RESTART COORDINATES
WRITING VELOCITIES TO RESTART FILE AT STEP 8200
FINISHED WRITING RESTART VELOCITIES
LDB: ============= START OF LOAD BALANCING ============== 105.015
LDB: ============== END OF LOAD BALANCING =============== 105.015
LDB: =============== DONE WITH MIGRATION ================ 105.015
TIMING: 8300  CPU: 104.993, 0.0130089/step  Wall: 105.047, 0.013013/step, 0.006145 hours remaining, 2.808264 MB of memory in use.
PERFORMANCE: 8300  averaging 6.83057 ns/day, 0.012649 sec/step with standard deviation 0.0003601
ENERGY:    8300      1898.0663       524.5557         0.0000         0.0000        -240859.0395      4508.1000      1020.5589         0.0000      4780.6024        -228127.1561       299.8328   -232907.7585   -228059.1842       296.3580           2317.9412       130.0839     57611.0566        55.5761        48.4972

WRITING EXTENDED SYSTEM TO RESTART FILE AT STEP 8300
WRITING COORDINATES TO DCD FILE eq2.dcd AT STEP 8300
WRITING COORDINATES TO RESTART FILE AT STEP 8300
FINISHED WRITING RESTART COORDINATES
WRITING VELOCITIES TO RESTART FILE AT STEP 8300
FINISHED WRITING RESTART VELOCITIES
LDB: ============= START OF LOAD BALANCING ============== 106.325
LDB: ============== END OF LOAD BALANCING =============== 106.325
LDB: =============== DONE WITH MIGRATION ================ 106.325
TIMING: 8400  CPU: 106.302, 0.0130887/step  Wall: 106.356, 0.0130939/step, 0.00581951 hours remaining, 2.808264 MB of memory in use.
PERFORMANCE: 8400  averaging 6.82771 ns/day, 0.0126543 sec/step with standard deviation 0.000361201
ENERGY:    8400      1881.2897       496.8436         0.0000         0.0000        -240725.9999      4388.7474      1040.3126         0.0000      4781.3962        -228137.4103       299.8826   -232918.8066   -228074.7517       297.6619           2472.3159         9.7268     57622.9630       -74.9569       -65.8137

WRITING EXTENDED SYSTEM TO RESTART FILE AT STEP 8400
WRITING COORDINATES TO DCD FILE eq2.dcd AT STEP 8400
WRITING COORDINATES TO RESTART FILE AT STEP 8400
FINISHED WRITING RESTART COORDINATES
WRITING VELOCITIES TO RESTART FILE AT STEP 8400
FINISHED WRITING RESTART VELOCITIES
TIMING: 8500  CPU: 107.607, 0.0130479/step  Wall: 107.662, 0.0130513/step, 0.00543805 hours remaining, 2.808264 MB of memory in use.
PERFORMANCE: 8500  averaging 6.8252 ns/day, 0.012659 sec/step with standard deviation 0.000361618
ENERGY:    8500      1854.2947       490.2593         0.0000         0.0000        -240690.1051      4504.4058      1016.2811         0.0000      4663.9863        -228160.8779       292.5188   -232824.8641   -228101.1047       296.5694           3836.0283      1431.4720     57523.6494       110.5478        97.1589

WRITING EXTENDED SYSTEM TO RESTART FILE AT STEP 8500
WRITING COORDINATES TO DCD FILE eq2.dcd AT STEP 8500
WRITING COORDINATES TO RESTART FILE AT STEP 8500
FINISHED WRITING RESTART COORDINATES
WRITING VELOCITIES TO RESTART FILE AT STEP 8500
FINISHED WRITING RESTART VELOCITIES
TIMING: 8600  CPU: 108.915, 0.0130794/step  Wall: 108.969, 0.0130775/step, 0.00508569 hours remaining, 2.808264 MB of memory in use.
PERFORMANCE: 8600  averaging 6.82257 ns/day, 0.0126638 sec/step with standard deviation 0.000362306
ENERGY:    8600      1895.5699       501.7073         0.0000         0.0000        -241055.8032      4669.8557      1042.3703         0.0000      4770.7219        -228175.5780       299.2131   -232946.2999   -228105.2136       293.1837           3626.1652      2319.5742     57352.9684       -18.6294        -4.2628

WRITING EXTENDED SYSTEM TO RESTART FILE AT STEP 8600
WRITING COORDINATES TO DCD FILE eq2.dcd AT STEP 8600
WRITING COORDINATES TO RESTART FILE AT STEP 8600
FINISHED WRITING RESTART COORDINATES
WRITING VELOCITIES TO RESTART FILE AT STEP 8600
FINISHED WRITING RESTART VELOCITIES
TIMING: 8700  CPU: 110.236, 0.0132094/step  Wall: 110.29, 0.0132059/step, 0.00476881 hours remaining, 2.808264 MB of memory in use.
PERFORMANCE: 8700  averaging 6.81922 ns/day, 0.0126701 sec/step with standard deviation 0.000364852
ENERGY:    8700      1868.6220       484.7732         0.0000         0.0000        -240940.8223      4613.2622      1043.4370         0.0000      4735.0302        -228195.6977       296.9746   -232930.7279   -228130.7206       295.5066           2712.5877       787.0715     57574.0904       115.5440       127.9991

WRITING EXTENDED SYSTEM TO RESTART FILE AT STEP 8700
WRITING COORDINATES TO DCD FILE eq2.dcd AT STEP 8700
WRITING COORDINATES TO RESTART FILE AT STEP 8700
FINISHED WRITING RESTART COORDINATES
WRITING VELOCITIES TO RESTART FILE AT STEP 8700
FINISHED WRITING RESTART VELOCITIES
TIMING: 8800  CPU: 111.584, 0.0134891/step  Wall: 111.639, 0.0134896/step, 0.00449654 hours remaining, 2.808264 MB of memory in use.
PERFORMANCE: 8800  averaging 6.81421 ns/day, 0.0126794 sec/step with standard deviation 0.000373121
ENERGY:    8800      1833.5384       468.0407         0.0000         0.0000        -240667.2001      4389.9401      1027.7401         0.0000      4739.8668        -228208.0740       297.2779   -232947.9409   -228154.8597       294.5675           2458.7538      -864.4893     57641.2152        70.8639        53.0106

WRITING EXTENDED SYSTEM TO RESTART FILE AT STEP 8800
WRITING COORDINATES TO DCD FILE eq2.dcd AT STEP 8800
WRITING COORDINATES TO RESTART FILE AT STEP 8800
FINISHED WRITING RESTART COORDINATES
WRITING VELOCITIES TO RESTART FILE AT STEP 8800
FINISHED WRITING RESTART VELOCITIES
TIMING: 8900  CPU: 112.932, 0.0134792/step  Wall: 112.987, 0.0134858/step, 0.00412067 hours remaining, 2.808264 MB of memory in use.
PERFORMANCE: 8900  averaging 6.80934 ns/day, 0.0126884 sec/step with standard deviation 0.000380716
ENERGY:    8900      1891.9768       467.8255         0.0000         0.0000        -240553.8009      4312.0121       994.2403         0.0000      4691.5697        -228196.1764       294.2488   -232887.7462   -228135.7421       295.3722            351.6716     -1563.9854     57529.3380       -35.9705       -42.2635

WRITING EXTENDED SYSTEM TO RESTART FILE AT STEP 8900
WRITING COORDINATES TO DCD FILE eq2.dcd AT STEP 8900
WRITING COORDINATES TO RESTART FILE AT STEP 8900
FINISHED WRITING RESTART COORDINATES
WRITING VELOCITIES TO RESTART FILE AT STEP 8900
FINISHED WRITING RESTART VELOCITIES
TIMING: 9000  CPU: 114.276, 0.0134391/step  Wall: 114.331, 0.0134338/step, 0.00373161 hours remaining, 2.808264 MB of memory in use.
PERFORMANCE: 9000  averaging 6.8049 ns/day, 0.0126967 sec/step with standard deviation 0.000386638
ETITLE:      TS           BOND          ANGLE          DIHED          IMPRP               ELECT            VDW       BOUNDARY           MISC        KINETIC               TOTAL           TEMP      POTENTIAL         TOTAL3        TEMPAVG            PRESSURE      GPRESSURE         VOLUME       PRESSAVG      GPRESSAVG

ENERGY:    9000      1946.9928       448.6688         0.0000         0.0000        -240602.9595      4298.9508       996.9137         0.0000      4644.6545        -228266.7789       291.3063   -232911.4334   -228197.3002       294.4795           -545.4827     -1703.4785     57449.5511      -138.6286      -123.2464

WRITING EXTENDED SYSTEM TO RESTART FILE AT STEP 9000
WRITING COORDINATES TO DCD FILE eq2.dcd AT STEP 9000
WRITING COORDINATES TO RESTART FILE AT STEP 9000
FINISHED WRITING RESTART COORDINATES
WRITING VELOCITIES TO RESTART FILE AT STEP 9000
FINISHED WRITING RESTART VELOCITIES
TIMING: 9100  CPU: 115.635, 0.0135881/step  Wall: 115.69, 0.0135908/step, 0.0033977 hours remaining, 2.808264 MB of memory in use.
PERFORMANCE: 9100  averaging 6.79964 ns/day, 0.0127066 sec/step with standard deviation 0.000395743
ENERGY:    9100      1891.1895       480.6105         0.0000         0.0000        -240686.1509      4410.1276      1012.0037         0.0000      4660.8012        -228231.4185       292.3190   -232892.2196   -228170.3642       294.5315           1559.1190      -974.4939     57431.9629       -22.1030       -17.4674

WRITING EXTENDED SYSTEM TO RESTART FILE AT STEP 9100
WRITING COORDINATES TO DCD FILE eq2.dcd AT STEP 9100
WRITING COORDINATES TO RESTART FILE AT STEP 9100
FINISHED WRITING RESTART COORDINATES
WRITING VELOCITIES TO RESTART FILE AT STEP 9100
FINISHED WRITING RESTART VELOCITIES
TIMING: 9200  CPU: 117.037, 0.0140159/step  Wall: 117.092, 0.0140259/step, 0.00311687 hours remaining, 2.808264 MB of memory in use.
PERFORMANCE: 9200  averaging 6.79197 ns/day, 0.0127209 sec/step with standard deviation 0.000416907
ENERGY:    9200      1838.3710       506.1454         0.0000         0.0000        -240519.1344      4298.0901      1022.2707         0.0000      4710.5666        -228143.6905       295.4403   -232854.2571   -228086.4375       294.0630           2327.6962      -817.2664     57551.1627        20.1123        -7.0187

WRITING EXTENDED SYSTEM TO RESTART FILE AT STEP 9200
WRITING COORDINATES TO DCD FILE eq2.dcd AT STEP 9200
WRITING COORDINATES TO RESTART FILE AT STEP 9200
FINISHED WRITING RESTART COORDINATES
WRITING VELOCITIES TO RESTART FILE AT STEP 9200
FINISHED WRITING RESTART VELOCITIES
TIMING: 9300  CPU: 118.474, 0.0143721/step  Wall: 118.53, 0.0143749/step, 0.00279512 hours remaining, 2.808264 MB of memory in use.
PERFORMANCE: 9300  averaging 6.78249 ns/day, 0.0127387 sec/step with standard deviation 0.000448708
ENERGY:    9300      1932.9737       507.9734         0.0000         0.0000        -240588.6925      4293.5025      1034.6730         0.0000      4651.6271        -228167.9428       291.7437   -232819.5699   -228107.4143       296.4543           1056.5985      -542.3440     57481.8520        -8.1663         0.9808

WRITING EXTENDED SYSTEM TO RESTART FILE AT STEP 9300
WRITING COORDINATES TO DCD FILE eq2.dcd AT STEP 9300
WRITING COORDINATES TO RESTART FILE AT STEP 9300
FINISHED WRITING RESTART COORDINATES
WRITING VELOCITIES TO RESTART FILE AT STEP 9300
FINISHED WRITING RESTART VELOCITIES
TIMING: 9400  CPU: 119.889, 0.0141549/step  Wall: 119.946, 0.0141597/step, 0.00235995 hours remaining, 2.808264 MB of memory in use.
PERFORMANCE: 9400  averaging 6.77445 ns/day, 0.0127538 sec/step with standard deviation 0.00046974
ENERGY:    9400      1887.8974       520.5634         0.0000         0.0000        -240827.0348      4509.9905      1044.7500         0.0000      4741.9349        -228121.8987       297.4076   -232863.8336   -228061.7999       295.5056           2997.2636       768.9536     57385.3203        10.8885        15.8329

WRITING EXTENDED SYSTEM TO RESTART FILE AT STEP 9400
WRITING COORDINATES TO DCD FILE eq2.dcd AT STEP 9400
WRITING COORDINATES TO RESTART FILE AT STEP 9400
FINISHED WRITING RESTART COORDINATES
WRITING VELOCITIES TO RESTART FILE AT STEP 9400
FINISHED WRITING RESTART VELOCITIES
TIMING: 9500  CPU: 121.261, 0.01372/step  Wall: 121.322, 0.0137575/step, 0.00191077 hours remaining, 2.808264 MB of memory in use.
PERFORMANCE: 9500  averaging 6.76884 ns/day, 0.0127644 sec/step with standard deviation 0.000478449
ENERGY:    9500      1872.0115       491.4683         0.0000         0.0000        -240904.7677      4616.6961      1027.6086         0.0000      4782.5024        -228114.4809       299.9520   -232896.9832   -228049.3657       297.2250           3850.1575      1370.3521     57280.6053       144.9902       143.9728

WRITING EXTENDED SYSTEM TO RESTART FILE AT STEP 9500
WRITING COORDINATES TO DCD FILE eq2.dcd AT STEP 9500
WRITING COORDINATES TO RESTART FILE AT STEP 9500
FINISHED WRITING RESTART COORDINATES
WRITING VELOCITIES TO RESTART FILE AT STEP 9500
FINISHED WRITING RESTART VELOCITIES
TIMING: 9600  CPU: 122.616, 0.013549/step  Wall: 122.677, 0.0135504/step, 0.0015056 hours remaining, 2.808264 MB of memory in use.
PERFORMANCE: 9600  averaging 6.76451 ns/day, 0.0127726 sec/step with standard deviation 0.000482638
ENERGY:    9600      1884.2904       482.4081         0.0000         0.0000        -240674.4466      4409.0711      1029.7918         0.0000      4789.7209        -228079.1643       300.4047   -232868.8852   -228024.6225       299.4438           1510.3699     -1104.0518     57325.9080        18.3988        17.7050

WRITING EXTENDED SYSTEM TO RESTART FILE AT STEP 9600
WRITING COORDINATES TO DCD FILE eq2.dcd AT STEP 9600
WRITING COORDINATES TO RESTART FILE AT STEP 9600
FINISHED WRITING RESTART COORDINATES
WRITING VELOCITIES TO RESTART FILE AT STEP 9600
FINISHED WRITING RESTART VELOCITIES
TIMING: 9700  CPU: 123.968, 0.0135193/step  Wall: 124.03, 0.0135281/step, 0.00112735 hours remaining, 2.808264 MB of memory in use.
PERFORMANCE: 9700  averaging 6.76038 ns/day, 0.0127803 sec/step with standard deviation 0.000486208
ENERGY:    9700      1902.8530       467.1157         0.0000         0.0000        -240351.7553      4163.7691       968.3065         0.0000      4672.3944        -228177.3166       293.0462   -232849.7110   -228112.1586       298.9221           -958.7984     -3126.2674     57424.5290       -86.7325       -93.3396

WRITING EXTENDED SYSTEM TO RESTART FILE AT STEP 9700
WRITING COORDINATES TO DCD FILE eq2.dcd AT STEP 9700
WRITING COORDINATES TO RESTART FILE AT STEP 9700
FINISHED WRITING RESTART COORDINATES
WRITING VELOCITIES TO RESTART FILE AT STEP 9700
FINISHED WRITING RESTART VELOCITIES
TIMING: 9800  CPU: 125.331, 0.0136291/step  Wall: 125.393, 0.01363/step, 0.000757223 hours remaining, 2.808264 MB of memory in use.
PERFORMANCE: 9800  averaging 6.7558 ns/day, 0.012789 sec/step with standard deviation 0.000491252
ENERGY:    9800      1929.6903       485.2596         0.0000         0.0000        -240572.9533      4253.8031       993.2956         0.0000      4749.5085        -228161.3963       297.8826   -232910.9048   -228100.6534       295.9227            -12.6326     -1858.5331     57212.5065      -296.3464      -293.5968

WRITING EXTENDED SYSTEM TO RESTART FILE AT STEP 9800
WRITING COORDINATES TO DCD FILE eq2.dcd AT STEP 9800
WRITING COORDINATES TO RESTART FILE AT STEP 9800
FINISHED WRITING RESTART COORDINATES
WRITING VELOCITIES TO RESTART FILE AT STEP 9800
FINISHED WRITING RESTART VELOCITIES
TIMING: 9900  CPU: 126.687, 0.013559/step  Wall: 126.748, 0.0135576/step, 0.0003766 hours remaining, 2.808264 MB of memory in use.
PERFORMANCE: 9900  averaging 6.7517 ns/day, 0.0127968 sec/step with standard deviation 0.000494806
ENERGY:    9900      1834.5295       480.3192         0.0000         0.0000        -240763.5243      4488.6009      1030.9028         0.0000      4744.9378        -228184.2341       297.5960   -232929.1719   -228119.1413       296.1902           3631.5388      1113.7975     56942.9575        16.1242        23.6101

WRITING EXTENDED SYSTEM TO RESTART FILE AT STEP 9900
WRITING COORDINATES TO DCD FILE eq2.dcd AT STEP 9900
WRITING COORDINATES TO RESTART FILE AT STEP 9900
FINISHED WRITING RESTART COORDINATES
WRITING VELOCITIES TO RESTART FILE AT STEP 9900
FINISHED WRITING RESTART VELOCITIES
TIMING: 10000  CPU: 128.021, 0.0133383/step  Wall: 128.082, 0.0133412/step, 0 hours remaining, 2.808264 MB of memory in use.
PERFORMANCE: 10000  averaging 6.74883 ns/day, 0.0128022 sec/step with standard deviation 0.000495301
ETITLE:      TS           BOND          ANGLE          DIHED          IMPRP               ELECT            VDW       BOUNDARY           MISC        KINETIC               TOTAL           TEMP      POTENTIAL         TOTAL3        TEMPAVG            PRESSURE      GPRESSURE         VOLUME       PRESSAVG      GPRESSAVG

ENERGY:   10000      1867.1677       514.5359         0.0000         0.0000        -241024.2946      4692.8927      1051.2592         0.0000      4699.2930        -228199.1461       294.7332   -232898.4392   -228138.5978       296.4501           5690.6159      2768.9072     56731.1294       183.9011       176.2781

WRITING EXTENDED SYSTEM TO RESTART FILE AT STEP 10000
WRITING COORDINATES TO DCD FILE eq2.dcd AT STEP 10000
WRITING COORDINATES TO RESTART FILE AT STEP 10000
FINISHED WRITING RESTART COORDINATES
WRITING VELOCITIES TO RESTART FILE AT STEP 10000
FINISHED WRITING RESTART VELOCITIES
WRITING EXTENDED SYSTEM TO OUTPUT FILE AT STEP 10000
CLOSING EXTENDED SYSTEM TRAJECTORY FILE
WRITING COORDINATES TO OUTPUT FILE AT STEP 10000
CLOSING COORDINATE DCD FILE eq2.dcd
WRITING VELOCITIES TO OUTPUT FILE AT STEP 10000
====================================================

WallClock: 128.116409  CPUTime: 128.051010  Memory: 2.808264 MB
[Partition 0][Node 0] End of program
