Charm++> No provisioning arguments specified. Running with a single PE.
         Use +auto-provision to fully subscribe resources or +p1 to silence this message.
Charm++: standalone mode (not using charmrun)
Charm++> Running in Multicore mode: 1 threads (PEs)
Charm++> Using recursive bisection (scheme 3) for topology aware partitions
Converse/Charm++ Commit ID: 
CharmLB> Load balancer assumes all CPUs are same.
Charm++> Running on 1 hosts (1 sockets x 8 cores x 2 PUs = 16-way SMP)
Charm++> cpu topology info is gathered in 0.000 seconds.
CharmLB> Load balancing instrumentation for communication is off.
Info: NAMD 3.0.2 for Linux-x86_64-multicore
Info: 
Info: Please visit http://www.ks.uiuc.edu/Research/namd/
Info: for updates, documentation, and support information.
Info: 
Info: Please cite Phillips et al., J. Chem. Phys. 153:044130 (2020) doi:10.1063/5.0014475
Info: in all publications reporting results obtained with NAMD.
Info: 
Info: Based on Charm++/Converse 80000 for multicore-linux-x86_64-gcc
Info: Built Wed Aug 27 15:39:24 CDT 2025 by dhardy on athine.ks.uiuc.edu
Info: 1 NAMD  3.0.2  Linux-x86_64-multicore  1    macaco-Victus-by-HP-Laptop-16-e0xxx  macaco
Info: Running on 1 processors, 1 nodes, 1 physical nodes.
Info: CPU topology information available.
Info: Charm++/Converse parallel runtime startup completed at 0.0125722 s
CkLoopLib is used in SMP with simple dynamic scheduling (converse-level notification)
Info: 24.2461 MB of memory in use based on /proc/self/stat
Info: Configuration file is run0.namd
Info: Working in the current directory /home/macaco/Documents/UAB/4rt any/simulacions/treball final/arxius/bionano-tutorial-files robant a exemple output/4_current_5V
TCL: Suspending until startup complete.
Warning: Option "1-4scaling" has been deprecated. Instead use "oneFourScaling".
Info: EXTENDED SYSTEM FILE   sample.xsc
Warning: The Langevin gamma parameters differ over the particles,
Warning: requiring extra work per step to constrain rigid bonds.
Info: SIMULATION PARAMETERS:
Info: TIMESTEP               1
Info: NUMBER OF STEPS        10000
Info: STEPS PER CYCLE        20
Info: PERIODIC CELL BASIS 1  33.2881 19.1965 0
Info: PERIODIC CELL BASIS 2  0 38.3931 0
Info: PERIODIC CELL BASIS 3  0 0 44.7598
Info: PERIODIC CELL CENTER   0 0 0
Info: WRAPPING ALL CLUSTERS AROUND PERIODIC BOUNDARIES ON OUTPUT.
Info: WRAPPING TO IMAGE NEAREST TO PERIODIC CELL CENTER.
Info: LOAD BALANCER  Centralized
Info: LOAD BALANCING STRATEGY  New Load Balancers -- DEFAULT
Info: LDB PERIOD             4000 steps
Info: FIRST LDB TIMESTEP     100
Info: LAST LDB TIMESTEP     -1
Info: LDB BACKGROUND SCALING 1
Info: HOM BACKGROUND SCALING 1
Info: PME BACKGROUND SCALING 1
Info: MIN ATOMS PER PATCH    40
Info: EMPTY PATCH LOAD       40 ATOMS
Info: VELOCITY FILE          sample.vel
Info: CENTER OF MASS MOVING INITIALLY? NO
Info: DIELECTRIC             1
Info: EXCLUDE                SCALED ONE-FOUR
Info: 1-4 ELECTROSTATICS SCALED BY 1
Info: MODIFIED 1-4 VDW PARAMETERS WILL BE USED
Info: DCD FILENAME           run0.dcd
Info: DCD FREQUENCY          1000
Info: DCD FIRST STEP         1000
Info: DCD FILE WILL CONTAIN UNIT CELL DATA
Info: XST FILENAME           run0.xst
Info: XST FREQUENCY          100
Info: NO VELOCITY DCD OUTPUT
Info: NO FORCE DCD OUTPUT
Info: OUTPUT FILENAME        run0
Info: BINARY OUTPUT FILES WILL BE USED
Info: RESTART FILENAME       run0.restart
Info: RESTART FREQUENCY      1000
Info: BINARY RESTART FILES WILL BE USED
Info: SWITCHING ACTIVE
Info: SWITCHING ON           10
Info: SWITCHING OFF          12
Info: PAIRLIST DISTANCE      14
Info: PAIRLIST SHRINK RATE   0.01
Info: PAIRLIST GROW RATE     0.01
Info: PAIRLIST TRIGGER       0.3
Info: PAIRLISTS PER CYCLE    2
Info: PAIRLISTS ENABLED
Info: MARGIN                 3
Info: HYDROGEN GROUP CUTOFF  2.5
Info: PATCH DIMENSION        19.5
Info: ENERGY OUTPUT STEPS    100
Info: ENERGY EVALUATION STEPS    100
Info: OUTPUT ENERGY PRECISION 4
Info: CROSSTERM ENERGY INCLUDED IN DIHEDRAL
Info: TIMING OUTPUT STEPS    100
Info: HARMONIC CONSTRAINTS ACTIVE
Info: HARMONIC CONS EXP      2
Info: ELECTRIC FIELD ACTIVE
Info: E-FIELD VECTOR         (0, 0, -2.57603)
Info: E-FIELD FREQUENCY IS (1/ps) 0
Info: E-FIELD PHASE IS     (deg)  0
Info: LANGEVIN DYNAMICS ACTIVE
Info: LANGEVIN TEMPERATURE   295
Info: LANGEVIN USING BBK INTEGRATOR
Info: LANGEVIN DAMPING COEFFICIENTS DETERMINED FROM FILES
Info: LANGEVIN DAMPING FILE:  sample1.0.pdb
Info: LANGEVIN DAMPING COLUMN:  B
Info: PARTICLE MESH EWALD (PME) ACTIVE
Info: PME TOLERANCE               1e-06
Info: PME EWALD COEFFICIENT       0.257952
Info: PME INTERPOLATION ORDER     4
Info: PME GRID DIMENSIONS         48 48 64
Info: PME MAXIMUM GRID SPACING    1.5
Info: Attempting to read FFTW data from FFTW_NAMD_3.0.2_Linux-x86_64-multicore.txt
Info: Optimizing 6 FFT steps.  1... 2... 3... 4... 5... 6...   Done.
Info: Writing FFTW data to FFTW_NAMD_3.0.2_Linux-x86_64-multicore.txt
Info: FULL ELECTROSTATIC EVALUATION FREQUENCY      4
Info: USING VERLET I (r-RESPA) MTS SCHEME.
Info: C1 SPLITTING OF LONG RANGE ELECTROSTATICS
Info: PLACING ATOMS IN PATCHES BY HYDROGEN GROUPS
Info: NONBONDED FORCES EVALUATED EVERY 2 STEPS
Info: RANDOM NUMBER SEED     1782487406
Info: USE HYDROGEN BONDS?    NO
Info: COORDINATE PDB         sample.pdb
Info: STRUCTURE FILE         sample.psf
Info: PARAMETER file: CHARMM format! 
Info: PARAMETERS             cornell.prm
Info: PARAMETERS             par_silicon_ions_NEW5.inp
Info: USING ARITHMETIC MEAN TO COMBINE L-J SIGMA PARAMETERS
Info: BINARY COORDINATES     sample.coor
Info: SUMMARY OF PARAMETERS:
Info: 96 BONDS
Info: 229 ANGLES
Info: 81 DIHEDRAL
Info: 31 IMPROPER
Info: 0 CROSSTERM
Info: 62 VDW
Info: 0 VDW_PAIRS
Info: 0 NBTHOLE_PAIRS
Info: TIME FOR READING PSF FILE: 0.0108085
Info: Reading pdb file sample.pdb
Info: TIME FOR READING PDB FILE: 0.00426762
Info: 
Info: ****************************
Info: STRUCTURE SUMMARY:
Info: 5545 ATOMS
Info: 5274 BONDS
Info: 7833 ANGLES
Info: 0 DIHEDRALS
Info: 0 IMPROPERS
Info: 0 CROSSTERMS
Info: 0 EXCLUSIONS
Info: 1758 CONSTRAINTS
Info: 16635 DEGREES OF FREEDOM
Info: 3087 HYDROGEN GROUPS
Info: 3 ATOMS IN LARGEST HYDROGEN GROUP
Info: 3087 MIGRATION GROUPS
Info: 3 ATOMS IN LARGEST MIGRATION GROUP
Info: TOTAL MASS = 60995.4 amu
Info: TOTAL CHARGE = -0.00015521 e
Info: MASS DENSITY = 1.77062 g/cm^3
Info: ATOM DENSITY = 0.0969329 atoms/A^3
Info: *****************************
Info: Reading from binary file sample.coor
Info: 
Info: Entering startup at 0.0528824 s, 0.0604362 MB of memory in use
Info: Startup phase 0 took 6.3613e-05 s, 0.0604362 MB of memory in use
Info: ADDED 26253 IMPLICIT EXCLUSIONS
Info: Startup phase 1 took 0.00338776 s, 0.0604362 MB of memory in use
Info: NONBONDED TABLE R-SQUARED SPACING: 0.0625
Info: NONBONDED TABLE SIZE: 769 POINTS
Info: INCONSISTENCY IN FAST TABLE ENERGY VS FORCE: 0.000325096 AT 11.9556
Info: INCONSISTENCY IN SCOR TABLE ENERGY VS FORCE: 0.000324844 AT 11.9556
Info: INCONSISTENCY IN VDWA TABLE ENERGY VS FORCE: 0.0040507 AT 0.251946
Info: INCONSISTENCY IN VDWB TABLE ENERGY VS FORCE: 0.00150189 AT 0.251946
Info: Startup phase 2 took 0.000833564 s, 0.0604362 MB of memory in use
Info: Startup phase 3 took 3.0549e-05 s, 0.0604362 MB of memory in use
Info: Startup phase 4 took 2.9296e-05 s, 0.0604362 MB of memory in use
Info: Startup phase 5 took 2.2393e-05 s, 0.0604362 MB of memory in use
Info: PATCH GRID IS 1 (PERIODIC) BY 1 (PERIODIC) BY 2 (PERIODIC)
Info: PATCH GRID IS 1-AWAY BY 1-AWAY BY 1-AWAY
Info: Reading from binary file sample.vel
Info: REMOVING COM VELOCITY 0.0693648 0.00729871 -0.00942431
Info: LARGEST PATCH (1) HAS 2775 ATOMS
Info: TORUS A SIZE 1 USING 0
Info: TORUS B SIZE 1 USING 0
Info: TORUS C SIZE 1 USING 0
Info: TORUS MINIMAL MESH SIZE IS 1 BY 1 BY 1
Info: Placed 100% of base nodes on same physical node as patch
Info: Startup phase 6 took 0.0019485 s, 0.0604362 MB of memory in use
Info: PME using 1 and 1 processors for FFT and reciprocal sum.
Info: PME GRID LOCATIONS: 0
Info: PME TRANS LOCATIONS: 0
Info: PME USING 1 GRID NODES AND 1 TRANS NODES
Info: Optimizing 4 FFT steps.  1... 2... 3... 4...   Done.
Info: Startup phase 7 took 0.000725235 s, 0.0604362 MB of memory in use
Info: Startup phase 8 took 5.3313e-05 s, 0.0604362 MB of memory in use
Info: Startup phase 9 took 3.3454e-05 s, 0.0604362 MB of memory in use
Info: Startup phase 10 took 3.0038e-05 s, 0.0604362 MB of memory in use
Info: Startup phase 11 took 2.9336e-05 s, 0.0604362 MB of memory in use
LDB: Central LB being created...
Info: Startup phase 12 took 4.7702e-05 s, 0.0604362 MB of memory in use
Info: CREATING 49 COMPUTE OBJECTS
Info: Startup phase 13 took 0.00110181 s, 0.0604362 MB of memory in use
Info: Startup phase 14 took 4.5978e-05 s, 0.0604362 MB of memory in use
Info: Startup phase 15 took 2.6942e-05 s, 0.0604362 MB of memory in use
Info: Finished startup at 0.0612919 s, 0.0604362 MB of memory in use

ETITLE:      TS           BOND          ANGLE          DIHED          IMPRP               ELECT            VDW       BOUNDARY           MISC        KINETIC               TOTAL           TEMP      POTENTIAL         TOTAL3        TEMPAVG            PRESSURE      GPRESSURE         VOLUME       PRESSAVG      GPRESSAVG

ENERGY:       0      1930.2729       593.7770         0.0000         0.0000        -232615.8824      3857.7170       994.5127       121.3569      4831.2738        -220286.9722       292.3003   -225118.2459   -220221.1297       292.3003           -964.5014     -3032.0142     57204.5172      -964.5014     -3032.0142

OPENING EXTENDED SYSTEM TRAJECTORY FILE
LDB: ============= START OF LOAD BALANCING ============== 0.377291
LDB: ============== END OF LOAD BALANCING =============== 0.377338
LDB: =============== DONE WITH MIGRATION ================ 0.377355
LDB: ============= START OF LOAD BALANCING ============== 1.53619
LDB: ============== END OF LOAD BALANCING =============== 1.53624
LDB: =============== DONE WITH MIGRATION ================ 1.53627
Info: Initial time: 1 CPUs 0.0146296 s/step 0.169325 days/ns 0.0604362 MB memory
TIMING: 100  CPU: 1.5373, 0.0146255/step  Wall: 1.54042, 0.014632/step, 0.040238 hours remaining, 0.060436 MB of memory in use.
PERFORMANCE: 100  averaging 5.90486 ns/day, 0.014632 sec/step with standard deviation 0
ENERGY:     100      1944.8255       523.5006         0.0000         0.0000        -232662.5430      3979.9360      1029.6460       -78.5187      4958.3694        -220304.7843       299.9898   -225263.1537   -220239.8800       299.2811            263.7378     -1620.8627     57204.5172     -2407.5059     -2398.9064

LDB: ============= START OF LOAD BALANCING ============== 1.82934
LDB: ============== END OF LOAD BALANCING =============== 1.82939
LDB: =============== DONE WITH MIGRATION ================ 1.82941
LDB: ============= START OF LOAD BALANCING ============== 2.98939
LDB: ============== END OF LOAD BALANCING =============== 2.98944
LDB: =============== DONE WITH MIGRATION ================ 2.98947
Info: Initial time: 1 CPUs 0.0145229 s/step 0.16809 days/ns 0.0604362 MB memory
TIMING: 200  CPU: 2.98938, 0.0145208/step  Wall: 2.99296, 0.0145254/step, 0.0395413 hours remaining, 0.060436 MB of memory in use.
PERFORMANCE: 200  averaging 5.92645 ns/day, 0.0145787 sec/step with standard deviation 7.53874e-05
ENERGY:     200      1894.8376       541.3576         0.0000         0.0000        -232621.4018      4099.5606       969.6007      -148.8044      4942.1973        -220322.6525       299.0113   -225264.8498   -220260.1543       300.0132           2269.5717      -573.1938     57204.5172     -1107.4870     -1109.4370

LDB: ============= START OF LOAD BALANCING ============== 4.41228
LDB: ============== END OF LOAD BALANCING =============== 4.41232
LDB: =============== DONE WITH MIGRATION ================ 4.41236
Info: Initial time: 1 CPUs 0.0142203 s/step 0.164586 days/ns 0.0604362 MB memory
TIMING: 300  CPU: 4.41134, 0.0142196/step  Wall: 4.41515, 0.0142219/step, 0.0383201 hours remaining, 0.060436 MB of memory in use.
PERFORMANCE: 300  averaging 5.9752 ns/day, 0.0144598 sec/step with standard deviation 0.00021278
ENERGY:     300      1942.5247       568.4499         0.0000         0.0000        -232514.8952      3960.3059       983.6783      -218.1792      4956.8162        -220321.2993       299.8958   -225278.1155   -220256.7608       301.2083            505.7337     -2051.0650     57204.5172     -1688.9074     -1703.0886

LDB: ============= START OF LOAD BALANCING ============== 5.83676
LDB: ============== END OF LOAD BALANCING =============== 5.83682
LDB: =============== DONE WITH MIGRATION ================ 5.83685
Info: Benchmark time: 1 CPUs 0.0142466 s/step 0.164891 days/ns 0.0604362 MB memory
TIMING: 400  CPU: 5.83574, 0.014244/step  Wall: 5.83998, 0.0142483/step, 0.0379954 hours remaining, 0.060436 MB of memory in use.
PERFORMANCE: 400  averaging 5.99713 ns/day, 0.0144069 sec/step with standard deviation 0.000203385
ENERGY:     400      1963.9753       557.1759         0.0000         0.0000        -232503.6851      4042.9253       968.4893      -303.1466      4939.0924        -220335.1735       298.8235   -225274.2659   -220267.1839       300.4407            957.2127      -943.1539     57204.5172     -1346.4084     -1337.5103

Info: Benchmark time: 1 CPUs 0.0142536 s/step 0.164972 days/ns 0.0604362 MB memory
TIMING: 500  CPU: 7.26075, 0.0142501/step  Wall: 7.26542, 0.0142544/step, 0.0376158 hours remaining, 0.060436 MB of memory in use.
PERFORMANCE: 500  averaging 6.00985 ns/day, 0.0143764 sec/step with standard deviation 0.000188877
ENERGY:     500      1961.8669       564.6160         0.0000         0.0000        -232509.1062      4013.5568       994.2606      -309.5727      4970.7717        -220313.6069       300.7401   -225284.3786   -220244.5319       300.9223            674.9844     -1382.4482     57204.5172     -1051.5519     -1047.1062

Info: Benchmark time: 1 CPUs 0.0143704 s/step 0.166324 days/ns 0.0604362 MB memory
TIMING: 600  CPU: 8.69737, 0.0143662/step  Wall: 8.70254, 0.0143712/step, 0.0375248 hours remaining, 0.060436 MB of memory in use.
PERFORMANCE: 600  averaging 6.01021 ns/day, 0.0143755 sec/step with standard deviation 0.00016895
ENERGY:     600      1927.6255       555.8606         0.0000         0.0000        -232327.9304      3918.7102       992.2448      -362.9245      5016.3748        -220280.0389       303.4992   -225296.4138   -220218.3238       301.9012            558.8203     -1914.2972     57204.5172     -1662.2322     -1667.9035

Info: Benchmark time: 1 CPUs 0.0141458 s/step 0.163725 days/ns 0.0604362 MB memory
TIMING: 700  CPU: 10.1115, 0.0141417/step  Wall: 10.1172, 0.0141466/step, 0.0365453 hours remaining, 0.060436 MB of memory in use.
PERFORMANCE: 700  averaging 6.02392 ns/day, 0.0143428 sec/step with standard deviation 0.000176849
ENERGY:     700      1971.0967       563.2468         0.0000         0.0000        -232452.9130      3992.8448      1004.8150      -377.7647      5027.2989        -220271.3755       304.1601   -225298.6744   -220207.7136       304.1533            675.9220     -1503.3873     57204.5172     -1862.1670     -1857.8477

Info: Benchmark time: 1 CPUs 0.0140464 s/step 0.162575 days/ns 0.0604362 MB memory
TIMING: 800  CPU: 11.5161, 0.0140457/step  Wall: 11.5219, 0.0140473/step, 0.0358986 hours remaining, 0.060436 MB of memory in use.
PERFORMANCE: 800  averaging 6.03948 ns/day, 0.0143059 sec/step with standard deviation 0.000194235
ENERGY:     800      1992.0636       558.4244         0.0000         0.0000        -232477.7377      4037.8225      1036.4171      -404.7588      5007.1085        -220250.6604       302.9386   -225257.7689   -220184.8490       305.0027           1436.2866      -951.6185     57204.5172     -1059.1759     -1062.1768

Info: Benchmark time: 1 CPUs 0.0142937 s/step 0.165436 days/ns 0.0604362 MB memory
TIMING: 900  CPU: 12.9454, 0.0142932/step  Wall: 12.9514, 0.0142944/step, 0.0361332 hours remaining, 0.060436 MB of memory in use.
PERFORMANCE: 900  averaging 6.04001 ns/day, 0.0143046 sec/step with standard deviation 0.00018173
ENERGY:     900      1961.5436       583.8432         0.0000         0.0000        -232348.3354      3918.8463       992.8604      -432.0095      5035.4017        -220287.8498       304.6504   -225323.2515   -220220.6550       305.2773             38.5043     -1932.7563     57204.5172     -1509.1225     -1506.8619

TIMING: 1000  CPU: 14.364, 0.0141856/step  Wall: 14.3711, 0.0141971/step, 0.0354926 hours remaining, 0.060436 MB of memory in use.
PERFORMANCE: 1000  averaging 6.04456 ns/day, 0.0142939 sec/step with standard deviation 0.00017468
ETITLE:      TS           BOND          ANGLE          DIHED          IMPRP               ELECT            VDW       BOUNDARY           MISC        KINETIC               TOTAL           TEMP      POTENTIAL         TOTAL3        TEMPAVG            PRESSURE      GPRESSURE         VOLUME       PRESSAVG      GPRESSAVG

ENERGY:    1000      1921.9274       552.2939         0.0000         0.0000        -232421.6943      4009.9844       984.4807      -434.9077      5048.7355        -220339.1801       305.4571   -225387.9156   -220274.3915       303.6184           1542.2839     -1036.0799     57204.5172     -1095.6160     -1094.4463

WRITING EXTENDED SYSTEM TO RESTART FILE AT STEP 1000
OPENING COORDINATE DCD FILE
WRITING COORDINATES TO DCD FILE run0.dcd AT STEP 1000
WRITING COORDINATES TO RESTART FILE AT STEP 1000
FINISHED WRITING RESTART COORDINATES
The last position output (seq=1000) takes 0.001 seconds, 0.060 MB of memory in use
WRITING VELOCITIES TO RESTART FILE AT STEP 1000
FINISHED WRITING RESTART VELOCITIES
The last velocity output (seq=1000) takes 0.000 seconds, 0.060 MB of memory in use
TIMING: 1100  CPU: 15.7878, 0.0142379/step  Wall: 15.7942, 0.0142313/step, 0.035183 hours remaining, 0.060436 MB of memory in use.
PERFORMANCE: 1100  averaging 6.04696 ns/day, 0.0142882 sec/step with standard deviation 0.000166785
ENERGY:    1100      1912.1241       575.6577         0.0000         0.0000        -232413.9810      3960.3438      1010.5399      -470.1179      5072.4844        -220352.9489       306.8939   -225425.4333   -220290.9202       303.8050           1532.7204     -1030.3408     57204.5172     -1006.5529     -1012.5691

TIMING: 1200  CPU: 17.2316, 0.0144385/step  Wall: 17.2381, 0.0144393/step, 0.0352961 hours remaining, 0.060436 MB of memory in use.
PERFORMANCE: 1200  averaging 6.04164 ns/day, 0.0143008 sec/step with standard deviation 0.0001649
ENERGY:    1200      1898.1347       583.4065         0.0000         0.0000        -232430.2405      4042.4532       984.1757      -487.4164      4988.7875        -220420.6992       301.8301   -225409.4867   -220354.0842       303.3821           1272.2029     -1356.8990     57204.5172     -1310.4244     -1310.7394

TIMING: 1300  CPU: 18.6925, 0.0146084/step  Wall: 18.6992, 0.0146106/step, 0.0353089 hours remaining, 0.060436 MB of memory in use.
PERFORMANCE: 1300  averaging 6.03158 ns/day, 0.0143246 sec/step with standard deviation 0.000179751
ENERGY:    1300      1944.5852       557.6070         0.0000         0.0000        -232435.8904      4009.6739      1010.0335      -497.1350      5029.9063        -220381.2195       304.3179   -225411.1258   -220312.6704       304.0790            642.3389     -1785.0100     57204.5172     -1734.6797     -1736.6848

TIMING: 1400  CPU: 20.1384, 0.0144591/step  Wall: 20.146, 0.0144676/step, 0.0345615 hours remaining, 0.060436 MB of memory in use.
PERFORMANCE: 1400  averaging 6.02729 ns/day, 0.0143348 sec/step with standard deviation 0.000176879
ENERGY:    1400      1905.7218       572.4101         0.0000         0.0000        -232362.6668      3969.1833       976.2983      -503.6895      5025.5551        -220417.1877       304.0546   -225442.7428   -220348.3509       302.3597           1110.8996     -1061.6888     57204.5172     -1309.5052     -1309.2494

TIMING: 1500  CPU: 21.5633, 0.0142488/step  Wall: 21.5705, 0.0142458/step, 0.033636 hours remaining, 0.060436 MB of memory in use.
PERFORMANCE: 1500  averaging 6.02978 ns/day, 0.0143289 sec/step with standard deviation 0.000171986
ENERGY:    1500      1988.2292       582.0290         0.0000         0.0000        -232497.2979      4001.7976       978.4967      -535.1009      5037.5987        -220444.2475       304.7833   -225481.8462   -220376.7261       302.3551            364.4086     -1392.1693     57204.5172     -1418.2972     -1410.5085

TIMING: 1600  CPU: 22.9811, 0.0141782/step  Wall: 22.9888, 0.0141827/step, 0.0330929 hours remaining, 0.060436 MB of memory in use.
PERFORMANCE: 1600  averaging 6.03363 ns/day, 0.0143197 sec/step with standard deviation 0.000170127
ENERGY:    1600      1911.5095       591.2228         0.0000         0.0000        -232488.3594      4040.4442      1044.5818      -557.0987      5071.8970        -220385.8029       306.8584   -225457.6999   -220322.0980       303.8928           1188.5907     -1256.4676     57204.5172     -1638.9478     -1634.6571

TIMING: 1700  CPU: 24.3859, 0.0140485/step  Wall: 24.3936, 0.0140475/step, 0.0323872 hours remaining, 0.060436 MB of memory in use.
PERFORMANCE: 1700  averaging 6.04038 ns/day, 0.0143037 sec/step with standard deviation 0.000177468
ENERGY:    1700      1945.5048       563.7038         0.0000         0.0000        -232388.0247      4084.6563       992.8309      -561.5264      4972.8556        -220389.9997       300.8662   -225362.8553   -220329.1003       304.6223           1416.2047     -1400.4746     57204.5172      -779.6611      -792.0136

TIMING: 1800  CPU: 25.8007, 0.0141478/step  Wall: 25.8083, 0.014147/step, 0.0322237 hours remaining, 0.060436 MB of memory in use.
PERFORMANCE: 1800  averaging 6.04406 ns/day, 0.014295 sec/step with standard deviation 0.000176088
ENERGY:    1800      1905.2715       568.4309         0.0000         0.0000        -232429.2423      4076.3418      1011.0479      -570.2911      5030.5054        -220407.9359       304.3541   -225438.4413   -220339.5531       303.4995           2272.1435      -399.4713     57204.5172     -1218.0518     -1223.2279

TIMING: 1900  CPU: 27.2185, 0.0141778/step  Wall: 27.2267, 0.0141848/step, 0.0319159 hours remaining, 0.060436 MB of memory in use.
PERFORMANCE: 1900  averaging 6.04652 ns/day, 0.0142892 sec/step with standard deviation 0.000172984
ENERGY:    1900      1957.9046       555.0164         0.0000         0.0000        -232504.4071      4168.0526      1001.5231      -590.7713      5022.2522        -220390.4294       303.8548   -225412.6816   -220325.4873       305.1074           1099.9740      -685.4104     57204.5172      -672.7994      -670.2830

TIMING: 2000  CPU: 28.6683, 0.0144978/step  Wall: 28.6763, 0.0144952/step, 0.0322115 hours remaining, 0.060436 MB of memory in use.
PERFORMANCE: 2000  averaging 6.04216 ns/day, 0.0142995 sec/step with standard deviation 0.000174555
ETITLE:      TS           BOND          ANGLE          DIHED          IMPRP               ELECT            VDW       BOUNDARY           MISC        KINETIC               TOTAL           TEMP      POTENTIAL         TOTAL3        TEMPAVG            PRESSURE      GPRESSURE         VOLUME       PRESSAVG      GPRESSAVG

ENERGY:    2000      1951.0064       591.8819         0.0000         0.0000        -232343.5177      4067.4116       950.4245      -592.3814      4995.3241        -220379.8506       302.2256   -225375.1747   -220309.9143       305.6007            890.1277      -858.2070     57204.5172      -900.4225      -884.7238

WRITING EXTENDED SYSTEM TO RESTART FILE AT STEP 2000
WRITING COORDINATES TO DCD FILE run0.dcd AT STEP 2000
WRITING COORDINATES TO RESTART FILE AT STEP 2000
FINISHED WRITING RESTART COORDINATES
The last position output (seq=2000) takes 0.001 seconds, 0.060 MB of memory in use
WRITING VELOCITIES TO RESTART FILE AT STEP 2000
FINISHED WRITING RESTART VELOCITIES
The last velocity output (seq=2000) takes 0.000 seconds, 0.060 MB of memory in use
TIMING: 2100  CPU: 30.1421, 0.0147378/step  Wall: 30.1509, 0.014746/step, 0.0323594 hours remaining, 0.060436 MB of memory in use.
PERFORMANCE: 2100  averaging 6.03319 ns/day, 0.0143208 sec/step with standard deviation 0.000196062
ENERGY:    2100      1990.4850       596.8388         0.0000         0.0000        -232244.1072      3874.2867      1001.0138      -613.6867      5009.9600        -220385.2094       303.1111   -225395.1694   -220317.7297       304.6301           -324.1798     -2811.2947     57204.5172     -1621.4445     -1623.9080

TIMING: 2200  CPU: 31.6108, 0.0146872/step  Wall: 31.6192, 0.0146838/step, 0.031815 hours remaining, 0.060436 MB of memory in use.
PERFORMANCE: 2200  averaging 6.02625 ns/day, 0.0143373 sec/step with standard deviation 0.000206399
ENERGY:    2200      1974.4143       612.6645         0.0000         0.0000        -232508.3019      4140.0648      1007.1481      -629.2879      5026.3715        -220376.9264       304.1040   -225403.2980   -220317.2054       305.9325           2252.1627      -739.5996     57204.5172     -1786.8403     -1801.1932

TIMING: 2300  CPU: 33.0425, 0.0143173/step  Wall: 33.0512, 0.0143196/step, 0.030628 hours remaining, 0.060436 MB of memory in use.
PERFORMANCE: 2300  averaging 6.02657 ns/day, 0.0143365 sec/step with standard deviation 0.000201688
ENERGY:    2300      1902.1527       584.2374         0.0000         0.0000        -232436.9495      4149.9204      1003.0087      -648.3680      5064.5173        -220381.4812       306.4119   -225445.9985   -220315.2932       305.2537           1964.0335      -326.8614     57204.5172      -705.1031      -712.7972

TIMING: 2400  CPU: 34.4744, 0.0143189/step  Wall: 34.4839, 0.0143269/step, 0.0302456 hours remaining, 0.060436 MB of memory in use.
PERFORMANCE: 2400  averaging 6.02674 ns/day, 0.0143361 sec/step with standard deviation 0.000197264
ENERGY:    2400      2008.2310       548.2852         0.0000         0.0000        -232337.3634      3988.7814       986.9664      -629.5247      5062.5483        -220372.0758       306.2928   -225434.6241   -220303.9479       305.9086           -317.6625     -1156.4522     57204.5172      -308.3358      -290.7510

TIMING: 2500  CPU: 35.927, 0.0145265/step  Wall: 35.9367, 0.0145286/step, 0.0302679 hours remaining, 0.060436 MB of memory in use.
PERFORMANCE: 2500  averaging 6.0235 ns/day, 0.0143438 sec/step with standard deviation 0.000196911
ENERGY:    2500      1984.8653       559.5864         0.0000         0.0000        -232352.1621      4096.5672       980.0509      -639.2198      5014.3570        -220355.9552       303.3771   -225370.3121   -220296.7749       307.2572            676.7158      -571.2052     57204.5172      -821.1322      -799.5246

TIMING: 2600  CPU: 37.4149, 0.014879/step  Wall: 37.4251, 0.0148833/step, 0.0305934 hours remaining, 0.060436 MB of memory in use.
PERFORMANCE: 2600  averaging 6.0148 ns/day, 0.0143646 sec/step with standard deviation 0.000220037
ENERGY:    2600      1939.5446       531.4613         0.0000         0.0000        -232527.7553      4187.5638      1006.6226      -634.5375      5115.5304        -220381.5701       309.4983   -225497.1005   -220317.2206       309.7488           2185.6995      -674.7073     57204.5172      -629.4512      -645.0397

TIMING: 2700  CPU: 38.8804, 0.0146549/step  Wall: 38.8909, 0.0146588/step, 0.0297247 hours remaining, 0.060436 MB of memory in use.
PERFORMANCE: 2700  averaging 6.01024 ns/day, 0.0143755 sec/step with standard deviation 0.000223069
ENERGY:    2700      1990.1391       600.2958         0.0000         0.0000        -232469.1748      4074.1028      1002.8489      -667.7440      5044.8483        -220424.6840       305.2219   -225469.5323   -220363.8814       307.2200            738.2272     -1581.0750     57204.5172     -1141.7014     -1147.4702

TIMING: 2800  CPU: 40.3591, 0.0147869/step  Wall: 40.3702, 0.0147927/step, 0.0295853 hours remaining, 0.060436 MB of memory in use.
PERFORMANCE: 2800  averaging 6.00402 ns/day, 0.0143904 sec/step with standard deviation 0.000232667
ENERGY:    2800      1893.6236       607.1846         0.0000         0.0000        -232377.0945      4097.0948       947.9730      -663.5439      5048.2976        -220446.4649       305.4306   -225494.7625   -220378.5899       305.8773           1754.9236      -941.7716     57204.5172     -1415.0865     -1416.3973

TIMING: 2900  CPU: 41.839, 0.014799/step  Wall: 41.8503, 0.0148007/step, 0.0291903 hours remaining, 0.060436 MB of memory in use.
PERFORMANCE: 2900  averaging 5.99812 ns/day, 0.0144045 sec/step with standard deviation 0.000240846
ENERGY:    2900      1878.9485       565.3354         0.0000         0.0000        -232189.1992      3904.1247       999.3285      -667.6765      5031.8793        -220477.2592       304.4373   -225509.1385   -220409.3346       303.7504           1479.1867     -1245.7852     57204.5172      -971.4711      -981.5691

TIMING: 3000  CPU: 43.3329, 0.0149387/step  Wall: 43.3449, 0.0149457/step, 0.0290611 hours remaining, 0.060436 MB of memory in use.
PERFORMANCE: 3000  averaging 5.99062 ns/day, 0.0144225 sec/step with standard deviation 0.000256458
ETITLE:      TS           BOND          ANGLE          DIHED          IMPRP               ELECT            VDW       BOUNDARY           MISC        KINETIC               TOTAL           TEMP      POTENTIAL         TOTAL3        TEMPAVG            PRESSURE      GPRESSURE         VOLUME       PRESSAVG      GPRESSAVG

ENERGY:    3000      1980.8104       580.9884         0.0000         0.0000        -232436.1502      4093.9477       996.3797      -697.1031      5017.7832        -220463.3440       303.5844   -225481.1272   -220395.2350       303.6477           1586.5400      -175.3131     57204.5172      -767.9892      -766.4891

WRITING EXTENDED SYSTEM TO RESTART FILE AT STEP 3000
WRITING COORDINATES TO DCD FILE run0.dcd AT STEP 3000
WRITING COORDINATES TO RESTART FILE AT STEP 3000
FINISHED WRITING RESTART COORDINATES
The last position output (seq=3000) takes 0.001 seconds, 0.060 MB of memory in use
WRITING VELOCITIES TO RESTART FILE AT STEP 3000
FINISHED WRITING RESTART VELOCITIES
The last velocity output (seq=3000) takes 0.000 seconds, 0.060 MB of memory in use
TIMING: 3100  CPU: 44.8297, 0.0149677/step  Wall: 44.8414, 0.0149655/step, 0.0286839 hours remaining, 0.060436 MB of memory in use.
PERFORMANCE: 3100  averaging 5.98335 ns/day, 0.0144401 sec/step with standard deviation 0.000270348
ENERGY:    3100      2031.8668       598.0976         0.0000         0.0000        -232319.6523      3863.6205      1020.2701      -717.9595      5077.3214        -220446.4353       307.1866   -225523.7567   -220381.6212       305.4044          -1451.8583     -2988.9530     57204.5172     -1471.6750     -1457.7171

TIMING: 3200  CPU: 46.3241, 0.014944/step  Wall: 46.3367, 0.0149527/step, 0.0282441 hours remaining, 0.060436 MB of memory in use.
PERFORMANCE: 3200  averaging 5.97672 ns/day, 0.0144561 sec/step with standard deviation 0.000280971
ENERGY:    3200      1959.3822       558.8368         0.0000         0.0000        -232359.6758      4055.7136      1011.6685      -704.6342      5008.5013        -220470.2075       303.0228   -225478.7089   -220407.7613       306.9080           1042.8465     -1223.5909     57204.5172     -2011.1417     -2005.6849

TIMING: 3300  CPU: 47.7959, 0.0147179/step  Wall: 47.8087, 0.0147204/step, 0.0273962 hours remaining, 0.060436 MB of memory in use.
PERFORMANCE: 3300  averaging 5.97341 ns/day, 0.0144641 sec/step with standard deviation 0.000280346
ENERGY:    3300      1883.0023       555.6861         0.0000         0.0000        -232388.5850      4060.0605       998.6719      -685.6511      5107.2538        -220469.5614       308.9975   -225576.8152   -220403.7513       304.5996           2623.9806      -640.0434     57204.5172      -982.0415      -995.5429

TIMING: 3400  CPU: 49.2787, 0.014828/step  Wall: 49.2915, 0.0148281/step, 0.0271848 hours remaining, 0.060436 MB of memory in use.
PERFORMANCE: 3400  averaging 5.969 ns/day, 0.0144748 sec/step with standard deviation 0.000283034
ENERGY:    3400      1925.0204       555.5014         0.0000         0.0000        -232190.5491      3822.7257      1020.5703      -707.2348      5091.5494        -220482.4168       308.0474   -225573.9661   -220418.8775       304.4792            775.2215     -1816.6395     57204.5172      -676.5287      -680.1506

TIMING: 3500  CPU: 50.7724, 0.0149372/step  Wall: 50.7854, 0.0149384/step, 0.0269722 hours remaining, 0.060436 MB of memory in use.
PERFORMANCE: 3500  averaging 5.96354 ns/day, 0.014488 sec/step with standard deviation 0.000289645
ENERGY:    3500      1944.7972       575.2972         0.0000         0.0000        -232277.4618      3943.7491      1017.0847      -726.9098      5076.8187        -220446.6247       307.1562   -225523.4434   -220385.6797       305.4560           1309.6558     -1332.1254     57204.5172     -1614.8725     -1612.9979

TIMING: 3600  CPU: 52.2632, 0.0149085/step  Wall: 52.2763, 0.0149096/step, 0.026506 hours remaining, 0.060436 MB of memory in use.
PERFORMANCE: 3600  averaging 5.95872 ns/day, 0.0144998 sec/step with standard deviation 0.000293997
ENERGY:    3600      1950.0822       584.2509         0.0000         0.0000        -232343.3451      4012.8010       986.7733      -749.3797      5100.4649        -220458.3525       308.5868   -225558.8174   -220394.6981       308.7587            861.4874     -1441.8243     57204.5172     -1181.2450     -1185.2588

TIMING: 3700  CPU: 53.76, 0.0149673/step  Wall: 53.7737, 0.0149736/step, 0.0262038 hours remaining, 0.060436 MB of memory in use.
PERFORMANCE: 3700  averaging 5.95346 ns/day, 0.0145126 sec/step with standard deviation 0.000300168
ENERGY:    3700      1958.5737       565.6037         0.0000         0.0000        -232542.3016      4123.5890       991.2859      -777.7971      5190.3800        -220490.6663       314.0268   -225681.0464   -220419.7586       308.6808           1077.3126      -814.7496     57204.5172      -974.5777      -968.9177

TIMING: 3800  CPU: 55.2506, 0.0149064/step  Wall: 55.2642, 0.0149047/step, 0.0256691 hours remaining, 0.060436 MB of memory in use.
PERFORMANCE: 3800  averaging 5.94923 ns/day, 0.0145229 sec/step with standard deviation 0.000302839
ENERGY:    3800      2007.1057       571.5782         0.0000         0.0000        -232469.8418      4072.1341       989.4156      -786.9308      5151.2395        -220465.2996       311.6587   -225616.5391   -220394.4562       308.8293            794.7381     -1097.6209     57204.5172      -602.5948      -602.1111

TIMING: 3900  CPU: 56.758, 0.0150743/step  Wall: 56.7723, 0.0150817/step, 0.0255552 hours remaining, 0.060436 MB of memory in use.
PERFORMANCE: 3900  averaging 5.94337 ns/day, 0.0145372 sec/step with standard deviation 0.00031194
ENERGY:    3900      2016.7278       558.1742         0.0000         0.0000        -232387.9229      4062.6672      1011.2651      -806.3697      5040.1773        -220505.2809       304.9393   -225545.4582   -220439.9582       308.8185           1441.7019      -125.4548     57204.5172     -1022.7984     -1012.5537

TIMING: 4000  CPU: 58.2289, 0.0147088/step  Wall: 58.2436, 0.0147128/step, 0.0245213 hours remaining, 0.060436 MB of memory in use.
PERFORMANCE: 4000  averaging 5.94158 ns/day, 0.0145416 sec/step with standard deviation 0.000309164
ETITLE:      TS           BOND          ANGLE          DIHED          IMPRP               ELECT            VDW       BOUNDARY           MISC        KINETIC               TOTAL           TEMP      POTENTIAL         TOTAL3        TEMPAVG            PRESSURE      GPRESSURE         VOLUME       PRESSAVG      GPRESSAVG

ENERGY:    4000      1936.8528       560.0882         0.0000         0.0000        -232401.4374      4068.0823       998.8376      -813.6668      5104.5839        -220546.6593       308.8360   -225651.2433   -220479.1731       308.8968           1884.5737      -676.0584     57204.5172      -443.7662      -442.0366

WRITING EXTENDED SYSTEM TO RESTART FILE AT STEP 4000
WRITING COORDINATES TO DCD FILE run0.dcd AT STEP 4000
WRITING COORDINATES TO RESTART FILE AT STEP 4000
FINISHED WRITING RESTART COORDINATES
The last position output (seq=4000) takes 0.001 seconds, 0.060 MB of memory in use
WRITING VELOCITIES TO RESTART FILE AT STEP 4000
FINISHED WRITING RESTART VELOCITIES
The last velocity output (seq=4000) takes 0.000 seconds, 0.060 MB of memory in use
TIMING: 4100  CPU: 59.6998, 0.0147088/step  Wall: 59.7149, 0.0147133/step, 0.0241135 hours remaining, 0.060436 MB of memory in use.
PERFORMANCE: 4100  averaging 5.93986 ns/day, 0.0145458 sec/step with standard deviation 0.00030645
ENERGY:    4100      1944.1469       590.1149         0.0000         0.0000        -232517.0020      4121.1723      1005.2582      -817.8077      5114.3064        -220559.8109       309.4242   -225674.1173   -220500.4533       307.4675           2622.5350      -195.7233     57204.5172      -400.8316      -413.2472

TIMING: 4200  CPU: 61.1596, 0.0145981/step  Wall: 61.175, 0.0146008/step, 0.0235234 hours remaining, 0.060436 MB of memory in use.
PERFORMANCE: 4200  averaging 5.93933 ns/day, 0.0145471 sec/step with standard deviation 0.000302809
ENERGY:    4200      1956.9711       571.5316         0.0000         0.0000        -232431.6510      4095.8378       986.3859      -808.2808      5066.6600        -220562.5454       306.5415   -225629.2054   -220496.9855       308.5709           2098.4995      -620.0473     57204.5172      -154.8577      -158.1096

LDB: ============= START OF LOAD BALANCING ============== 62.6469
LDB: ============== END OF LOAD BALANCING =============== 62.647
LDB: =============== DONE WITH MIGRATION ================ 62.647
TIMING: 4300  CPU: 62.6374, 0.0147778/step  Wall: 62.6527, 0.0147766/step, 0.0233962 hours remaining, 0.060436 MB of memory in use.
PERFORMANCE: 4300  averaging 5.93715 ns/day, 0.0145524 sec/step with standard deviation 0.000301222
ENERGY:    4300      1984.8425       560.4762         0.0000         0.0000        -232473.0255      4038.7981      1019.1204      -818.0725      5091.3822        -220596.4786       308.0373   -225687.8608   -220525.3977       307.4938            702.1975     -1446.1991     57204.5172     -1038.7189     -1041.6846

LDB: ============= START OF LOAD BALANCING ============== 64.1181
LDB: ============== END OF LOAD BALANCING =============== 64.1182
LDB: =============== DONE WITH MIGRATION ================ 64.1182
TIMING: 4400  CPU: 64.1072, 0.0146983/step  Wall: 64.1222, 0.014695/step, 0.0228588 hours remaining, 0.060436 MB of memory in use.
PERFORMANCE: 4400  averaging 5.93583 ns/day, 0.0145557 sec/step with standard deviation 0.000298473
ENERGY:    4400      1978.7708       560.0283         0.0000         0.0000        -232587.0203      4163.5670      1051.2257      -791.1053      5050.3907        -220574.1430       305.5572   -225624.5338   -220509.7217       304.2655           1739.0540      -205.6459     57204.5172     -1413.3348     -1409.1649

TIMING: 4500  CPU: 65.576, 0.0146875/step  Wall: 65.5911, 0.0146898/step, 0.0224427 hours remaining, 0.060436 MB of memory in use.
PERFORMANCE: 4500  averaging 5.93462 ns/day, 0.0145587 sec/step with standard deviation 0.000295738
ENERGY:    4500      1959.7914       582.6723         0.0000         0.0000        -232299.9866      3922.5806       995.4435      -825.1440      5053.9994        -220610.6433       305.7756   -225664.6427   -220541.3701       307.1172           -368.0408     -1908.4212     57204.5172      -504.2482      -497.3798

TIMING: 4600  CPU: 67.0206, 0.0144467/step  Wall: 67.0366, 0.0144543/step, 0.0216814 hours remaining, 0.060436 MB of memory in use.
PERFORMANCE: 4600  averaging 5.93554 ns/day, 0.0145564 sec/step with standard deviation 0.000292838
ENERGY:    4600      1992.8622       588.1512         0.0000         0.0000        -232227.3524      3829.9292      1014.0187      -843.4261      5072.5902        -220573.2270       306.9003   -225645.8172   -220509.1813       304.6708            162.7373     -1701.8309     57204.5172     -1752.2164     -1744.5890

TIMING: 4700  CPU: 68.4734, 0.0145282/step  Wall: 68.4897, 0.0145311/step, 0.021393 hours remaining, 0.060436 MB of memory in use.
PERFORMANCE: 4700  averaging 5.93576 ns/day, 0.0145558 sec/step with standard deviation 0.000289661
ENERGY:    4700      1948.9896       601.3832         0.0000         0.0000        -232453.9050      4043.8914      1022.4624      -833.8352      5040.1249        -220630.8887       304.9361   -225671.0136   -220566.8783       306.7390           2784.7797       -30.8098     57204.5172      -865.9027      -874.2689

TIMING: 4800  CPU: 69.9143, 0.0144084/step  Wall: 69.9307, 0.0144106/step, 0.0208153 hours remaining, 0.060436 MB of memory in use.
PERFORMANCE: 4800  averaging 5.937 ns/day, 0.0145528 sec/step with standard deviation 0.00028733
ENERGY:    4800      2005.8383       558.8782         0.0000         0.0000        -232400.1341      4031.2567      1002.1955      -855.2460      5023.6901        -220633.5213       303.9418   -225657.2114   -220570.8240       305.9532            806.1524     -1597.7607     57204.5172      -278.4970      -285.9578

TIMING: 4900  CPU: 71.361, 0.0144672/step  Wall: 71.3772, 0.0144642/step, 0.0204909 hours remaining, 0.060436 MB of memory in use.
PERFORMANCE: 4900  averaging 5.93773 ns/day, 0.014551 sec/step with standard deviation 0.000284603
ENERGY:    4900      1949.9964       557.2963         0.0000         0.0000        -232322.0681      3985.4768      1039.0938      -865.0433      5030.9834        -220624.2646       304.3831   -225655.2480   -220557.6372       304.9376           1063.7449     -1119.8820     57204.5172     -1796.9332     -1791.7349

TIMING: 5000  CPU: 72.8099, 0.0144886/step  Wall: 72.8266, 0.0144945/step, 0.0201312 hours remaining, 0.060436 MB of memory in use.
PERFORMANCE: 5000  averaging 5.93819 ns/day, 0.0145499 sec/step with standard deviation 0.000281797
ETITLE:      TS           BOND          ANGLE          DIHED          IMPRP               ELECT            VDW       BOUNDARY           MISC        KINETIC               TOTAL           TEMP      POTENTIAL         TOTAL3        TEMPAVG            PRESSURE      GPRESSURE         VOLUME       PRESSAVG      GPRESSAVG

ENERGY:    5000      1952.0986       563.8071         0.0000         0.0000        -232364.3994      4003.0075      1003.9589      -880.7104      5113.6368        -220608.6008       309.3837   -225722.2377   -220536.9791       306.4051           1217.9841     -1069.6755     57204.5172      -538.7059      -541.0864

WRITING EXTENDED SYSTEM TO RESTART FILE AT STEP 5000
WRITING COORDINATES TO DCD FILE run0.dcd AT STEP 5000
WRITING COORDINATES TO RESTART FILE AT STEP 5000
FINISHED WRITING RESTART COORDINATES
The last position output (seq=5000) takes 0.001 seconds, 0.060 MB of memory in use
WRITING VELOCITIES TO RESTART FILE AT STEP 5000
FINISHED WRITING RESTART VELOCITIES
The last velocity output (seq=5000) takes 0.000 seconds, 0.060 MB of memory in use
TIMING: 5100  CPU: 74.2595, 0.0144962/step  Wall: 74.2765, 0.0144988/step, 0.0197345 hours remaining, 0.060436 MB of memory in use.
PERFORMANCE: 5100  averaging 5.9386 ns/day, 0.0145489 sec/step with standard deviation 0.000279057
ENERGY:    5100      1970.4910       543.4803         0.0000         0.0000        -232201.3105      3931.4612      1016.5083      -926.4228      5094.2677        -220571.5248       308.2119   -225665.7925   -220504.2706       306.6897            823.4010     -1354.4733     57204.5172     -1118.1494     -1118.5889

TIMING: 5200  CPU: 75.6984, 0.0143887/step  Wall: 75.7155, 0.0143899/step, 0.0191865 hours remaining, 0.060436 MB of memory in use.
PERFORMANCE: 5200  averaging 5.93985 ns/day, 0.0145458 sec/step with standard deviation 0.000277186
ENERGY:    5200      1962.4599       533.5664         0.0000         0.0000        -232297.8160      4041.1376       981.5768      -912.5367      5103.8220        -220587.7900       308.7899   -225691.6120   -220518.7354       308.7143           1130.9610     -1049.6588     57204.5172      -852.2889      -854.8079

TIMING: 5300  CPU: 77.1042, 0.0140582/step  Wall: 77.1215, 0.0140602/step, 0.0183564 hours remaining, 0.060436 MB of memory in use.
PERFORMANCE: 5300  averaging 5.9436 ns/day, 0.0145367 sec/step with standard deviation 0.000282496
ENERGY:    5300      1973.9183       564.9849         0.0000         0.0000        -232098.5559      3852.6915       986.8276      -903.4059      5058.5376        -220565.0019       306.0501   -225623.5395   -220497.4067       307.9335           -305.0921     -1779.7305     57204.5172     -1801.8314     -1793.4409

TIMING: 5400  CPU: 78.518, 0.0141387/step  Wall: 78.5356, 0.0141407/step, 0.0180687 hours remaining, 0.060436 MB of memory in use.
PERFORMANCE: 5400  averaging 5.9466 ns/day, 0.0145293 sec/step with standard deviation 0.000284958
ENERGY:    5400      1989.2070       596.3723         0.0000         0.0000        -232384.6314      4021.2460      1033.5199      -920.1674      5033.9959        -220630.4576       304.5653   -225664.4535   -220565.8073       307.0774           1341.8559     -1159.8442     57204.5172     -1997.1792     -1991.5113

TIMING: 5500  CPU: 79.9219, 0.0140384/step  Wall: 79.9392, 0.014036/step, 0.017545 hours remaining, 0.060436 MB of memory in use.
PERFORMANCE: 5500  averaging 5.95027 ns/day, 0.0145204 sec/step with standard deviation 0.000290038
ENERGY:    5500      1964.1786       582.5848         0.0000         0.0000        -232373.9133      3966.2488      1020.5046      -933.9077      5114.4096        -220659.8947       309.4305   -225774.3043   -220589.3643       306.7397            675.1467     -1618.9170     57204.5172      -888.1526      -901.4765

TIMING: 5600  CPU: 81.3398, 0.0141791/step  Wall: 81.3578, 0.0141868/step, 0.0173395 hours remaining, 0.060436 MB of memory in use.
PERFORMANCE: 5600  averaging 5.95271 ns/day, 0.0145144 sec/step with standard deviation 0.000290825
ENERGY:    5600      1999.8212       576.7974         0.0000         0.0000        -232510.1932      4141.2440      1021.4512      -927.0982      5036.7377        -220661.2400       304.7312   -225697.9777   -220598.7947       305.9034           1500.8820      -559.6809     57204.5172     -1359.3117     -1347.2606

TIMING: 5700  CPU: 82.7636, 0.0142382/step  Wall: 82.7818, 0.0142398/step, 0.0170086 hours remaining, 0.060436 MB of memory in use.
PERFORMANCE: 5700  averaging 5.95469 ns/day, 0.0145096 sec/step with standard deviation 0.000290502
ENERGY:    5700      1969.6212       546.5156         0.0000         0.0000        -232345.7249      4059.3850      1022.4575      -924.2622      5020.5932        -220651.4147       303.7544   -225672.0079   -220585.3227       305.6847           2123.8273      -711.4113     57204.5172      -432.0167      -442.0682

TIMING: 5800  CPU: 84.1964, 0.014328/step  Wall: 84.2148, 0.0143297/step, 0.016718 hours remaining, 0.060436 MB of memory in use.
PERFORMANCE: 5800  averaging 5.95596 ns/day, 0.0145065 sec/step with standard deviation 0.000288909
ENERGY:    5800      1985.5913       582.9825         0.0000         0.0000        -232315.9441      3993.3691      1003.0448      -915.9607      5052.6350        -220614.2823       305.6930   -225666.9173   -220552.0080       305.6034           1040.3531     -1144.5845     57204.5172     -1027.5184     -1035.7230

TIMING: 5900  CPU: 85.6422, 0.0144575/step  Wall: 85.6603, 0.0144545/step, 0.0164621 hours remaining, 0.060436 MB of memory in use.
PERFORMANCE: 5900  averaging 5.95632 ns/day, 0.0145056 sec/step with standard deviation 0.000286488
ENERGY:    5900      2041.4123       610.3669         0.0000         0.0000        -232397.0979      4063.1548      1032.7720      -943.6069      4988.5688        -220604.4300       301.8169   -225592.9988   -220537.6839       308.5632             70.2298      -962.5724     57204.5172      -945.3816      -928.0810

TIMING: 6000  CPU: 87.07, 0.0142785/step  Wall: 87.0882, 0.0142797/step, 0.0158663 hours remaining, 0.060436 MB of memory in use.
PERFORMANCE: 6000  averaging 5.95787 ns/day, 0.0145018 sec/step with standard deviation 0.000285543
ETITLE:      TS           BOND          ANGLE          DIHED          IMPRP               ELECT            VDW       BOUNDARY           MISC        KINETIC               TOTAL           TEMP      POTENTIAL         TOTAL3        TEMPAVG            PRESSURE      GPRESSURE         VOLUME       PRESSAVG      GPRESSAVG

ENERGY:    6000      1951.5736       574.7365         0.0000         0.0000        -232224.7268      3928.3795      1037.9634      -946.9529      5083.7930        -220595.2338       307.5781   -225679.0268   -220525.6553       306.0406           1140.1344     -1098.8996     57204.5172      -939.0853      -928.2901

WRITING EXTENDED SYSTEM TO RESTART FILE AT STEP 6000
WRITING COORDINATES TO DCD FILE run0.dcd AT STEP 6000
WRITING COORDINATES TO RESTART FILE AT STEP 6000
FINISHED WRITING RESTART COORDINATES
The last position output (seq=6000) takes 0.001 seconds, 0.060 MB of memory in use
WRITING VELOCITIES TO RESTART FILE AT STEP 6000
FINISHED WRITING RESTART VELOCITIES
TIMING: 6100  CPU: 88.4988, 0.0142883/step  Wall: 88.5178, 0.0142954/step, 0.0154867 hours remaining, 0.060436 MB of memory in use.
PERFORMANCE: 6100  averaging 5.95926 ns/day, 0.0144984 sec/step with standard deviation 0.000284384
ENERGY:    6100      1902.3178       597.8645         0.0000         0.0000        -232157.3700      3887.4485       992.0952      -926.1772      5061.7632        -220642.0580       306.2453   -225703.8213   -220582.0734       308.0742           1152.5574     -1884.6633     57204.5172     -1364.7742     -1382.5019

TIMING: 6200  CPU: 89.9057, 0.0140691/step  Wall: 89.9249, 0.0140719/step, 0.0148536 hours remaining, 0.060436 MB of memory in use.
PERFORMANCE: 6200  averaging 5.96209 ns/day, 0.0144916 sec/step with standard deviation 0.0002872
ENERGY:    6200      1918.8193       562.2588         0.0000         0.0000        -232325.3662      4025.3904      1018.1373      -928.1127      5108.6859        -220620.1872       309.0842   -225728.8731   -220555.3624       307.3556           1659.0679     -1430.2938     57204.5172     -1375.3728     -1382.6164

TIMING: 6300  CPU: 91.3226, 0.0141686/step  Wall: 91.3411, 0.014162/step, 0.0145554 hours remaining, 0.060436 MB of memory in use.
PERFORMANCE: 6300  averaging 5.96424 ns/day, 0.0144863 sec/step with standard deviation 0.000287885
ENERGY:    6300      1932.4696       590.0992         0.0000         0.0000        -232451.1659      4072.1464       989.5519      -934.7428      5186.2844        -220615.3573       313.7790   -225801.6417   -220551.7622       308.8197           1210.2387     -1020.6738     57204.5172      -887.5533      -889.0425

TIMING: 6400  CPU: 92.7335, 0.0141091/step  Wall: 92.7531, 0.0141194/step, 0.0141194 hours remaining, 0.060436 MB of memory in use.
PERFORMANCE: 6400  averaging 5.9666 ns/day, 0.0144806 sec/step with standard deviation 0.000289251
ENERGY:    6400      2024.8769       599.9177         0.0000         0.0000        -232435.0984      3969.7314      1018.5205      -956.5706      5150.8661        -220627.7564       311.6362   -225778.6225   -220557.5969       309.1830           -422.2492     -2098.7467     57204.5172     -1509.8134     -1497.0576

TIMING: 6500  CPU: 94.1394, 0.0140591/step  Wall: 94.1587, 0.0140559/step, 0.0136655 hours remaining, 0.060436 MB of memory in use.
PERFORMANCE: 6500  averaging 5.9693 ns/day, 0.0144741 sec/step with standard deviation 0.000291777
ENERGY:    6500      1984.7075       583.4492         0.0000         0.0000        -232509.3452      4176.6687       995.8704      -971.1569      5054.5044        -220685.3020       305.8061   -225739.8064   -220616.3160       307.5425           1876.7193      -186.2859     57204.5172      -747.7961      -747.5202

TIMING: 6600  CPU: 95.5663, 0.0142683/step  Wall: 95.586, 0.0142728/step, 0.0134799 hours remaining, 0.060436 MB of memory in use.
PERFORMANCE: 6600  averaging 5.97055 ns/day, 0.014471 sec/step with standard deviation 0.000290582
ENERGY:    6600      1992.1148       565.2404         0.0000         0.0000        -232335.8717      3948.2706      1032.7165      -978.0137      5061.7459        -220713.7972       306.2442   -225775.5431   -220648.2325       306.8168           1379.8816      -572.3434     57204.5172      -169.0054      -167.7319

TIMING: 6700  CPU: 97.0299, 0.0146368/step  Wall: 97.0496, 0.0146363/step, 0.0134166 hours remaining, 0.060436 MB of memory in use.
PERFORMANCE: 6700  averaging 5.96954 ns/day, 0.0144735 sec/step with standard deviation 0.000289078
ENERGY:    6700      1985.4382       553.3606         0.0000         0.0000        -232440.0303      4101.4865      1028.9868      -986.4605      5056.8819        -220700.3367       305.9500   -225757.2185   -220641.7617       306.3971           2139.3690      -438.4406     57204.5172      -505.7532      -506.0614

TIMING: 6800  CPU: 98.4866, 0.0145665/step  Wall: 98.507, 0.0145741/step, 0.0129547 hours remaining, 0.060436 MB of memory in use.
PERFORMANCE: 6800  averaging 5.96893 ns/day, 0.014475 sec/step with standard deviation 0.000287172
ENERGY:    6800      1981.7736       592.9574         0.0000         0.0000        -232286.1233      3935.9184       999.6291      -966.2437      5097.7038        -220644.3847       308.4197   -225742.0885   -220580.8832       306.5725            504.8531     -2008.4556     57204.5172      -860.9281      -869.7527

TIMING: 6900  CPU: 99.9772, 0.0149063/step  Wall: 99.9977, 0.0149075/step, 0.012837 hours remaining, 0.060436 MB of memory in use.
PERFORMANCE: 6900  averaging 5.96634 ns/day, 0.0144812 sec/step with standard deviation 0.000289769
ENERGY:    6900      1968.4665       615.0830         0.0000         0.0000        -232630.6156      4215.9398      1073.8831      -962.9778      5050.3479        -220669.8730       305.5546   -225720.2209   -220602.6596       307.0527           2525.5654       189.9856     57204.5172     -1042.3574     -1034.7415

TIMING: 7000  CPU: 101.437, 0.0145981/step  Wall: 101.458, 0.0146015/step, 0.0121679 hours remaining, 0.060436 MB of memory in use.
PERFORMANCE: 7000  averaging 5.96563 ns/day, 0.014483 sec/step with standard deviation 0.000288021
ETITLE:      TS           BOND          ANGLE          DIHED          IMPRP               ELECT            VDW       BOUNDARY           MISC        KINETIC               TOTAL           TEMP      POTENTIAL         TOTAL3        TEMPAVG            PRESSURE      GPRESSURE         VOLUME       PRESSAVG      GPRESSAVG

ENERGY:    7000      1979.1062       578.1538         0.0000         0.0000        -232609.8900      4209.9231      1010.6887      -955.9597      5112.1099        -220675.8679       309.2913   -225787.9778   -220611.4274       309.3655           2461.4029      -331.7731     57204.5172      -517.9827      -523.4142

WRITING EXTENDED SYSTEM TO RESTART FILE AT STEP 7000
WRITING COORDINATES TO DCD FILE run0.dcd AT STEP 7000
WRITING COORDINATES TO RESTART FILE AT STEP 7000
FINISHED WRITING RESTART COORDINATES
The last position output (seq=7000) takes 0.001 seconds, 0.060 MB of memory in use
WRITING VELOCITIES TO RESTART FILE AT STEP 7000
FINISHED WRITING RESTART VELOCITIES
TIMING: 7100  CPU: 102.902, 0.0146467/step  Wall: 102.923, 0.0146516/step, 0.0118027 hours remaining, 0.060436 MB of memory in use.
PERFORMANCE: 7100  averaging 5.96466 ns/day, 0.0144853 sec/step with standard deviation 0.000286656
ENERGY:    7100      1935.8048       570.5261         0.0000         0.0000        -232346.8276      3994.6248      1024.8614      -943.1886      5051.7309        -220712.4683       305.6383   -225764.1992   -220647.0951       307.0741            628.8284     -1675.7959     57204.5172      -894.8033      -893.6667

TIMING: 7200  CPU: 104.363, 0.0146168/step  Wall: 104.385, 0.0146148/step, 0.0113671 hours remaining, 0.060436 MB of memory in use.
PERFORMANCE: 7200  averaging 5.96392 ns/day, 0.0144871 sec/step with standard deviation 0.000285039
ENERGY:    7200      1983.8923       561.0406         0.0000         0.0000        -232379.9214      3990.7474      1007.3246      -959.3212      5094.9483        -220701.2894       308.2530   -225796.2377   -220636.5373       307.2580           1272.4540     -1440.7201     57204.5172     -2057.2199     -2057.7773

TIMING: 7300  CPU: 105.822, 0.0145893/step  Wall: 105.844, 0.0145944/step, 0.0109458 hours remaining, 0.060436 MB of memory in use.
PERFORMANCE: 7300  averaging 5.96331 ns/day, 0.0144886 sec/step with standard deviation 0.000283331
ENERGY:    7300      1956.5608       590.2498         0.0000         0.0000        -232495.1400      4097.5207      1011.3705      -975.7848      5069.4644        -220745.7587       306.7112   -225815.2231   -220682.2190       305.8137           1296.9146      -742.8901     57204.5172     -1092.7298     -1091.2456

TIMING: 7400  CPU: 107.262, 0.0143991/step  Wall: 107.283, 0.014395/step, 0.0103964 hours remaining, 0.060436 MB of memory in use.
PERFORMANCE: 7400  averaging 5.96383 ns/day, 0.0144873 sec/step with standard deviation 0.000281594
ENERGY:    7400      2011.0007       606.7529         0.0000         0.0000        -232682.3595      4207.2193      1055.7491      -968.3275      5098.2569        -220671.7081       308.4532   -225769.9650   -220602.1744       307.1809           2577.6551       138.0792     57204.5172      -207.8150      -207.1355

TIMING: 7500  CPU: 108.689, 0.0142681/step  Wall: 108.711, 0.0142715/step, 0.00991074 hours remaining, 0.060436 MB of memory in use.
PERFORMANCE: 7500  averaging 5.96502 ns/day, 0.0144845 sec/step with standard deviation 0.000280794
ENERGY:    7500      2043.2902       580.7730         0.0000         0.0000        -232514.8336      4073.3028      1020.1457      -989.1749      5137.5327        -220648.9641       310.8295   -225786.4967   -220580.6697       311.1132            662.8315     -1420.1978     57204.5172      -758.2576      -757.3541

TIMING: 7600  CPU: 110.054, 0.0136484/step  Wall: 110.076, 0.0136503/step, 0.00910019 hours remaining, 0.060436 MB of memory in use.
PERFORMANCE: 7600  averaging 5.96954 ns/day, 0.0144735 sec/step with standard deviation 0.000294872
ENERGY:    7600      1981.6985       549.8642         0.0000         0.0000        -232356.6117      4048.1008       998.0736     -1000.2495      5109.9288        -220669.1953       309.1594   -225779.1242   -220601.3086       310.0930           1770.7568      -607.9368     57204.5172     -1150.2053     -1154.5011

TIMING: 7700  CPU: 111.47, 0.0141565/step  Wall: 111.491, 0.0141569/step, 0.00904466 hours remaining, 0.060436 MB of memory in use.
PERFORMANCE: 7700  averaging 5.97124 ns/day, 0.0144694 sec/step with standard deviation 0.00029514
ENERGY:    7700      2010.4480       582.2436         0.0000         0.0000        -232564.5188      4168.6594      1049.1781      -968.1653      5067.3640        -220654.7911       306.5841   -225722.1551   -220588.4669       307.8797           1948.4850       213.9877     57204.5172      -398.5818      -395.7149

TIMING: 7800  CPU: 112.897, 0.0142775/step  Wall: 112.92, 0.0142875/step, 0.00873124 hours remaining, 0.060436 MB of memory in use.
PERFORMANCE: 7800  averaging 5.9722 ns/day, 0.014467 sec/step with standard deviation 0.000293939
ENERGY:    7800      1986.8044       568.1265         0.0000         0.0000        -232355.4657      3925.1084       992.4494      -976.7150      5172.8654        -220686.8266       312.9671   -225859.6920   -220614.2651       308.0867           -233.4655     -2010.7996     57204.5172      -340.2197      -330.9013

TIMING: 7900  CPU: 114.377, 0.0147977/step  Wall: 114.4, 0.0147984/step, 0.00863241 hours remaining, 0.060436 MB of memory in use.
PERFORMANCE: 7900  averaging 5.97047 ns/day, 0.0144712 sec/step with standard deviation 0.000294419
ENERGY:    7900      1980.0899       573.3243         0.0000         0.0000        -232334.0679      4017.8393      1018.2839      -991.7866      5142.4719        -220593.8452       311.1283   -225736.3171   -220525.6855       308.5790           1620.3579     -1241.9783     57204.5172     -2035.1499     -2039.2452

TIMING: 8000  CPU: 115.823, 0.0144586/step  Wall: 115.846, 0.0144568/step, 0.00803154 hours remaining, 0.060436 MB of memory in use.
PERFORMANCE: 8000  averaging 5.97054 ns/day, 0.014471 sec/step with standard deviation 0.000292554
ETITLE:      TS           BOND          ANGLE          DIHED          IMPRP               ELECT            VDW       BOUNDARY           MISC        KINETIC               TOTAL           TEMP      POTENTIAL         TOTAL3        TEMPAVG            PRESSURE      GPRESSURE         VOLUME       PRESSAVG      GPRESSAVG

ENERGY:    8000      1933.5783       553.5170         0.0000         0.0000        -232319.4323      4076.1435       977.2785      -957.2326      5136.6328        -220599.5147       310.7750   -225736.1475   -220536.9175       309.6167           3613.0413       237.9517     57204.5172      -197.1554      -214.8380

WRITING EXTENDED SYSTEM TO RESTART FILE AT STEP 8000
WRITING COORDINATES TO DCD FILE run0.dcd AT STEP 8000
WRITING COORDINATES TO RESTART FILE AT STEP 8000
FINISHED WRITING RESTART COORDINATES
The last position output (seq=8000) takes 0.001 seconds, 0.060 MB of memory in use
WRITING VELOCITIES TO RESTART FILE AT STEP 8000
FINISHED WRITING RESTART VELOCITIES
TIMING: 8100  CPU: 117.284, 0.0146102/step  Wall: 117.309, 0.0146303/step, 0.00772155 hours remaining, 0.060436 MB of memory in use.
PERFORMANCE: 8100  averaging 5.96973 ns/day, 0.014473 sec/step with standard deviation 0.000291258
ENERGY:    8100      1951.0935       541.9989         0.0000         0.0000        -232333.2812      3970.0225      1034.1953      -988.2501      5189.5975        -220634.6235       313.9795   -225824.2210   -220572.1308       308.2724            754.4456     -1639.6635     57204.5172      -742.5058      -749.2831

TIMING: 8200  CPU: 118.764, 0.0147965/step  Wall: 118.789, 0.0147996/step, 0.00739978 hours remaining, 0.060436 MB of memory in use.
PERFORMANCE: 8200  averaging 5.96809 ns/day, 0.014477 sec/step with standard deviation 0.000291692
ENERGY:    8200      2022.3659       580.7338         0.0000         0.0000        -232568.8311      4206.4416      1018.2809      -979.4000      5074.5061        -220645.9028       307.0162   -225720.4088   -220579.4931       309.8697            654.1584      -927.7827     57204.5172     -1525.0543     -1502.9499

LDB: ============= START OF LOAD BALANCING ============== 120.232
LDB: ============== END OF LOAD BALANCING =============== 120.232
LDB: =============== DONE WITH MIGRATION ================ 120.232
TIMING: 8300  CPU: 120.212, 0.0144867/step  Wall: 120.237, 0.0144872/step, 0.00684116 hours remaining, 0.060436 MB of memory in use.
PERFORMANCE: 8300  averaging 5.96804 ns/day, 0.0144771 sec/step with standard deviation 0.00028991
ENERGY:    8300      1998.1610       586.4451         0.0000         0.0000        -232680.4424      4196.8929      1003.2300      -972.1391      5176.1877        -220691.6648       313.1682   -225867.8525   -220622.1409       310.0852           2176.0733        73.4230     57204.5172       225.3045       226.2337

LDB: ============= START OF LOAD BALANCING ============== 121.674
LDB: ============== END OF LOAD BALANCING =============== 121.674
LDB: =============== DONE WITH MIGRATION ================ 121.674
TIMING: 8400  CPU: 121.651, 0.0143874/step  Wall: 121.676, 0.0143918/step, 0.00639637 hours remaining, 0.060436 MB of memory in use.
PERFORMANCE: 8400  averaging 5.96846 ns/day, 0.0144761 sec/step with standard deviation 0.000288309
ENERGY:    8400      2029.4319       561.3550         0.0000         0.0000        -232537.0612      4121.1009      1034.0100      -964.4132      5064.1637        -220691.4127       306.3905   -225755.5764   -220624.2964       309.7604            679.0045     -1046.4556     57204.5172      -338.3312      -333.9103

TIMING: 8500  CPU: 123.101, 0.0144971/step  Wall: 123.127, 0.0145037/step, 0.00604322 hours remaining, 0.060436 MB of memory in use.
PERFORMANCE: 8500  averaging 5.96832 ns/day, 0.0144764 sec/step with standard deviation 0.000286603
ENERGY:    8500      2019.3778       576.4650         0.0000         0.0000        -232533.8935      4092.0508       974.2097      -980.1469      5154.7109        -220697.2261       311.8688   -225851.9370   -220632.8947       308.4424           1138.6043     -1207.7845     57204.5172      -968.7971      -970.5026

TIMING: 8600  CPU: 124.598, 0.0149694/step  Wall: 124.624, 0.0149713/step, 0.00582217 hours remaining, 0.060436 MB of memory in use.
PERFORMANCE: 8600  averaging 5.96595 ns/day, 0.0144822 sec/step with standard deviation 0.000289867
ENERGY:    8600      1974.9780       606.4175         0.0000         0.0000        -232564.0514      4143.2366      1023.4873      -966.4726      5052.0097        -220730.3948       305.6552   -225782.4045   -220658.7254       308.0629           1924.7569      -306.9862     57204.5172      -460.5343      -461.7331

TIMING: 8700  CPU: 126.053, 0.0145494/step  Wall: 126.078, 0.0145437/step, 0.00525187 hours remaining, 0.060436 MB of memory in use.
PERFORMANCE: 8700  averaging 5.96566 ns/day, 0.0144829 sec/step with standard deviation 0.000288252
ENERGY:    8700      1917.9727       596.9457         0.0000         0.0000        -232561.6464      4126.6539      1001.2564      -977.3956      5121.3608        -220774.8524       309.8510   -225896.2132   -220709.0304       307.7492           2380.3526      -361.4740     57204.5172      -559.0619      -558.7412

TIMING: 8800  CPU: 127.54, 0.0148718/step  Wall: 127.568, 0.0148925/step, 0.00496416 hours remaining, 0.060436 MB of memory in use.
PERFORMANCE: 8800  averaging 5.96374 ns/day, 0.0144875 sec/step with standard deviation 0.000289897
ENERGY:    8800      1946.8113       578.1947         0.0000         0.0000        -232395.2268      4033.5738       991.9510      -994.2328      5045.7818        -220793.1471       305.2784   -225838.9289   -220732.7163       305.1425           1950.8000     -1232.9840     57204.5172     -1132.2121     -1145.2141

TIMING: 8900  CPU: 128.989, 0.0144927/step  Wall: 129.019, 0.0145137/step, 0.00443474 hours remaining, 0.060436 MB of memory in use.
PERFORMANCE: 8900  averaging 5.96362 ns/day, 0.0144878 sec/step with standard deviation 0.000288259
ENERGY:    8900      1994.6827       566.4937         0.0000         0.0000        -232490.8004      4031.0790      1021.8699      -973.5270      5058.7130        -220791.4891       306.0607   -225850.2021   -220725.0646       304.5557           1528.2022     -1017.0755     57204.5172     -1284.2652     -1288.5392

TIMING: 9000  CPU: 130.449, 0.0145985/step  Wall: 130.478, 0.0145946/step, 0.00405406 hours remaining, 0.060436 MB of memory in use.
PERFORMANCE: 9000  averaging 5.96313 ns/day, 0.014489 sec/step with standard deviation 0.000286855
ETITLE:      TS           BOND          ANGLE          DIHED          IMPRP               ELECT            VDW       BOUNDARY           MISC        KINETIC               TOTAL           TEMP      POTENTIAL         TOTAL3        TEMPAVG            PRESSURE      GPRESSURE         VOLUME       PRESSAVG      GPRESSAVG

ENERGY:    9000      2038.3020       583.2841         0.0000         0.0000        -232661.0598      4195.4380      1018.8001      -984.5814      5032.3400        -220777.4770       304.4651   -225809.8169   -220717.2005       305.6526           1959.9473       119.0992     57204.5172       158.4054       167.3259

WRITING EXTENDED SYSTEM TO RESTART FILE AT STEP 9000
WRITING COORDINATES TO DCD FILE run0.dcd AT STEP 9000
WRITING COORDINATES TO RESTART FILE AT STEP 9000
FINISHED WRITING RESTART COORDINATES
The last position output (seq=9000) takes 0.001 seconds, 0.060 MB of memory in use
WRITING VELOCITIES TO RESTART FILE AT STEP 9000
FINISHED WRITING RESTART VELOCITIES
TIMING: 9100  CPU: 131.873, 0.0142386/step  Wall: 131.904, 0.0142524/step, 0.00356311 hours remaining, 0.060436 MB of memory in use.
PERFORMANCE: 9100  averaging 5.9642 ns/day, 0.0144864 sec/step with standard deviation 0.000286333
ENERGY:    9100      1976.1542       563.1358         0.0000         0.0000        -232354.8412      3910.6974      1053.0829      -975.6072      5066.0259        -220761.3522       306.5032   -225827.3782   -220692.7092       305.6481             28.5096     -2003.4504     57204.5172      -851.9179      -849.1131

TIMING: 9200  CPU: 133.344, 0.0147112/step  Wall: 133.375, 0.0147161/step, 0.00327024 hours remaining, 0.060436 MB of memory in use.
PERFORMANCE: 9200  averaging 5.96318 ns/day, 0.0144889 sec/step with standard deviation 0.000285761
ENERGY:    9200      2029.1606       550.6513         0.0000         0.0000        -232309.8199      3881.0080       986.5775      -974.1678      5054.9547        -220781.6355       305.8334   -225836.5902   -220718.2968       305.7740           -380.7416     -2101.2856     57204.5172     -2148.4991     -2142.9948

TIMING: 9300  CPU: 134.838, 0.0149397/step  Wall: 134.871, 0.0149577/step, 0.00290844 hours remaining, 0.060436 MB of memory in use.
PERFORMANCE: 9300  averaging 5.9611 ns/day, 0.014494 sec/step with standard deviation 0.00028833
ENERGY:    9300      1953.8129       591.2811         0.0000         0.0000        -232646.5296      4226.2557      1012.4394      -997.6781      5063.9122        -220796.5063       306.3753   -225860.4185   -220726.6739       306.4261           1531.7404      -581.4224     57204.5172     -1093.3749     -1087.3157

TIMING: 9400  CPU: 136.292, 0.0145388/step  Wall: 136.325, 0.0145348/step, 0.00242247 hours remaining, 0.060436 MB of memory in use.
PERFORMANCE: 9400  averaging 5.96092 ns/day, 0.0144944 sec/step with standard deviation 0.000286807
ENERGY:    9400      1995.5476       605.8482         0.0000         0.0000        -232487.3536      3976.1483      1028.9079      -962.7119      5044.0969        -220799.5165       305.1764   -225843.6134   -220735.3012       308.2922           1498.0454     -1326.7036     57204.5172      -653.0268      -664.7019

TIMING: 9500  CPU: 137.754, 0.0146192/step  Wall: 137.787, 0.0146215/step, 0.00203076 hours remaining, 0.060436 MB of memory in use.
PERFORMANCE: 9500  averaging 5.96037 ns/day, 0.0144957 sec/step with standard deviation 0.000285575
ENERGY:    9500      1942.2699       567.7448         0.0000         0.0000        -232453.5130      4024.4088      1020.4380      -976.4279      5090.6222        -220784.4572       307.9913   -225875.0794   -220713.6515       304.3898           1510.6728     -1189.2820     57204.5172     -1215.0286     -1219.5332

TIMING: 9600  CPU: 139.236, 0.014828/step  Wall: 139.269, 0.0148244/step, 0.00164715 hours remaining, 0.060436 MB of memory in use.
PERFORMANCE: 9600  averaging 5.95897 ns/day, 0.0144992 sec/step with standard deviation 0.000286041
ENERGY:    9600      1986.8994       595.6758         0.0000         0.0000        -232601.1440      4190.6488      1004.6234      -991.8485      5015.0836        -220800.0615       303.4211   -225815.1452   -220739.0211       305.4112           2026.6344      -342.4581     57204.5172      -496.4301      -494.8836

TIMING: 9700  CPU: 140.665, 0.014289/step  Wall: 140.699, 0.0142994/step, 0.00119161 hours remaining, 0.060436 MB of memory in use.
PERFORMANCE: 9700  averaging 5.95981 ns/day, 0.0144971 sec/step with standard deviation 0.00028527
ENERGY:    9700      1984.8835       600.1879         0.0000         0.0000        -232382.2337      3998.7437       997.8107     -1004.4419      4981.8329        -220823.2170       301.4094   -225805.0500   -220759.1118       305.6328            576.9310     -1796.5187     57204.5172     -1015.8706     -1017.9004

TIMING: 9800  CPU: 142.1, 0.0143481/step  Wall: 142.134, 0.0143472/step, 0.000797065 hours remaining, 0.060436 MB of memory in use.
PERFORMANCE: 9800  averaging 5.96044 ns/day, 0.0144956 sec/step with standard deviation 0.000284199
ENERGY:    9800      1975.7287       558.8949         0.0000         0.0000        -232423.6435      4007.3101      1003.4256     -1004.7216      5046.7448        -220836.2609       305.3366   -225883.0057   -220767.7943       302.0197            849.8131     -1304.9165     57204.5172     -1397.9293     -1395.5533

TIMING: 9900  CPU: 143.526, 0.0142579/step  Wall: 143.559, 0.0142565/step, 0.000396014 hours remaining, 0.060436 MB of memory in use.
PERFORMANCE: 9900  averaging 5.96144 ns/day, 0.0144932 sec/step with standard deviation 0.000283765
ENERGY:    9900      1979.6288       564.9388         0.0000         0.0000        -232467.8630      4147.2843      1017.3548     -1031.1343      4951.0979        -220838.6928       299.5498   -225789.7907   -220774.2759       302.2443           1413.2665      -591.7147     57204.5172      -950.8269      -947.2774

TIMING: 10000  CPU: 144.938, 0.0141178/step  Wall: 144.972, 0.0141256/step, 0 hours remaining, 0.060436 MB of memory in use.
PERFORMANCE: 10000  averaging 5.96295 ns/day, 0.0144895 sec/step with standard deviation 0.00028471
ETITLE:      TS           BOND          ANGLE          DIHED          IMPRP               ELECT            VDW       BOUNDARY           MISC        KINETIC               TOTAL           TEMP      POTENTIAL         TOTAL3        TEMPAVG            PRESSURE      GPRESSURE         VOLUME       PRESSAVG      GPRESSAVG

ENERGY:   10000      1994.6570       560.0893         0.0000         0.0000        -232449.2599      4071.5479      1017.2548     -1049.8126      5033.4544        -220822.0692       304.5325   -225855.5236   -220754.2755       304.7377           1034.9267     -1379.0635     57204.5172     -1036.1544     -1040.1402

WRITING EXTENDED SYSTEM TO RESTART FILE AT STEP 10000
WRITING COORDINATES TO DCD FILE run0.dcd AT STEP 10000
WRITING COORDINATES TO RESTART FILE AT STEP 10000
FINISHED WRITING RESTART COORDINATES
The last position output (seq=10000) takes 0.001 seconds, 0.060 MB of memory in use
WRITING VELOCITIES TO RESTART FILE AT STEP 10000
FINISHED WRITING RESTART VELOCITIES
WRITING EXTENDED SYSTEM TO OUTPUT FILE AT STEP 10000
CLOSING EXTENDED SYSTEM TRAJECTORY FILE
WRITING COORDINATES TO OUTPUT FILE AT STEP 10000
CLOSING COORDINATE DCD FILE run0.dcd
WRITING VELOCITIES TO OUTPUT FILE AT STEP 10000
====================================================

WallClock: 145.045670  CPUTime: 144.980988  Memory: 0.060436 MB
[Partition 0][Node 0] End of program
